#
# A fatal error has been detected by the Java Runtime Environment:
#
#  SIGSEGV (0xb) at pc=0x00007f96fc386c42, pid=186874, tid=186876
#
# JRE version: OpenJDK Runtime Environment Corretto-17.0.5.8.1 (17.0.5+8) (build 17.0.5+8-LTS)
# Java VM: OpenJDK 64-Bit Server VM Corretto-17.0.5.8.1 (17.0.5+8-LTS, mixed mode, sharing, tiered, compressed oops, compressed class ptrs, g1 gc, linux-amd64)
# Problematic frame:
# C  [libc.so.6+0x186c42]
#
# Core dump will be written. Default location: Core dumps may be processed with "/usr/share/apport/apport -p%p -s%s -c%c -d%d -P%P -u%u -g%g -- %E" (or dumping to /home/kryo/Desktop/meshchat/client/core.186874)
#
# If you would like to submit a bug report, please visit:
#   https://github.com/corretto/corretto-17/issues/
# The crash happened outside the Java Virtual Machine in native code.
# See problematic frame for where to report the bug.
#

---------------  S U M M A R Y ------------

Command Line: -Dfile.encoding=UTF-8 -Duser.country=US -Duser.language=en -Duser.variant --module-path=/home/kryo/Desktop/meshchat/client/build/libs/client-1.0-SNAPSHOT.jar:/home/kryo/Desktop/meshchat/client/build/classes/java/main:/home/kryo/.gradle/caches/modules-2/files-2.1/org.openjfx/javafx-fxml/17.0.2/1c65c10f9656d7d6c1424d4711cc56a9ee99220d/javafx-fxml-17.0.2-linux.jar:/home/kryo/.gradle/caches/modules-2/files-2.1/org.openjfx/javafx-controls/17.0.2/c39c919f987496f86f04babacf2dd27d2bdb263e/javafx-controls-17.0.2-linux.jar:/home/kryo/.gradle/caches/modules-2/files-2.1/org.openjfx/javafx-controls/17.0.2/f52640ea07a0d7fe2ac8b9f945ec58fa22ac1afd/javafx-controls-17.0.2.jar:/home/kryo/.gradle/caches/modules-2/files-2.1/org.openjfx/javafx-graphics/17.0.2/ac7e322130657d7ac694d1aa32799d32c02a12c9/javafx-graphics-17.0.2-linux.jar:/home/kryo/.gradle/caches/modules-2/files-2.1/org.openjfx/javafx-graphics/17.0.2/1eb7ce07e07ccc2fcb26103f07535e72069519d6/javafx-graphics-17.0.2.jar:/home/kryo/.gradle/caches/modules-2/files-2.1/org.openjfx/javafx-base/17.0.2/710e894e37e7027340e9697d29a11e024d3bd7ae/javafx-base-17.0.2-linux.jar:/home/kryo/.gradle/caches/modules-2/files-2.1/org.openjfx/javafx-base/17.0.2/ca46f15a306175ac1513211e1d190a5baacd77cc/javafx-base-17.0.2.jar:/home/kryo/.gradle/caches/modules-2/files-2.1/org.controlsfx/controlsfx/11.1.1/d303c563c23d5176346e8d05932afbec421060ae/controlsfx-11.1.1.jar:/home/kryo/.gradle/caches/modules-2/files-2.1/org.kordamp.bootstrapfx/bootstrapfx-core/0.4.0/8d019b30266c00770cf29921d1008ad7feed0ed6/bootstrapfx-core-0.4.0.jar:/home/kryo/.gradle/caches/modules-2/files-2.1/com.github.jnr/jnr-ffi/2.2.13/3d2c01e80845af089c77c742922344388d9bdc75/jnr-ffi-2.2.13.jar:/home/kryo/.gradle/caches/modules-2/files-2.1/com.github.jnr/jffi/1.3.10/a1de4ce6cd1f949d9406952d6c0dae3898405632/jffi-1.3.10.jar:/home/kryo/.gradle/caches/modules-2/files-2.1/com.github.jnr/jffi/1.3.10/496c42f37f71721f4536cfa415b91bc3dcffe2ef/jffi-1.3.10-native.jar:/home/kryo/.gradle/caches/modules-2/files-2.1/org.ow2.asm/asm-commons/9.2/f4d7f0fc9054386f2893b602454d48e07-Djdk.module.main=com.meshchat.client com.meshchat.client/com.meshchat.client.experiments.JNRTypeConverter

Host: 11th Gen Intel(R) Core(TM) i5-1135G7 @ 2.40GHz, 8 cores, 7G, Ubuntu 22.10
Time: Fri Dec 23 10:16:35 2022 +07 elapsed time: 0.245376 seconds (0d 0h 0m 0s)

---------------  T H R E A D  ---------------

Current thread (0x00007f96f4026fd0):  JavaThread "main" [_thread_in_native, id=186876, stack(0x00007f96fc500000,0x00007f96fc600000)]

Stack: [0x00007f96fc500000,0x00007f96fc600000],  sp=0x00007f96fc5fdf88,  free space=1015k
Native frames: (J=compiled Java code, j=interpreted, Vv=VM code, C=native code)
C  [libc.so.6+0x186c42]
C  [jffi9618246774204974652.so+0x11052]

Java frames: (J=compiled Java code, j=interpreted, Vv=VM code)
j  com.kenai.jffi.Foreign.invokeArrayWithObjectsInt64(JJ[BI[I[Ljava/lang/Object;)J+0 org.jnrproject.jffi@1.3.10
j  com.kenai.jffi.Invoker.invokeArrayWithObjectsInt64(JJLcom/kenai/jffi/HeapInvocationBuffer;Lcom/kenai/jffi/ObjectBuffer;)J+131 org.jnrproject.jffi@1.3.10
j  com.kenai.jffi.Invoker.invokeLong(Lcom/kenai/jffi/CallContext;JLcom/kenai/jffi/HeapInvocationBuffer;)J+22 org.jnrproject.jffi@1.3.10
j  com.kenai.jffi.Invoker$LP64.invokeAddress(Lcom/kenai/jffi/CallContext;JLcom/kenai/jffi/HeapInvocationBuffer;)J+5 org.jnrproject.jffi@1.3.10
j  com.meshchat.client.experiments.JNRTypeConverter$LibC$jnr$ffi$0.create_common_t(BFDBSIJBSIJLjava/lang/String;Ljava/lang/String;Ljava/lang/String;Ljava/lang/String;)Lcom/meshchat/client/experiments/CommonJNR;+197
j  com.meshchat.client.experiments.JNRTypeConverter.main([Ljava/lang/String;)V+43 com.meshchat.client@1.0-SNAPSHOT
v  ~StubRoutines::call_stub

siginfo: si_signo: 11 (SIGSEGV), si_code: 1 (SEGV_MAPERR), si_addr: 0x0000000000000000

Register to memory mapping:

RAX=0x0 is NULL
RBX=0x00007f96fc5fe0c0 is pointing into the stack for thread: 0x00007f96f4026fd0
RCX=0x0000000000000030 is an unknown value
RDX=0x0000000000414141 is an unknown value
RSP=0x00007f96fc5fdf88 is pointing into the stack for thread: 0x00007f96f4026fd0
RBP=0x00007f96fc5fdfd0 is pointing into the stack for thread: 0x00007f96f4026fd0
RSI=0x00007f96fc5fe1b0 is pointing into the stack for thread: 0x00007f96f4026fd0
RDI=0x0 is NULL
R8 =0x00007f96f4000090 points into unknown readable memory: 0x00007f96f43988f0 | f0 88 39 f4 96 7f 00 00
R9 =0x0000000000000070 is an unknown value
R10=0x000000000000000a is an unknown value
R11=0x00007f96fc3868a0: <offset 0x00000000001868a0> in /lib/x86_64-linux-gnu/libc.so.6 at 0x00007f96fc200000
R12=0x00007f96fc5fe238 is pointing into the stack for thread: 0x00007f96f4026fd0
R13=0x0000000000000008 is an unknown value
R14=0x00007f96fc834a2c: <offset 0x0000000000017a2c> in /tmp/jffi9618246774204974652.so at 0x00007f96fc81d000
R15=0x0000000000000002 is an unknown value


Registers:
RAX=0x0000000000000000, RBX=0x00007f96fc5fe0c0, RCX=0x0000000000000030, RDX=0x0000000000414141
RSP=0x00007f96fc5fdf88, RBP=0x00007f96fc5fdfd0, RSI=0x00007f96fc5fe1b0, RDI=0x0000000000000000
R8 =0x00007f96f4000090, R9 =0x0000000000000070, R10=0x000000000000000a, R11=0x00007f96fc3868a0
R12=0x00007f96fc5fe238, R13=0x0000000000000008, R14=0x00007f96fc834a2c, R15=0x0000000000000002
RIP=0x00007f96fc386c42, EFLAGS=0x0000000000010246, CSGSFS=0x002b000000000033, ERR=0x0000000000000006
  TRAPNO=0x000000000000000e

Top of Stack: (sp=0x00007f96fc5fdf88)
0x00007f96fc5fdf88:   00007f96fc409b83 0000000900000000
0x00007f96fc5fdf98:   0000000000000007 0000000600000008
0x00007f96fc5fdfa8:   0000000400000005 400a666666666666
0x00007f96fc5fdfb8:   000000613f99999a 0000000000000000 

Instructions: (pc=0x00007f96fc386c42)
0x00007f96fc386b42:   85 d2 75 6a 48 83 e6 e0 83 e1 1f e9 ae fd ff ff
0x00007f96fc386b52:   66 66 2e 0f 1f 84 00 00 00 00 00 0f 1f 00 48 01
0x00007f96fc386b62:   cf 48 01 ce 0f bc d2 83 fa 20 0f 83 3e 01 00 00
0x00007f96fc386b72:   83 fa 10 0f 83 05 01 00 00 83 fa 08 0f 83 dc 00
0x00007f96fc386b82:   00 00 83 fa 04 0f 83 c3 00 00 00 83 fa 03 0f 84
0x00007f96fc386b92:   aa 00 00 00 83 fa 01 0f 87 91 00 00 00 74 7f c6
0x00007f96fc386ba2:   07 00 c3 66 66 2e 0f 1f 84 00 00 00 00 00 48 83
0x00007f96fc386bb2:   c6 20 48 83 c7 20 eb ac 66 0f 1f 44 00 00 0f bc
0x00007f96fc386bc2:   d2 48 01 ce 83 c2 20 29 ca eb 9c 0f 1f 00 0f bc
0x00007f96fc386bd2:   d2 eb 94 66 66 2e 0f 1f 84 00 00 00 00 00 0f bc
0x00007f96fc386be2:   d1 62 e1 fe 28 7f 27 48 83 c6 20 48 83 c7 20 e9
0x00007f96fc386bf2:   73 ff ff ff 66 2e 0f 1f 84 00 00 00 00 00 0f bc
0x00007f96fc386c02:   d2 62 e1 fe 28 7f 27 62 e1 fe 28 7f 6f 01 48 83
0x00007f96fc386c12:   c6 40 48 83 c7 40 e9 4c ff ff ff 0f 1f 00 0f b7
0x00007f96fc386c22:   16 66 89 17 c3 66 0f 1f 84 00 00 00 00 00 0f b7
0x00007f96fc386c32:   0e 66 89 0f c6 47 02 00 c3 0f 1f 44 00 00 8b 16
0x00007f96fc386c42:   89 17 c3 66 66 2e 0f 1f 84 00 00 00 00 00 8b 0e
0x00007f96fc386c52:   89 0f 8b 4c 16 fd 89 4c 17 fd c3 0f 1f 00 48 8b
0x00007f96fc386c62:   0e 4c 8b 4c 16 f9 48 89 0f 4c 89 4c 17 f9 c3 66
0x00007f96fc386c72:   66 2e 0f 1f 84 00 00 00 00 00 0f 1f 40 00 62 e1
0x00007f96fc386c82:   fe 08 6f 16 62 e1 fe 08 6f 9c 16 f1 ff ff ff 62
0x00007f96fc386c92:   e1 fe 08 7f 17 62 e1 fe 08 7f 9c 17 f1 ff ff ff
0x00007f96fc386ca2:   c3 66 66 2e 0f 1f 84 00 00 00 00 00 66 90 62 e1
0x00007f96fc386cb2:   fe 28 6f 16 62 e1 fe 28 6f 9c 16 e1 ff ff ff 62
0x00007f96fc386cc2:   e1 fe 28 7f 17 62 e1 fe 28 7f 9c 17 e1 ff ff ff
0x00007f96fc386cd2:   c3 66 2e 0f 1f 84 00 00 00 00 00 0f 1f 00 f3 0f
0x00007f96fc386ce2:   1e fa 89 f8 62 a1 fd 00 ef c0 25 ff 0f 00 00 3d
0x00007f96fc386cf2:   e0 0f 00 00 0f 87 34 01 00 00 62 f3 7d 20 3f 07
0x00007f96fc386d02:   00 c5 fb 93 c0 85 c0 74 55 f3 0f bc c0 c3 f3 0f
0x00007f96fc386d12:   bc c0 29 d7 8d 44 07 20 c3 0f 1f 44 00 00 f3 0f
0x00007f96fc386d22:   bc c0 29 d7 8d 44 07 40 c3 0f 1f 44 00 00 f3 0f
0x00007f96fc386d32:   bc c0 29 d7 8d 44 07 60 c3 0f 1f 44 00 00 f3 0f 


Stack slot to memory mapping:
stack at sp + 0 slots: 0x00007f96fc409b83: create_common_t+0x00000000000000f0 in /home/kryo/Desktop/meshchat/client/src/main/resources/libtypemapping.so at 0x00007f96fc408000
stack at sp + 1 slots: 0x0000000900000000 is an unknown value
stack at sp + 2 slots: 0x0000000000000007 is an unknown value
stack at sp + 3 slots: 0x0000000600000008 is an unknown value
stack at sp + 4 slots: 0x0000000400000005 is an unknown value
stack at sp + 5 slots: 0x400a666666666666 is an unknown value
stack at sp + 6 slots: 0x000000613f99999a is an unknown value
stack at sp + 7 slots: 0x0 is NULL


---------------  P R O C E S S  ---------------

Threads class SMR info:
_java_thread_list=0x00007f96f41aa6a0, length=11, elements={
0x00007f96f4026fd0, 0x00007f96f4135c40, 0x00007f96f4137020, 0x00007f96f413c370,
0x00007f96f413d720, 0x00007f96f413eb30, 0x00007f96f41404e0, 0x00007f96f4141a10,
0x00007f96f414ae70, 0x00007f96f4156e80, 0x00007f96f41a96f0
}

Java Threads: ( => current thread )
=>0x00007f96f4026fd0 JavaThread "main" [_thread_in_native, id=186876, stack(0x00007f96fc500000,0x00007f96fc600000)]
  0x00007f96f4135c40 JavaThread "Reference Handler" daemon [_thread_blocked, id=186883, stack(0x00007f96f81a6000,0x00007f96f82a6000)]
  0x00007f96f4137020 JavaThread "Finalizer" daemon [_thread_blocked, id=186884, stack(0x00007f96f80a6000,0x00007f96f81a6000)]
  0x00007f96f413c370 JavaThread "Signal Dispatcher" daemon [_thread_blocked, id=186885, stack(0x00007f96d8f00000,0x00007f96d9000000)]
  0x00007f96f413d720 JavaThread "Service Thread" daemon [_thread_blocked, id=186886, stack(0x00007f96d8100000,0x00007f96d8200000)]
  0x00007f96f413eb30 JavaThread "Monitor Deflation Thread" daemon [_thread_blocked, id=186887, stack(0x00007f96d8000000,0x00007f96d8100000)]
  0x00007f96f41404e0 JavaThread "C2 CompilerThread0" daemon [_thread_blocked, id=186888, stack(0x00007f96c9f00000,0x00007f96ca000000)]
  0x00007f96f4141a10 JavaThread "C1 CompilerThread0" daemon [_thread_blocked, id=186889, stack(0x00007f96c9e00000,0x00007f96c9f00000)]
  0x00007f96f414ae70 JavaThread "Sweeper thread" daemon [_thread_blocked, id=186890, stack(0x00007f96c9d00000,0x00007f96c9e00000)]
  0x00007f96f4156e80 JavaThread "Common-Cleaner" daemon [_thread_blocked, id=186891, stack(0x00007f96c9900000,0x00007f96c9a00000)]
  0x00007f96f41a96f0 JavaThread "Notification Thread" daemon [_thread_blocked, id=186892, stack(0x00007f96c9500000,0x00007f96c9600000)]

Other Threads:
  0x00007f96f4131b90 VMThread "VM Thread" [stack: 0x00007f96f82a8000,0x00007f96f83a8000] [id=186882]
  0x00007f96f4029bf0 WatcherThread [stack: 0x00007f96c9100000,0x00007f96c9200000] [id=186893]
  0x00007f96f40802f0 GCTaskThread "GC Thread#0" [stack: 0x00007f96f8fba000,0x00007f96f90ba000] [id=186877]
  0x00007f96f40908f0 ConcurrentGCThread "G1 Main Marker" [stack: 0x00007f96f8eb8000,0x00007f96f8fb8000] [id=186878]
  0x00007f96f4091850 ConcurrentGCThread "G1 Conc#0" [stack: 0x00007f96f8db6000,0x00007f96f8eb6000] [id=186879]
  0x00007f96f4104760 ConcurrentGCThread "G1 Refine#0" [stack: 0x00007f96f84ac000,0x00007f96f85ac000] [id=186880]
  0x00007f96f4105650 ConcurrentGCThread "G1 Service" [stack: 0x00007f96f83aa000,0x00007f96f84aa000] [id=186881]

Threads with active compile tasks:

VM state: not at safepoint (normal execution)

VM Mutex/Monitor currently owned by a thread: None

Heap address: 0x0000000088000000, size: 1920 MB, Compressed Oops mode: 32-bit

CDS archive(s) mapped at: [0x0000000800000000-0x0000000800be1000-0x0000000800be1000), size 12455936, SharedBaseAddress: 0x0000000800000000, ArchiveRelocationMode: 0.
Compressed class space mapped at: 0x0000000800c00000-0x0000000840c00000, reserved size: 1073741824
Narrow klass base: 0x0000000800000000, Narrow klass shift: 0, Narrow klass range: 0x100000000

GC Precious Log:
 CPUs: 8 total, 8 available
 Memory: 7672M
 Large Page Support: Disabled
 NUMA Support: Disabled
 Compressed Oops: Enabled (32-bit)
 Heap Region Size: 1M
 Heap Min Capacity: 8M
 Heap Initial Capacity: 120M
 Heap Max Capacity: 1920M
 Pre-touch: Disabled
 Parallel Workers: 8
 Concurrent Workers: 2
 Concurrent Refinement Workers: 8
 Periodic GC: Disabled

Heap:
 garbage-first heap   total 124928K, used 19424K [0x0000000088000000, 0x0000000100000000)
  region size 1024K, 20 young (20480K), 0 survivors (0K)
 Metaspace       used 4459K, committed 4608K, reserved 1056768K
  class space    used 453K, committed 512K, reserved 1048576K

Heap Regions: E=young(eden), S=young(survivor), O=old, HS=humongous(starts), HC=humongous(continues), CS=collection set, F=free, OA=open archive, CA=closed archive, TAMS=top-at-mark-start (previous, next)
|   0|0x0000000088000000, 0x0000000088000000, 0x0000000088100000|  0%| F|  |TAMS 0x0000000088000000, 0x0000000088000000| Untracked 
|   1|0x0000000088100000, 0x0000000088100000, 0x0000000088200000|  0%| F|  |TAMS 0x0000000088100000, 0x0000000088100000| Untracked 
|   2|0x0000000088200000, 0x0000000088200000, 0x0000000088300000|  0%| F|  |TAMS 0x0000000088200000, 0x0000000088200000| Untracked 
|   3|0x0000000088300000, 0x0000000088300000, 0x0000000088400000|  0%| F|  |TAMS 0x0000000088300000, 0x0000000088300000| Untracked 
|   4|0x0000000088400000, 0x0000000088400000, 0x0000000088500000|  0%| F|  |TAMS 0x0000000088400000, 0x0000000088400000| Untracked 
|   5|0x0000000088500000, 0x0000000088500000, 0x0000000088600000|  0%| F|  |TAMS 0x0000000088500000, 0x0000000088500000| Untracked 
|   6|0x0000000088600000, 0x0000000088600000, 0x0000000088700000|  0%| F|  |TAMS 0x0000000088600000, 0x0000000088600000| Untracked 
|   7|0x0000000088700000, 0x0000000088700000, 0x0000000088800000|  0%| F|  |TAMS 0x0000000088700000, 0x0000000088700000| Untracked 
|   8|0x0000000088800000, 0x0000000088800000, 0x0000000088900000|  0%| F|  |TAMS 0x0000000088800000, 0x0000000088800000| Untracked 
|   9|0x0000000088900000, 0x0000000088900000, 0x0000000088a00000|  0%| F|  |TAMS 0x0000000088900000, 0x0000000088900000| Untracked 
|  10|0x0000000088a00000, 0x0000000088a00000, 0x0000000088b00000|  0%| F|  |TAMS 0x0000000088a00000, 0x0000000088a00000| Untracked 
|  11|0x0000000088b00000, 0x0000000088b00000, 0x0000000088c00000|  0%| F|  |TAMS 0x0000000088b00000, 0x0000000088b00000| Untracked 
|  12|0x0000000088c00000, 0x0000000088c00000, 0x0000000088d00000|  0%| F|  |TAMS 0x0000000088c00000, 0x0000000088c00000| Untracked 
|  13|0x0000000088d00000, 0x0000000088d00000, 0x0000000088e00000|  0%| F|  |TAMS 0x0000000088d00000, 0x0000000088d00000| Untracked 
|  14|0x0000000088e00000, 0x0000000088e00000, 0x0000000088f00000|  0%| F|  |TAMS 0x0000000088e00000, 0x0000000088e00000| Untracked 
|  15|0x0000000088f00000, 0x0000000088f00000, 0x0000000089000000|  0%| F|  |TAMS 0x0000000088f00000, 0x0000000088f00000| Untracked 
|  16|0x0000000089000000, 0x0000000089000000, 0x0000000089100000|  0%| F|  |TAMS 0x0000000089000000, 0x0000000089000000| Untracked 
|  17|0x0000000089100000, 0x0000000089100000, 0x0000000089200000|  0%| F|  |TAMS 0x0000000089100000, 0x0000000089100000| Untracked 
|  18|0x0000000089200000, 0x0000000089200000, 0x0000000089300000|  0%| F|  |TAMS 0x0000000089200000, 0x0000000089200000| Untracked 
|  19|0x0000000089300000, 0x0000000089300000, 0x0000000089400000|  0%| F|  |TAMS 0x0000000089300000, 0x0000000089300000| Untracked 
|  20|0x0000000089400000, 0x0000000089400000, 0x0000000089500000|  0%| F|  |TAMS 0x0000000089400000, 0x0000000089400000| Untracked 
|  21|0x0000000089500000, 0x0000000089500000, 0x0000000089600000|  0%| F|  |TAMS 0x0000000089500000, 0x0000000089500000| Untracked 
|  22|0x0000000089600000, 0x0000000089600000, 0x0000000089700000|  0%| F|  |TAMS 0x0000000089600000, 0x0000000089600000| Untracked 
|  23|0x0000000089700000, 0x0000000089700000, 0x0000000089800000|  0%| F|  |TAMS 0x0000000089700000, 0x0000000089700000| Untracked 
|  24|0x0000000089800000, 0x0000000089800000, 0x0000000089900000|  0%| F|  |TAMS 0x0000000089800000, 0x0000000089800000| Untracked 
|  25|0x0000000089900000, 0x0000000089900000, 0x0000000089a00000|  0%| F|  |TAMS 0x0000000089900000, 0x0000000089900000| Untracked 
|  26|0x0000000089a00000, 0x0000000089a00000, 0x0000000089b00000|  0%| F|  |TAMS 0x0000000089a00000, 0x0000000089a00000| Untracked 
|  27|0x0000000089b00000, 0x0000000089b00000, 0x0000000089c00000|  0%| F|  |TAMS 0x0000000089b00000, 0x0000000089b00000| Untracked 
|  28|0x0000000089c00000, 0x0000000089c00000, 0x0000000089d00000|  0%| F|  |TAMS 0x0000000089c00000, 0x0000000089c00000| Untracked 
|  29|0x0000000089d00000, 0x0000000089d00000, 0x0000000089e00000|  0%| F|  |TAMS 0x0000000089d00000, 0x0000000089d00000| Untracked 
|  30|0x0000000089e00000, 0x0000000089e00000, 0x0000000089f00000|  0%| F|  |TAMS 0x0000000089e00000, 0x0000000089e00000| Untracked 
|  31|0x0000000089f00000, 0x0000000089f00000, 0x000000008a000000|  0%| F|  |TAMS 0x0000000089f00000, 0x0000000089f00000| Untracked 
|  32|0x000000008a000000, 0x000000008a000000, 0x000000008a100000|  0%| F|  |TAMS 0x000000008a000000, 0x000000008a000000| Untracked 
|  33|0x000000008a100000, 0x000000008a100000, 0x000000008a200000|  0%| F|  |TAMS 0x000000008a100000, 0x000000008a100000| Untracked 
|  34|0x000000008a200000, 0x000000008a200000, 0x000000008a300000|  0%| F|  |TAMS 0x000000008a200000, 0x000000008a200000| Untracked 
|  35|0x000000008a300000, 0x000000008a300000, 0x000000008a400000|  0%| F|  |TAMS 0x000000008a300000, 0x000000008a300000| Untracked 
|  36|0x000000008a400000, 0x000000008a400000, 0x000000008a500000|  0%| F|  |TAMS 0x000000008a400000, 0x000000008a400000| Untracked 
|  37|0x000000008a500000, 0x000000008a500000, 0x000000008a600000|  0%| F|  |TAMS 0x000000008a500000, 0x000000008a500000| Untracked 
|  38|0x000000008a600000, 0x000000008a600000, 0x000000008a700000|  0%| F|  |TAMS 0x000000008a600000, 0x000000008a600000| Untracked 
|  39|0x000000008a700000, 0x000000008a700000, 0x000000008a800000|  0%| F|  |TAMS 0x000000008a700000, 0x000000008a700000| Untracked 
|  40|0x000000008a800000, 0x000000008a800000, 0x000000008a900000|  0%| F|  |TAMS 0x000000008a800000, 0x000000008a800000| Untracked 
|  41|0x000000008a900000, 0x000000008a900000, 0x000000008aa00000|  0%| F|  |TAMS 0x000000008a900000, 0x000000008a900000| Untracked 
|  42|0x000000008aa00000, 0x000000008aa00000, 0x000000008ab00000|  0%| F|  |TAMS 0x000000008aa00000, 0x000000008aa00000| Untracked 
|  43|0x000000008ab00000, 0x000000008ab00000, 0x000000008ac00000|  0%| F|  |TAMS 0x000000008ab00000, 0x000000008ab00000| Untracked 
|  44|0x000000008ac00000, 0x000000008ac00000, 0x000000008ad00000|  0%| F|  |TAMS 0x000000008ac00000, 0x000000008ac00000| Untracked 
|  45|0x000000008ad00000, 0x000000008ad00000, 0x000000008ae00000|  0%| F|  |TAMS 0x000000008ad00000, 0x000000008ad00000| Untracked 
|  46|0x000000008ae00000, 0x000000008ae00000, 0x000000008af00000|  0%| F|  |TAMS 0x000000008ae00000, 0x000000008ae00000| Untracked 
|  47|0x000000008af00000, 0x000000008af00000, 0x000000008b000000|  0%| F|  |TAMS 0x000000008af00000, 0x000000008af00000| Untracked 
|  48|0x000000008b000000, 0x000000008b000000, 0x000000008b100000|  0%| F|  |TAMS 0x000000008b000000, 0x000000008b000000| Untracked 
|  49|0x000000008b100000, 0x000000008b100000, 0x000000008b200000|  0%| F|  |TAMS 0x000000008b100000, 0x000000008b100000| Untracked 
|  50|0x000000008b200000, 0x000000008b200000, 0x000000008b300000|  0%| F|  |TAMS 0x000000008b200000, 0x000000008b200000| Untracked 
|  51|0x000000008b300000, 0x000000008b300000, 0x000000008b400000|  0%| F|  |TAMS 0x000000008b300000, 0x000000008b300000| Untracked 
|  52|0x000000008b400000, 0x000000008b400000, 0x000000008b500000|  0%| F|  |TAMS 0x000000008b400000, 0x000000008b400000| Untracked 
|  53|0x000000008b500000, 0x000000008b500000, 0x000000008b600000|  0%| F|  |TAMS 0x000000008b500000, 0x000000008b500000| Untracked 
|  54|0x000000008b600000, 0x000000008b600000, 0x000000008b700000|  0%| F|  |TAMS 0x000000008b600000, 0x000000008b600000| Untracked 
|  55|0x000000008b700000, 0x000000008b700000, 0x000000008b800000|  0%| F|  |TAMS 0x000000008b700000, 0x000000008b700000| Untracked 
|  56|0x000000008b800000, 0x000000008b800000, 0x000000008b900000|  0%| F|  |TAMS 0x000000008b800000, 0x000000008b800000| Untracked 
|  57|0x000000008b900000, 0x000000008b900000, 0x000000008ba00000|  0%| F|  |TAMS 0x000000008b900000, 0x000000008b900000| Untracked 
|  58|0x000000008ba00000, 0x000000008ba00000, 0x000000008bb00000|  0%| F|  |TAMS 0x000000008ba00000, 0x000000008ba00000| Untracked 
|  59|0x000000008bb00000, 0x000000008bb00000, 0x000000008bc00000|  0%| F|  |TAMS 0x000000008bb00000, 0x000000008bb00000| Untracked 
|  60|0x000000008bc00000, 0x000000008bc00000, 0x000000008bd00000|  0%| F|  |TAMS 0x000000008bc00000, 0x000000008bc00000| Untracked 
|  61|0x000000008bd00000, 0x000000008bd00000, 0x000000008be00000|  0%| F|  |TAMS 0x000000008bd00000, 0x000000008bd00000| Untracked 
|  62|0x000000008be00000, 0x000000008be00000, 0x000000008bf00000|  0%| F|  |TAMS 0x000000008be00000, 0x000000008be00000| Untracked 
|  63|0x000000008bf00000, 0x000000008bf00000, 0x000000008c000000|  0%| F|  |TAMS 0x000000008bf00000, 0x000000008bf00000| Untracked 
|  64|0x000000008c000000, 0x000000008c000000, 0x000000008c100000|  0%| F|  |TAMS 0x000000008c000000, 0x000000008c000000| Untracked 
|  65|0x000000008c100000, 0x000000008c100000, 0x000000008c200000|  0%| F|  |TAMS 0x000000008c100000, 0x000000008c100000| Untracked 
|  66|0x000000008c200000, 0x000000008c200000, 0x000000008c300000|  0%| F|  |TAMS 0x000000008c200000, 0x000000008c200000| Untracked 
|  67|0x000000008c300000, 0x000000008c300000, 0x000000008c400000|  0%| F|  |TAMS 0x000000008c300000, 0x000000008c300000| Untracked 
|  68|0x000000008c400000, 0x000000008c400000, 0x000000008c500000|  0%| F|  |TAMS 0x000000008c400000, 0x000000008c400000| Untracked 
|  69|0x000000008c500000, 0x000000008c500000, 0x000000008c600000|  0%| F|  |TAMS 0x000000008c500000, 0x000000008c500000| Untracked 
|  70|0x000000008c600000, 0x000000008c600000, 0x000000008c700000|  0%| F|  |TAMS 0x000000008c600000, 0x000000008c600000| Untracked 
|  71|0x000000008c700000, 0x000000008c700000, 0x000000008c800000|  0%| F|  |TAMS 0x000000008c700000, 0x000000008c700000| Untracked 
|  72|0x000000008c800000, 0x000000008c800000, 0x000000008c900000|  0%| F|  |TAMS 0x000000008c800000, 0x000000008c800000| Untracked 
|  73|0x000000008c900000, 0x000000008c900000, 0x000000008ca00000|  0%| F|  |TAMS 0x000000008c900000, 0x000000008c900000| Untracked 
|  74|0x000000008ca00000, 0x000000008ca00000, 0x000000008cb00000|  0%| F|  |TAMS 0x000000008ca00000, 0x000000008ca00000| Untracked 
|  75|0x000000008cb00000, 0x000000008cb00000, 0x000000008cc00000|  0%| F|  |TAMS 0x000000008cb00000, 0x000000008cb00000| Untracked 
|  76|0x000000008cc00000, 0x000000008cc00000, 0x000000008cd00000|  0%| F|  |TAMS 0x000000008cc00000, 0x000000008cc00000| Untracked 
|  77|0x000000008cd00000, 0x000000008cd00000, 0x000000008ce00000|  0%| F|  |TAMS 0x000000008cd00000, 0x000000008cd00000| Untracked 
|  78|0x000000008ce00000, 0x000000008ce00000, 0x000000008cf00000|  0%| F|  |TAMS 0x000000008ce00000, 0x000000008ce00000| Untracked 
|  79|0x000000008cf00000, 0x000000008cf00000, 0x000000008d000000|  0%| F|  |TAMS 0x000000008cf00000, 0x000000008cf00000| Untracked 
|  80|0x000000008d000000, 0x000000008d000000, 0x000000008d100000|  0%| F|  |TAMS 0x000000008d000000, 0x000000008d000000| Untracked 
|  81|0x000000008d100000, 0x000000008d100000, 0x000000008d200000|  0%| F|  |TAMS 0x000000008d100000, 0x000000008d100000| Untracked 
|  82|0x000000008d200000, 0x000000008d200000, 0x000000008d300000|  0%| F|  |TAMS 0x000000008d200000, 0x000000008d200000| Untracked 
|  83|0x000000008d300000, 0x000000008d300000, 0x000000008d400000|  0%| F|  |TAMS 0x000000008d300000, 0x000000008d300000| Untracked 
|  84|0x000000008d400000, 0x000000008d400000, 0x000000008d500000|  0%| F|  |TAMS 0x000000008d400000, 0x000000008d400000| Untracked 
|  85|0x000000008d500000, 0x000000008d500000, 0x000000008d600000|  0%| F|  |TAMS 0x000000008d500000, 0x000000008d500000| Untracked 
|  86|0x000000008d600000, 0x000000008d600000, 0x000000008d700000|  0%| F|  |TAMS 0x000000008d600000, 0x000000008d600000| Untracked 
|  87|0x000000008d700000, 0x000000008d700000, 0x000000008d800000|  0%| F|  |TAMS 0x000000008d700000, 0x000000008d700000| Untracked 
|  88|0x000000008d800000, 0x000000008d800000, 0x000000008d900000|  0%| F|  |TAMS 0x000000008d800000, 0x000000008d800000| Untracked 
|  89|0x000000008d900000, 0x000000008d900000, 0x000000008da00000|  0%| F|  |TAMS 0x000000008d900000, 0x000000008d900000| Untracked 
|  90|0x000000008da00000, 0x000000008da00000, 0x000000008db00000|  0%| F|  |TAMS 0x000000008da00000, 0x000000008da00000| Untracked 
|  91|0x000000008db00000, 0x000000008db00000, 0x000000008dc00000|  0%| F|  |TAMS 0x000000008db00000, 0x000000008db00000| Untracked 
|  92|0x000000008dc00000, 0x000000008dc00000, 0x000000008dd00000|  0%| F|  |TAMS 0x000000008dc00000, 0x000000008dc00000| Untracked 
|  93|0x000000008dd00000, 0x000000008dd00000, 0x000000008de00000|  0%| F|  |TAMS 0x000000008dd00000, 0x000000008dd00000| Untracked 
|  94|0x000000008de00000, 0x000000008de00000, 0x000000008df00000|  0%| F|  |TAMS 0x000000008de00000, 0x000000008de00000| Untracked 
|  95|0x000000008df00000, 0x000000008df00000, 0x000000008e000000|  0%| F|  |TAMS 0x000000008df00000, 0x000000008df00000| Untracked 
|  96|0x000000008e000000, 0x000000008e000000, 0x000000008e100000|  0%| F|  |TAMS 0x000000008e000000, 0x000000008e000000| Untracked 
|  97|0x000000008e100000, 0x000000008e100000, 0x000000008e200000|  0%| F|  |TAMS 0x000000008e100000, 0x000000008e100000| Untracked 
|  98|0x000000008e200000, 0x000000008e200000, 0x000000008e300000|  0%| F|  |TAMS 0x000000008e200000, 0x000000008e200000| Untracked 
|  99|0x000000008e300000, 0x000000008e300000, 0x000000008e400000|  0%| F|  |TAMS 0x000000008e300000, 0x000000008e300000| Untracked 
| 100|0x000000008e400000, 0x000000008e476a88, 0x000000008e500000| 46%| E|  |TAMS 0x000000008e400000, 0x000000008e400000| Complete 
| 101|0x000000008e500000, 0x000000008e600000, 0x000000008e600000|100%| E|CS|TAMS 0x000000008e500000, 0x000000008e500000| Complete 
| 102|0x000000008e600000, 0x000000008e700000, 0x000000008e700000|100%| E|CS|TAMS 0x000000008e600000, 0x000000008e600000| Complete 
| 103|0x000000008e700000, 0x000000008e800000, 0x000000008e800000|100%| E|CS|TAMS 0x000000008e700000, 0x000000008e700000| Complete 
| 104|0x000000008e800000, 0x000000008e900000, 0x000000008e900000|100%| E|CS|TAMS 0x000000008e800000, 0x000000008e800000| Complete 
| 105|0x000000008e900000, 0x000000008ea00000, 0x000000008ea00000|100%| E|CS|TAMS 0x000000008e900000, 0x000000008e900000| Complete 
| 106|0x000000008ea00000, 0x000000008eb00000, 0x000000008eb00000|100%| E|  |TAMS 0x000000008ea00000, 0x000000008ea00000| Complete 
| 107|0x000000008eb00000, 0x000000008ec00000, 0x000000008ec00000|100%| E|CS|TAMS 0x000000008eb00000, 0x000000008eb00000| Complete 
| 108|0x000000008ec00000, 0x000000008ed00000, 0x000000008ed00000|100%| E|CS|TAMS 0x000000008ec00000, 0x000000008ec00000| Complete 
| 109|0x000000008ed00000, 0x000000008ee00000, 0x000000008ee00000|100%| E|CS|TAMS 0x000000008ed00000, 0x000000008ed00000| Complete 
| 110|0x000000008ee00000, 0x000000008ef00000, 0x000000008ef00000|100%| E|CS|TAMS 0x000000008ee00000, 0x000000008ee00000| Complete 
| 111|0x000000008ef00000, 0x000000008f000000, 0x000000008f000000|100%| E|CS|TAMS 0x000000008ef00000, 0x000000008ef00000| Complete 
| 112|0x000000008f000000, 0x000000008f100000, 0x000000008f100000|100%| E|CS|TAMS 0x000000008f000000, 0x000000008f000000| Complete 
| 113|0x000000008f100000, 0x000000008f200000, 0x000000008f200000|100%| E|CS|TAMS 0x000000008f100000, 0x000000008f100000| Complete 
| 114|0x000000008f200000, 0x000000008f300000, 0x000000008f300000|100%| E|CS|TAMS 0x000000008f200000, 0x000000008f200000| Complete 
| 115|0x000000008f300000, 0x000000008f400000, 0x000000008f400000|100%| E|CS|TAMS 0x000000008f300000, 0x000000008f300000| Complete 
| 116|0x000000008f400000, 0x000000008f500000, 0x000000008f500000|100%| E|CS|TAMS 0x000000008f400000, 0x000000008f400000| Complete 
| 117|0x000000008f500000, 0x000000008f600000, 0x000000008f600000|100%| E|CS|TAMS 0x000000008f500000, 0x000000008f500000| Complete 
| 118|0x000000008f600000, 0x000000008f700000, 0x000000008f700000|100%| E|CS|TAMS 0x000000008f600000, 0x000000008f600000| Complete 
| 119|0x000000008f700000, 0x000000008f800000, 0x000000008f800000|100%| E|CS|TAMS 0x000000008f700000, 0x000000008f700000| Complete 
|1918|0x00000000ffe00000, 0x00000000ffe76000, 0x00000000fff00000| 46%|OA|  |TAMS 0x00000000ffe00000, 0x00000000ffe00000| Untracked 
|1919|0x00000000fff00000, 0x00000000fff82000, 0x0000000100000000| 50%|CA|  |TAMS 0x00000000fff00000, 0x00000000fff00000| Untracked 

Card table byte_map: [0x00007f96f947a000,0x00007f96f983a000] _byte_map_base: 0x00007f96f903a000

Marking Bits (Prev, Next): (CMBitMap*) 0x00007f96f4080d70, (CMBitMap*) 0x00007f96f4080db0
 Prev Bits: [0x00007f96db600000, 0x00007f96dd400000)
 Next Bits: [0x00007f96d9800000, 0x00007f96db600000)

Polling page: 0x00007f96fc989000

Metaspace:

Usage:
  Non-class:      3.91 MB used.
      Class:    453.22 KB used.
       Both:      4.35 MB used.

Virtual space:
  Non-class space:        8.00 MB reserved,       4.00 MB ( 50%) committed,  1 nodes.
      Class space:        1.00 GB reserved,     512.00 KB ( <1%) committed,  1 nodes.
             Both:        1.01 GB reserved,       4.50 MB ( <1%) committed. 

Chunk freelists:
   Non-Class:  2.09 MB
       Class:  3.52 MB
        Both:  5.61 MB

MaxMetaspaceSize: unlimited
CompressedClassSpaceSize: 1.00 GB
Initial GC threshold: 21.00 MB
Current GC threshold: 21.00 MB
CDS: on
MetaspaceReclaimPolicy: balanced
 - commit_granule_bytes: 65536.
 - commit_granule_words: 8192.
 - virtual_space_node_default_size: 1048576.
 - enlarge_chunks_in_place: 1.
 - new_chunks_are_fully_committed: 0.
 - uncommit_free_chunks: 1.
 - use_allocation_guard: 0.
 - handle_deallocations: 1.


Internal statistics:

num_allocs_failed_limit: 0.
num_arena_births: 22.
num_arena_deaths: 0.
num_vsnodes_births: 2.
num_vsnodes_deaths: 0.
num_space_committed: 72.
num_space_uncommitted: 0.
num_chunks_returned_to_freelist: 0.
num_chunks_taken_from_freelist: 111.
num_chunk_merges: 0.
num_chunk_splits: 84.
num_chunks_enlarged: 69.
num_purges: 0.
num_inconsistent_stats: 0.

CodeHeap 'non-profiled nmethods': size=120028Kb used=246Kb max_used=246Kb free=119781Kb
 bounds [0x00007f96e4ec9000, 0x00007f96e5139000, 0x00007f96ec400000]
CodeHeap 'profiled nmethods': size=120028Kb used=1206Kb max_used=1206Kb free=118821Kb
 bounds [0x00007f96dd992000, 0x00007f96ddc02000, 0x00007f96e4ec9000]
CodeHeap 'non-nmethods': size=5704Kb used=1236Kb max_used=1251Kb free=4467Kb
 bounds [0x00007f96dd400000, 0x00007f96dd670000, 0x00007f96dd992000]
 total_blobs=1355 nmethods=823 adapters=446
 compilation: enabled
              stopped_count=0, restarted_count=0
 full_count=0

Compilation events (20 events):
Event: 0.243 Thread 0x00007f96f4141a10  817       3       java.util.zip.ZipFile$ZipFileInflaterInputStream::<init> (41 bytes)
Event: 0.243 Thread 0x00007f96f41404e0  804       4       java.util.zip.ZipFile::ensureOpen (40 bytes)
Event: 0.243 Thread 0x00007f96f4141a10 nmethod 817 0x00007f96ddabbd90 code [0x00007f96ddabbf80, 0x00007f96ddabc410]
Event: 0.243 Thread 0x00007f96f4141a10  820       3       java.util.zip.ZipFile$ZipFileInputStream::<init> (96 bytes)
Event: 0.243 Thread 0x00007f96f41404e0 nmethod 804 0x00007f96e4f05b10 code [0x00007f96e4f05ca0, 0x00007f96e4f05d58]
Event: 0.243 Thread 0x00007f96f41404e0  802       4       java.lang.AbstractStringBuilder::putStringAt (12 bytes)
Event: 0.243 Thread 0x00007f96f4141a10 nmethod 820 0x00007f96ddabc610 code [0x00007f96ddabc860, 0x00007f96ddabd2a0]
Event: 0.243 Thread 0x00007f96f4141a10  821       3       java.util.zip.ZipFile$ZipFileInflaterInputStream::<init> (14 bytes)
Event: 0.243 Thread 0x00007f96f4141a10 nmethod 821 0x00007f96ddabd710 code [0x00007f96ddabd8c0, 0x00007f96ddabda70]
Event: 0.243 Thread 0x00007f96f4141a10  818       3       java.util.zip.InflaterInputStream::<init> (79 bytes)
Event: 0.243 Thread 0x00007f96f4141a10 nmethod 818 0x00007f96ddabdb90 code [0x00007f96ddabdda0, 0x00007f96ddabe5d0]
Event: 0.243 Thread 0x00007f96f4141a10  819       3       java.util.zip.ZipFile$InflaterCleanupAction::<init> (15 bytes)
Event: 0.243 Thread 0x00007f96f4141a10 nmethod 819 0x00007f96ddabe790 code [0x00007f96ddabe940, 0x00007f96ddabeb50]
Event: 0.243 Thread 0x00007f96f4141a10  815       3       java.util.zip.ZipUtils::CENOFF (9 bytes)
Event: 0.244 Thread 0x00007f96f4141a10 nmethod 815 0x00007f96ddabec10 code [0x00007f96ddabedc0, 0x00007f96ddabf090]
Event: 0.244 Thread 0x00007f96f4141a10  822       3       java.util.zip.ZipCoder$UTF8ZipCoder::hasTrailingSlash (20 bytes)
Event: 0.244 Thread 0x00007f96f4141a10 nmethod 822 0x00007f96ddabf210 code [0x00007f96ddabf3c0, 0x00007f96ddabf590]
Event: 0.244 Thread 0x00007f96f41404e0 nmethod 802 0x00007f96e4f05e10 code [0x00007f96e4f05fa0, 0x00007f96e4f06178]
Event: 0.244 Thread 0x00007f96f41404e0  803       4       java.lang.AbstractStringBuilder::putStringAt (34 bytes)
Event: 0.245 Thread 0x00007f96f4141a10  823       3       java.nio.ByteBuffer::position (6 bytes)

GC Heap History (0 events):
No events

Dll operation events (8 events):
Event: 0.003 Loaded shared library /home/kryo/.jdks/corretto-17.0.5/lib/libjava.so
Event: 0.011 Loaded shared library /home/kryo/.jdks/corretto-17.0.5/lib/libjsvml.so
Event: 0.017 Loaded shared library /home/kryo/.jdks/corretto-17.0.5/lib/libnio.so
Event: 0.033 Loaded shared library /home/kryo/.jdks/corretto-17.0.5/lib/libzip.so
Event: 0.046 Loaded shared library /home/kryo/.jdks/corretto-17.0.5/lib/libnet.so
Event: 0.114 Loaded shared library /home/kryo/.jdks/corretto-17.0.5/lib/libjimage.so
Event: 0.138 Loaded shared library /tmp/jffi9618246774204974652.so
Event: 0.152 Loaded shared library /home/kryo/.jdks/corretto-17.0.5/lib/libverify.so

Deoptimization events (20 events):
Event: 0.097 Thread 0x00007f96f4026fd0 DEOPT PACKING pc=0x00007f96e4edf0f0 sp=0x00007f96fc5fe340
Event: 0.097 Thread 0x00007f96f4026fd0 DEOPT UNPACKING pc=0x00007f96dd455519 sp=0x00007f96fc5fe300 mode 2
Event: 0.111 Thread 0x00007f96f4026fd0 DEOPT PACKING pc=0x00007f96dd9ac7da sp=0x00007f96fc5fb710
Event: 0.111 Thread 0x00007f96f4026fd0 DEOPT UNPACKING pc=0x00007f96dd45604f sp=0x00007f96fc5fab50 mode 0
Event: 0.147 Thread 0x00007f96f4026fd0 Uncommon trap: trap_request=0xffffffde fr.pc=0x00007f96e4ee4b94 relative=0x00000000000009f4
Event: 0.147 Thread 0x00007f96f4026fd0 Uncommon trap: reason=class_check action=maybe_recompile pc=0x00007f96e4ee4b94 method=java.util.HashMap.putVal(ILjava/lang/Object;Ljava/lang/Object;ZZ)Ljava/lang/Object; @ 253 c2
Event: 0.147 Thread 0x00007f96f4026fd0 DEOPT PACKING pc=0x00007f96e4ee4b94 sp=0x00007f96fc5fdea0
Event: 0.147 Thread 0x00007f96f4026fd0 DEOPT UNPACKING pc=0x00007f96dd455519 sp=0x00007f96fc5fde40 mode 2
Event: 0.147 Thread 0x00007f96f4026fd0 Uncommon trap: trap_request=0xffffffde fr.pc=0x00007f96e4ee4b94 relative=0x00000000000009f4
Event: 0.147 Thread 0x00007f96f4026fd0 Uncommon trap: reason=class_check action=maybe_recompile pc=0x00007f96e4ee4b94 method=java.util.HashMap.putVal(ILjava/lang/Object;Ljava/lang/Object;ZZ)Ljava/lang/Object; @ 253 c2
Event: 0.147 Thread 0x00007f96f4026fd0 DEOPT PACKING pc=0x00007f96e4ee4b94 sp=0x00007f96fc5fdea0
Event: 0.147 Thread 0x00007f96f4026fd0 DEOPT UNPACKING pc=0x00007f96dd455519 sp=0x00007f96fc5fde40 mode 2
Event: 0.149 Thread 0x00007f96f4026fd0 Uncommon trap: trap_request=0xffffffde fr.pc=0x00007f96e4ee4b94 relative=0x00000000000009f4
Event: 0.149 Thread 0x00007f96f4026fd0 Uncommon trap: reason=class_check action=maybe_recompile pc=0x00007f96e4ee4b94 method=java.util.HashMap.putVal(ILjava/lang/Object;Ljava/lang/Object;ZZ)Ljava/lang/Object; @ 253 c2
Event: 0.149 Thread 0x00007f96f4026fd0 DEOPT PACKING pc=0x00007f96e4ee4b94 sp=0x00007f96fc5fde20
Event: 0.149 Thread 0x00007f96f4026fd0 DEOPT UNPACKING pc=0x00007f96dd455519 sp=0x00007f96fc5fddc0 mode 2
Event: 0.203 Thread 0x00007f96f4026fd0 Uncommon trap: trap_request=0xffffffde fr.pc=0x00007f96e4ee4b94 relative=0x00000000000009f4
Event: 0.203 Thread 0x00007f96f4026fd0 Uncommon trap: reason=class_check action=maybe_recompile pc=0x00007f96e4ee4b94 method=java.util.HashMap.putVal(ILjava/lang/Object;Ljava/lang/Object;ZZ)Ljava/lang/Object; @ 253 c2
Event: 0.203 Thread 0x00007f96f4026fd0 DEOPT PACKING pc=0x00007f96e4ee4b94 sp=0x00007f96fc5fdbf0
Event: 0.203 Thread 0x00007f96f4026fd0 DEOPT UNPACKING pc=0x00007f96dd455519 sp=0x00007f96fc5fdb90 mode 2

Classes unloaded (0 events):
No events

Classes redefined (0 events):
No events

Internal exceptions (8 events):
Event: 0.049 Thread 0x00007f96f4026fd0 Exception <a 'java/lang/NoSuchMethodError'{0x000000008f606a58}: 'void java.lang.invoke.DirectMethodHandle$Holder.invokeVirtual(java.lang.Object, java.lang.Object)'> (0x000000008f606a58) 
thrown [src/hotspot/share/interpreter/linkResolver.cpp, line 759]
Event: 0.084 Thread 0x00007f96f4026fd0 Exception <a 'java/lang/NoSuchMethodError'{0x000000008f2ef018}: 'void java.lang.invoke.DirectMethodHandle$Holder.invokeSpecial(java.lang.Object, java.lang.Object, java.lang.Object)'> (0x000000008f2ef018) 
thrown [src/hotspot/share/interpreter/linkResolver.cpp, line 759]
Event: 0.094 Thread 0x00007f96f4026fd0 Exception <a 'java/lang/NoSuchMethodError'{0x000000008f05a028}: 'void java.lang.invoke.DirectMethodHandle$Holder.invokeSpecial(java.lang.Object, java.lang.Object, java.lang.Object, java.lang.Object, java.lang.Object)'> (0x000000008f05a028) 
thrown [src/hotspot/share/interpreter/linkResolver.cpp, line 759]
Event: 0.095 Thread 0x00007f96f4026fd0 Exception <a 'java/lang/NoSuchMethodError'{0x000000008f06e648}: 'java.lang.Object java.lang.invoke.DirectMethodHandle$Holder.invokeInterface(java.lang.Object, java.lang.Object)'> (0x000000008f06e648) 
thrown [src/hotspot/share/interpreter/linkResolver.cpp, line 759]
Event: 0.095 Thread 0x00007f96f4026fd0 Exception <a 'java/lang/IncompatibleClassChangeError'{0x000000008f071cc0}: Found class java.lang.Object, but interface was expected> (0x000000008f071cc0) 
thrown [src/hotspot/share/interpreter/linkResolver.cpp, line 826]
Event: 0.096 Thread 0x00007f96f4026fd0 Exception <a 'java/lang/NoSuchMethodError'{0x000000008f074a88}: 'void java.lang.invoke.DirectMethodHandle$Holder.invokeStatic(java.lang.Object, java.lang.Object, java.lang.Object, java.lang.Object)'> (0x000000008f074a88) 
thrown [src/hotspot/share/interpreter/linkResolver.cpp, line 759]
Event: 0.189 Thread 0x00007f96f4026fd0 Exception <a 'java/lang/UnsatisfiedLinkError'{0x000000008e945dd8}: typemapping: cannot open shared object file: No such file or directory> (0x000000008e945dd8) 
thrown [src/hotspot/share/prims/jni.cpp, line 535]
Event: 0.213 Thread 0x00007f96f4026fd0 Exception <a 'java/lang/NoSuchMethodError'{0x000000008e7f4f00}: 'java.lang.Object java.lang.invoke.DirectMethodHandle$Holder.newInvokeSpecial(java.lang.Object, java.lang.Object, java.lang.Object, java.lang.Object, java.lang.Object)'> (0x000000008e7f4f00) 
thrown [src/hotspot/share/interpreter/linkResolver.cpp, line 759]

VM Operations (8 events):
Event: 0.066 Executing VM operation: HandshakeAllThreads
Event: 0.066 Executing VM operation: HandshakeAllThreads done
Event: 0.095 Executing VM operation: HandshakeAllThreads
Event: 0.095 Executing VM operation: HandshakeAllThreads done
Event: 0.120 Executing VM operation: HandshakeAllThreads
Event: 0.120 Executing VM operation: HandshakeAllThreads done
Event: 0.176 Executing VM operation: HandshakeAllThreads
Event: 0.176 Executing VM operation: HandshakeAllThreads done

Events (20 events):
Event: 0.212 loading class java/util/IdentityHashMap$EntrySet
Event: 0.212 loading class java/util/IdentityHashMap$EntrySet done
Event: 0.212 loading class java/util/Collections$UnmodifiableMap$UnmodifiableEntrySet$1
Event: 0.212 loading class java/util/Collections$UnmodifiableMap$UnmodifiableEntrySet$1 done
Event: 0.212 loading class java/util/IdentityHashMap$EntryIterator
Event: 0.212 loading class java/util/IdentityHashMap$EntryIterator done
Event: 0.212 loading class java/util/Collections$UnmodifiableMap$UnmodifiableEntrySet$UnmodifiableEntry
Event: 0.212 loading class java/util/Collections$UnmodifiableMap$UnmodifiableEntrySet$UnmodifiableEntry done
Event: 0.212 loading class java/util/IdentityHashMap$EntryIterator$Entry
Event: 0.212 loading class java/util/IdentityHashMap$EntryIterator$Entry done
Event: 0.212 loading class java/lang/annotation/ElementType
Event: 0.212 loading class java/lang/annotation/ElementType done
Event: 0.239 loading class java/util/LinkedList$ListItr
Event: 0.240 loading class java/util/LinkedList$ListItr done
Event: 0.241 loading class sun/misc/Unsafe
Event: 0.241 loading class sun/misc/Unsafe done
Event: 0.243 loading class java/nio/charset/CharacterCodingException
Event: 0.243 loading class java/nio/charset/CharacterCodingException done
Event: 0.244 loading class java/nio/StringCharBuffer
Event: 0.244 loading class java/nio/StringCharBuffer done


Dynamic libraries:
88000000-8f800000 rw-p 00000000 00:00 0 
8f800000-ffe00000 ---p 00000000 00:00 0 
ffe00000-ffe76000 rw-p 00c9c000 103:02 13781534                          /home/kryo/.jdks/corretto-17.0.5/lib/server/classes.jsa
ffe76000-fff00000 rw-p 00000000 00:00 0 
fff00000-fff82000 rw-p 00c1a000 103:02 13781534                          /home/kryo/.jdks/corretto-17.0.5/lib/server/classes.jsa
fff82000-100000000 rw-p 00000000 00:00 0 
800000000-800458000 rw-p 00001000 103:02 13781534                        /home/kryo/.jdks/corretto-17.0.5/lib/server/classes.jsa
800458000-800be1000 r--p 00459000 103:02 13781534                        /home/kryo/.jdks/corretto-17.0.5/lib/server/classes.jsa
800be1000-800c00000 ---p 00000000 00:00 0 
800c00000-800c40000 rw-p 00000000 00:00 0 
800c40000-800c80000 rw-p 00000000 00:00 0 
800c80000-840c00000 ---p 00000000 00:00 0 
555d03200000-555d03201000 r-xp 00000000 103:02 13781622                  /home/kryo/.jdks/corretto-17.0.5/bin/java
555d03401000-555d03402000 r--p 00001000 103:02 13781622                  /home/kryo/.jdks/corretto-17.0.5/bin/java
555d03402000-555d03403000 rw-p 00002000 103:02 13781622                  /home/kryo/.jdks/corretto-17.0.5/bin/java
555d04633000-555d0467c000 rw-p 00000000 00:00 0                          [heap]
7f968c000000-7f968c021000 rw-p 00000000 00:00 0 
7f968c021000-7f9690000000 ---p 00000000 00:00 0 
7f9694000000-7f9694021000 rw-p 00000000 00:00 0 
7f9694021000-7f9698000000 ---p 00000000 00:00 0 
7f9698000000-7f9698021000 rw-p 00000000 00:00 0 
7f9698021000-7f969c000000 ---p 00000000 00:00 0 
7f969c000000-7f969c162000 rw-p 00000000 00:00 0 
7f969c162000-7f96a0000000 ---p 00000000 00:00 0 
7f96a0000000-7f96a0021000 rw-p 00000000 00:00 0 
7f96a0021000-7f96a4000000 ---p 00000000 00:00 0 
7f96a4000000-7f96a4021000 rw-p 00000000 00:00 0 
7f96a4021000-7f96a8000000 ---p 00000000 00:00 0 
7f96a8000000-7f96a82da000 rw-p 00000000 00:00 0 
7f96a82da000-7f96ac000000 ---p 00000000 00:00 0 
7f96ac000000-7f96ac021000 rw-p 00000000 00:00 0 
7f96ac021000-7f96b0000000 ---p 00000000 00:00 0 
7f96b0000000-7f96b0021000 rw-p 00000000 00:00 0 
7f96b0021000-7f96b4000000 ---p 00000000 00:00 0 
7f96b4000000-7f96b4021000 rw-p 00000000 00:00 0 
7f96b4021000-7f96b8000000 ---p 00000000 00:00 0 
7f96b8000000-7f96b8021000 rw-p 00000000 00:00 0 
7f96b8021000-7f96bc000000 ---p 00000000 00:00 0 
7f96bc000000-7f96bc021000 rw-p 00000000 00:00 0 
7f96bc021000-7f96c0000000 ---p 00000000 00:00 0 
7f96c0000000-7f96c0021000 rw-p 00000000 00:00 0 
7f96c0021000-7f96c4000000 ---p 00000000 00:00 0 
7f96c4000000-7f96c4021000 rw-p 00000000 00:00 0 
7f96c4021000-7f96c8000000 ---p 00000000 00:00 0 
7f96c8e00000-7f96c8e0d000 r-xp 00000000 103:02 13781525                  /home/kryo/.jdks/corretto-17.0.5/lib/libverify.so
7f96c8e0d000-7f96c900c000 ---p 0000d000 103:02 13781525                  /home/kryo/.jdks/corretto-17.0.5/lib/libverify.so
7f96c900c000-7f96c900e000 r--p 0000c000 103:02 13781525                  /home/kryo/.jdks/corretto-17.0.5/lib/libverify.so
7f96c900e000-7f96c900f000 rw-p 00000000 00:00 0 
7f96c90fe000-7f96c90ff000 ---p 00000000 00:00 0 
7f96c90ff000-7f96c9200000 rw-p 00000000 00:00 0 
7f96c9200000-7f96c921a000 r-xp 00000000 103:02 13781526                  /home/kryo/.jdks/corretto-17.0.5/lib/libzip.so
7f96c921a000-7f96c941a000 ---p 0001a000 103:02 13781526                  /home/kryo/.jdks/corretto-17.0.5/lib/libzip.so
7f96c941a000-7f96c941b000 r--p 0001a000 103:02 13781526                  /home/kryo/.jdks/corretto-17.0.5/lib/libzip.so
7f96c941b000-7f96c941c000 rw-p 00000000 00:00 0 
7f96c9500000-7f96c9504000 ---p 00000000 00:00 0 
7f96c9504000-7f96c9600000 rw-p 00000000 00:00 0 
7f96c9600000-7f96c9614000 r-xp 00000000 103:02 13781523                  /home/kryo/.jdks/corretto-17.0.5/lib/libnet.so
7f96c9614000-7f96c9814000 ---p 00014000 103:02 13781523                  /home/kryo/.jdks/corretto-17.0.5/lib/libnet.so
7f96c9814000-7f96c9815000 r--p 00014000 103:02 13781523                  /home/kryo/.jdks/corretto-17.0.5/lib/libnet.so
7f96c9815000-7f96c9816000 rw-p 00015000 103:02 13781523                  /home/kryo/.jdks/corretto-17.0.5/lib/libnet.so
7f96c9900000-7f96c9904000 ---p 00000000 00:00 0 
7f96c9904000-7f96c9a00000 rw-p 00000000 00:00 0 
7f96c9a00000-7f96c9a12000 r-xp 00000000 103:02 13781524                  /home/kryo/.jdks/corretto-17.0.5/lib/libnio.so
7f96c9a12000-7f96c9c11000 ---p 00012000 103:02 13781524                  /home/kryo/.jdks/corretto-17.0.5/lib/libnio.so
7f96c9c11000-7f96c9c12000 r--p 00011000 103:02 13781524                  /home/kryo/.jdks/corretto-17.0.5/lib/libnio.so
7f96c9c12000-7f96c9c13000 rw-p 00012000 103:02 13781524                  /home/kryo/.jdks/corretto-17.0.5/lib/libnio.so
7f96c9d00000-7f96c9d04000 ---p 00000000 00:00 0 
7f96c9d04000-7f96c9e00000 rw-p 00000000 00:00 0 
7f96c9e00000-7f96c9e04000 ---p 00000000 00:00 0 
7f96c9e04000-7f96c9f00000 rw-p 00000000 00:00 0 
7f96c9f00000-7f96c9f04000 ---p 00000000 00:00 0 
7f96c9f04000-7f96cc000000 rw-p 00000000 00:00 0 
7f96cc000000-7f96cc021000 rw-p 00000000 00:00 0 
7f96cc021000-7f96d0000000 ---p 00000000 00:00 0 
7f96d0000000-7f96d0021000 rw-p 00000000 00:00 0 
7f96d0021000-7f96d4000000 ---p 00000000 00:00 0 
7f96d4000000-7f96d4021000 rw-p 00000000 00:00 0 
7f96d4021000-7f96d8000000 ---p 00000000 00:00 0 
7f96d8000000-7f96d8004000 ---p 00000000 00:00 0 
7f96d8004000-7f96d8100000 rw-p 00000000 00:00 0 
7f96d8100000-7f96d8104000 ---p 00000000 00:00 0 
7f96d8104000-7f96d8200000 rw-p 00000000 00:00 0 
7f96d8200000-7f96d8b51000 r--p 00000000 103:02 10747977                  /usr/lib/locale/locale-archive
7f96d8c00000-7f96d8cce000 r-xp 00000000 103:02 13781560                  /home/kryo/.jdks/corretto-17.0.5/lib/libjsvml.so
7f96d8cce000-7f96d8ecd000 ---p 000ce000 103:02 13781560                  /home/kryo/.jdks/corretto-17.0.5/lib/libjsvml.so
7f96d8ecd000-7f96d8ece000 r--p 000cd000 103:02 13781560                  /home/kryo/.jdks/corretto-17.0.5/lib/libjsvml.so
7f96d8ece000-7f96d8ecf000 rw-p 000ce000 103:02 13781560                  /home/kryo/.jdks/corretto-17.0.5/lib/libjsvml.so
7f96d8f00000-7f96d8f04000 ---p 00000000 00:00 0 
7f96d8f04000-7f96d9210000 rw-p 00000000 00:00 0 
7f96d9210000-7f96d9400000 ---p 00000000 00:00 0 
7f96d9400000-7f96d95f0000 rw-p 00000000 00:00 0 
7f96d95f0000-7f96d9800000 ---p 00000000 00:00 0 
7f96d9800000-7f96d99e0000 rw-p 00000000 00:00 0 
7f96d99e0000-7f96db5f8000 ---p 00000000 00:00 0 
7f96db5f8000-7f96db7e0000 rw-p 00000000 00:00 0 
7f96db7e0000-7f96dd3f8000 ---p 00000000 00:00 0 
7f96dd3f8000-7f96dd400000 rw-p 00000000 00:00 0 
7f96dd400000-7f96dd670000 rwxp 00000000 00:00 0 
7f96dd670000-7f96dd992000 ---p 00000000 00:00 0 
7f96dd992000-7f96ddc02000 rwxp 00000000 00:00 0 
7f96ddc02000-7f96e4ec9000 ---p 00000000 00:00 0 
7f96e4ec9000-7f96e5139000 rwxp 00000000 00:00 0 
7f96e5139000-7f96ec400000 ---p 00000000 00:00 0 
7f96ec400000-7f96f3f75000 r--s 00000000 103:02 13781513                  /home/kryo/.jdks/corretto-17.0.5/lib/modules
7f96f4000000-7f96f4399000 rw-p 00000000 00:00 0 
7f96f4399000-7f96f8000000 ---p 00000000 00:00 0 
7f96f80a6000-7f96f80aa000 ---p 00000000 00:00 0 
7f96f80aa000-7f96f81a6000 rw-p 00000000 00:00 0 
7f96f81a6000-7f96f81aa000 ---p 00000000 00:00 0 
7f96f81aa000-7f96f82a6000 rw-p 00000000 00:00 0 
7f96f82a6000-7f96f82a7000 ---p 00000000 00:00 0 
7f96f82a7000-7f96f83a8000 rw-p 00000000 00:00 0 
7f96f83a8000-7f96f83a9000 ---p 00000000 00:00 0 
7f96f83a9000-7f96f84aa000 rw-p 00000000 00:00 0 
7f96f84aa000-7f96f84ab000 ---p 00000000 00:00 0 
7f96f84ab000-7f96f8db4000 rw-p 00000000 00:00 0 
7f96f8db4000-7f96f8db5000 ---p 00000000 00:00 0 
7f96f8db5000-7f96f8eb6000 rw-p 00000000 00:00 0 
7f96f8eb6000-7f96f8eb7000 ---p 00000000 00:00 0 
7f96f8eb7000-7f96f8fb8000 rw-p 00000000 00:00 0 
7f96f8fb8000-7f96f8fb9000 ---p 00000000 00:00 0 
7f96f8fb9000-7f96f90f6000 rw-p 00000000 00:00 0 
7f96f90f6000-7f96f9479000 ---p 00000000 00:00 0 
7f96f9479000-7f96f94b6000 rw-p 00000000 00:00 0 
7f96f94b6000-7f96f9839000 ---p 00000000 00:00 0 
7f96f9839000-7f96f9876000 rw-p 00000000 00:00 0 
7f96f9876000-7f96f9bf9000 ---p 00000000 00:00 0 
7f96f9bf9000-7f96fa200000 rw-p 00000000 00:00 0 
7f96fa200000-7f96fa224000 r-xp 00000000 103:02 13781519                  /home/kryo/.jdks/corretto-17.0.5/lib/libjava.so
7f96fa224000-7f96fa423000 ---p 00024000 103:02 13781519                  /home/kryo/.jdks/corretto-17.0.5/lib/libjava.so
7f96fa423000-7f96fa424000 r--p 00023000 103:02 13781519                  /home/kryo/.jdks/corretto-17.0.5/lib/libjava.so
7f96fa424000-7f96fa425000 rw-p 00024000 103:02 13781519                  /home/kryo/.jdks/corretto-17.0.5/lib/libjava.so
7f96fa425000-7f96fa426000 rw-p 00000000 00:00 0 
7f96fa4ff000-7f96fa600000 rw-p 00000000 00:00 0 
7f96fa600000-7f96fa61b000 r-xp 00000000 103:02 13781520                  /home/kryo/.jdks/corretto-17.0.5/lib/libjimage.so
7f96fa61b000-7f96fa81a000 ---p 0001b000 103:02 13781520                  /home/kryo/.jdks/corretto-17.0.5/lib/libjimage.so
7f96fa81a000-7f96fa81c000 r--p 0001a000 103:02 13781520                  /home/kryo/.jdks/corretto-17.0.5/lib/libjimage.so
7f96fa81c000-7f96fa81d000 rw-p 0001c000 103:02 13781520                  /home/kryo/.jdks/corretto-17.0.5/lib/libjimage.so
7f96fa84d000-7f96faa00000 rw-p 00000000 00:00 0 
7f96faa00000-7f96fbcea000 r-xp 00000000 103:02 13781532                  /home/kryo/.jdks/corretto-17.0.5/lib/server/libjvm.so
7f96fbcea000-7f96fbee9000 ---p 012ea000 103:02 13781532                  /home/kryo/.jdks/corretto-17.0.5/lib/server/libjvm.so
7f96fbee9000-7f96fbfa2000 r--p 012e9000 103:02 13781532                  /home/kryo/.jdks/corretto-17.0.5/lib/server/libjvm.so
7f96fbfa2000-7f96fbfd7000 rw-p 013a2000 103:02 13781532                  /home/kryo/.jdks/corretto-17.0.5/lib/server/libjvm.so
7f96fbfd7000-7f96fc031000 rw-p 00000000 00:00 0 
7f96fc03e000-7f96fc11a000 rw-p 00000000 00:00 0 
7f96fc11a000-7f96fc200000 ---p 00000000 00:00 0 
7f96fc200000-7f96fc222000 r--p 00000000 103:02 10753348                  /usr/lib/x86_64-linux-gnu/libc.so.6
7f96fc222000-7f96fc39b000 r-xp 00022000 103:02 10753348                  /usr/lib/x86_64-linux-gnu/libc.so.6
7f96fc39b000-7f96fc3f2000 r--p 0019b000 103:02 10753348                  /usr/lib/x86_64-linux-gnu/libc.so.6
7f96fc3f2000-7f96fc3f6000 r--p 001f1000 103:02 10753348                  /usr/lib/x86_64-linux-gnu/libc.so.6
7f96fc3f6000-7f96fc3f8000 rw-p 001f5000 103:02 10753348                  /usr/lib/x86_64-linux-gnu/libc.so.6
7f96fc3f8000-7f96fc405000 rw-p 00000000 00:00 0 
7f96fc408000-7f96fc409000 r--p 00000000 103:02 6417                      /home/kryo/Desktop/meshchat/client/src/main/resources/libtypemapping.so
7f96fc409000-7f96fc40b000 r-xp 00001000 103:02 6417                      /home/kryo/Desktop/meshchat/client/src/main/resources/libtypemapping.so
7f96fc40b000-7f96fc40c000 r--p 00003000 103:02 6417                      /home/kryo/Desktop/meshchat/client/src/main/resources/libtypemapping.so
7f96fc40c000-7f96fc40d000 r--p 00003000 103:02 6417                      /home/kryo/Desktop/meshchat/client/src/main/resources/libtypemapping.so
7f96fc40d000-7f96fc40e000 rw-p 00004000 103:02 6417                      /home/kryo/Desktop/meshchat/client/src/main/resources/libtypemapping.so
7f96fc40e000-7f96fc415000 r--s 00000000 103:02 11411331                  /usr/lib/x86_64-linux-gnu/gconv/gconv-modules.cache
7f96fc415000-7f96fc41a000 rw-p 00000000 00:00 0 
7f96fc41a000-7f96fc500000 ---p 00000000 00:00 0 
7f96fc500000-7f96fc504000 ---p 00000000 00:00 0 
7f96fc504000-7f96fc600000 rw-p 00000000 00:00 0 
7f96fc600000-7f96fc619000 r-xp 00000000 103:02 13781521                  /home/kryo/.jdks/corretto-17.0.5/lib/libjli.so
7f96fc619000-7f96fc818000 ---p 00019000 103:02 13781521                  /home/kryo/.jdks/corretto-17.0.5/lib/libjli.so
7f96fc818000-7f96fc819000 r--p 00018000 103:02 13781521                  /home/kryo/.jdks/corretto-17.0.5/lib/libjli.so
7f96fc819000-7f96fc81a000 rw-p 00019000 103:02 13781521                  /home/kryo/.jdks/corretto-17.0.5/lib/libjli.so
7f96fc81c000-7f96fc81d000 r-xp 00000000 00:00 0 
7f96fc81d000-7f96fc824000 r--p 00000000 103:02 11541833                  /tmp/jffi9618246774204974652.so (deleted)
7f96fc824000-7f96fc834000 r-xp 00007000 103:02 11541833                  /tmp/jffi9618246774204974652.so (deleted)
7f96fc834000-7f96fc838000 r--p 00017000 103:02 11541833                  /tmp/jffi9618246774204974652.so (deleted)
7f96fc838000-7f96fc839000 r--p 0001a000 103:02 11541833                  /tmp/jffi9618246774204974652.so (deleted)
7f96fc839000-7f96fc83a000 rw-p 0001b000 103:02 11541833                  /tmp/jffi9618246774204974652.so (deleted)
7f96fc83a000-7f96fc87b000 rw-p 00000000 00:00 0 
7f96fc87b000-7f96fc889000 r--p 00000000 103:02 10753684                  /usr/lib/x86_64-linux-gnu/libm.so.6
7f96fc889000-7f96fc907000 r-xp 0000e000 103:02 10753684                  /usr/lib/x86_64-linux-gnu/libm.so.6
7f96fc907000-7f96fc962000 r--p 0008c000 103:02 10753684                  /usr/lib/x86_64-linux-gnu/libm.so.6
7f96fc962000-7f96fc963000 r--p 000e6000 103:02 10753684                  /usr/lib/x86_64-linux-gnu/libm.so.6
7f96fc963000-7f96fc964000 rw-p 000e7000 103:02 10753684                  /usr/lib/x86_64-linux-gnu/libm.so.6
7f96fc964000-7f96fc965000 r--p 00000000 103:02 10754228                  /usr/lib/x86_64-linux-gnu/librt.so.1
7f96fc965000-7f96fc966000 r-xp 00001000 103:02 10754228                  /usr/lib/x86_64-linux-gnu/librt.so.1
7f96fc966000-7f96fc967000 r--p 00002000 103:02 10754228                  /usr/lib/x86_64-linux-gnu/librt.so.1
7f96fc967000-7f96fc968000 r--p 00002000 103:02 10754228                  /usr/lib/x86_64-linux-gnu/librt.so.1
7f96fc968000-7f96fc969000 rw-p 00003000 103:02 10754228                  /usr/lib/x86_64-linux-gnu/librt.so.1
7f96fc969000-7f96fc96b000 rw-p 00000000 00:00 0 
7f96fc96b000-7f96fc96c000 r--p 00000000 103:02 10753530                  /usr/lib/x86_64-linux-gnu/libdl.so.2
7f96fc96c000-7f96fc96d000 r-xp 00001000 103:02 10753530                  /usr/lib/x86_64-linux-gnu/libdl.so.2
7f96fc96d000-7f96fc96e000 r--p 00002000 103:02 10753530                  /usr/lib/x86_64-linux-gnu/libdl.so.2
7f96fc96e000-7f96fc96f000 r--p 00002000 103:02 10753530                  /usr/lib/x86_64-linux-gnu/libdl.so.2
7f96fc96f000-7f96fc970000 rw-p 00003000 103:02 10753530                  /usr/lib/x86_64-linux-gnu/libdl.so.2
7f96fc970000-7f96fc971000 r--p 00000000 103:02 10754169                  /usr/lib/x86_64-linux-gnu/libpthread.so.0
7f96fc971000-7f96fc972000 r-xp 00001000 103:02 10754169                  /usr/lib/x86_64-linux-gnu/libpthread.so.0
7f96fc972000-7f96fc973000 r--p 00002000 103:02 10754169                  /usr/lib/x86_64-linux-gnu/libpthread.so.0
7f96fc973000-7f96fc974000 r--p 00002000 103:02 10754169                  /usr/lib/x86_64-linux-gnu/libpthread.so.0
7f96fc974000-7f96fc975000 rw-p 00003000 103:02 10754169                  /usr/lib/x86_64-linux-gnu/libpthread.so.0
7f96fc975000-7f96fc97a000 rw-p 00000000 00:00 0 
7f96fc97a000-7f96fc981000 ---p 00000000 00:00 0 
7f96fc981000-7f96fc989000 rw-s 00000000 103:02 11541823                  /tmp/hsperfdata_kryo/186874
7f96fc989000-7f96fc98a000 ---p 00000000 00:00 0 
7f96fc98a000-7f96fc98b000 r--p 00000000 00:00 0 
7f96fc98b000-7f96fc98c000 ---p 00000000 00:00 0 
7f96fc98c000-7f96fc98e000 rw-p 00000000 00:00 0 
7f96fc98e000-7f96fc98f000 r--p 00000000 103:02 10748695                  /usr/lib/x86_64-linux-gnu/ld-linux-x86-64.so.2
7f96fc98f000-7f96fc9b8000 r-xp 00001000 103:02 10748695                  /usr/lib/x86_64-linux-gnu/ld-linux-x86-64.so.2
7f96fc9b8000-7f96fc9c2000 r--p 0002a000 103:02 10748695                  /usr/lib/x86_64-linux-gnu/ld-linux-x86-64.so.2
7f96fc9c2000-7f96fc9c4000 r--p 00034000 103:02 10748695                  /usr/lib/x86_64-linux-gnu/ld-linux-x86-64.so.2
7f96fc9c4000-7f96fc9c6000 rw-p 00036000 103:02 10748695                  /usr/lib/x86_64-linux-gnu/ld-linux-x86-64.so.2
7ffdcb2b4000-7ffdcb2d6000 rw-p 00000000 00:00 0                          [stack]
7ffdcb391000-7ffdcb395000 r--p 00000000 00:00 0                          [vvar]
7ffdcb395000-7ffdcb397000 r-xp 00000000 00:00 0                          [vdso]
ffffffffff600000-ffffffffff601000 --xp 00000000 00:00 0                  [vsyscall]


VM Arguments:
jvm_args: -Dfile.encoding=UTF-8 -Duser.country=US -Duser.language=en -Duser.variant --module-path=/home/kryo/Desktop/meshchat/client/build/libs/client-1.0-SNAPSHOT.jar:/home/kryo/Desktop/meshchat/client/build/classes/java/main:/home/kryo/.gradle/caches/modules-2/files-2.1/org.openjfx/javafx-fxml/17.0.2/1c65c10f9656d7d6c1424d4711cc56a9ee99220d/javafx-fxml-17.0.2-linux.jar:/home/kryo/.gradle/caches/modules-2/files-2.1/org.openjfx/javafx-controls/17.0.2/c39c919f987496f86f04babacf2dd27d2bdb263e/javafx-controls-17.0.2-linux.jar:/home/kryo/.gradle/caches/modules-2/files-2.1/org.openjfx/javafx-controls/17.0.2/f52640ea07a0d7fe2ac8b9f945ec58fa22ac1afd/javafx-controls-17.0.2.jar:/home/kryo/.gradle/caches/modules-2/files-2.1/org.openjfx/javafx-graphics/17.0.2/ac7e322130657d7ac694d1aa32799d32c02a12c9/javafx-graphics-17.0.2-linux.jar:/home/kryo/.gradle/caches/modules-2/files-2.1/org.openjfx/javafx-graphics/17.0.2/1eb7ce07e07ccc2fcb26103f07535e72069519d6/javafx-graphics-17.0.2.jar:/home/kryo/.gradle/caches/modules-2/files-2.1/org.openjfx/javafx-base/17.0.2/710e894e37e7027340e9697d29a11e024d3bd7ae/javafx-base-17.0.2-linux.jar:/home/kryo/.gradle/caches/modules-2/files-2.1/org.openjfx/javafx-base/17.0.2/ca46f15a306175ac1513211e1d190a5baacd77cc/javafx-base-17.0.2.jar:/home/kryo/.gradle/caches/modules-2/files-2.1/org.controlsfx/controlsfx/11.1.1/d303c563c23d5176346e8d05932afbec421060ae/controlsfx-11.1.1.jar:/home/kryo/.gradle/caches/modules-2/files-2.1/org.kordamp.bootstrapfx/bootstrapfx-core/0.4.0/8d019b30266c00770cf29921d1008ad7feed0ed6/bootstrapfx-core-0.4.0.jar:/home/kryo/.gradle/caches/modules-2/files-2.1/com.github.jnr/jnr-ffi/2.2.13/3d2c01e80845af089c77c742922344388d9bdc75/jnr-ffi-2.2.13.jar:/home/kryo/.gradle/caches/modules-2/files-2.1/com.github.jnr/jffi/1.3.10/a1de4ce6cd1f949d9406952d6c0dae3898405632/jffi-1.3.10.jar:/home/kryo/.gradle/caches/modules-2/files-2.1/com.github.jnr/jffi/1.3.10/496c42f37f71721f4536cfa415b91bc3dcffe2ef/jffi-1.3.10-native.jar:/home/kryo/.gradle/caches/modules-2/files-2.1/org.ow2.asm/asm-commons/9.2/f4d7f0fc9054386f2893b602454d48e07-Djdk.module.main=com.meshchat.client 
java_command: com.meshchat.client/com.meshchat.client.experiments.JNRTypeConverter
java_class_path (initial): /home/kryo/Desktop/meshchat/client/build/resources/main:/home/kryo/.gradle/caches/modules-2/files-2.1/com.github.jnr/jnr-a64asm/1.0.0/a1cb8dbe71b5a6a0288043c3ba3ca64545be165/jnr-a64asm-1.0.0.jar:/home/kryo/.gradle/caches/modules-2/files-2.1/com.github.jnr/jnr-x86asm/1.0.2/6936bbd6c5b235665d87bd450f5e13b52d4b48/jnr-x86asm-1.0.2.jar
Launcher Type: SUN_STANDARD

[Global flags]
     intx CICompilerCount                          = 4                                         {product} {ergonomic}
     uint ConcGCThreads                            = 2                                         {product} {ergonomic}
     uint G1ConcRefinementThreads                  = 8                                         {product} {ergonomic}
   size_t G1HeapRegionSize                         = 1048576                                   {product} {ergonomic}
    uintx GCDrainStackTargetSize                   = 64                                        {product} {ergonomic}
   size_t InitialHeapSize                          = 125829120                                 {product} {ergonomic}
   size_t MarkStackSize                            = 4194304                                   {product} {ergonomic}
   size_t MaxHeapSize                              = 2013265920                                {product} {ergonomic}
   size_t MaxNewSize                               = 1207959552                                {product} {ergonomic}
   size_t MinHeapDeltaBytes                        = 1048576                                   {product} {ergonomic}
   size_t MinHeapSize                              = 8388608                                   {product} {ergonomic}
    uintx NonNMethodCodeHeapSize                   = 5839372                                {pd product} {ergonomic}
    uintx NonProfiledCodeHeapSize                  = 122909434                              {pd product} {ergonomic}
    uintx ProfiledCodeHeapSize                     = 122909434                              {pd product} {ergonomic}
    uintx ReservedCodeCacheSize                    = 251658240                              {pd product} {ergonomic}
     bool SegmentedCodeCache                       = true                                      {product} {ergonomic}
   size_t SoftMaxHeapSize                          = 2013265920                             {manageable} {ergonomic}
     bool UseCompressedClassPointers               = true                           {product lp64_product} {ergonomic}
     bool UseCompressedOops                        = true                           {product lp64_product} {ergonomic}
     bool UseG1GC                                  = true                                      {product} {ergonomic}

Logging:
Log output configuration:
 #0: stdout all=warning uptime,level,tags
 #1: stderr all=off uptime,level,tags

Environment Variables:
PATH=/home/kryo/emsdk:/home/kryo/emsdk/upstream/emscripten:/home/kryo/emsdk/node/14.18.2_64bit/bin:/home/kryo/.cargo/bin:/usr/local/sbin:/usr/local/bin:/usr/sbin:/usr/bin:/sbin:/bin:/usr/games:/usr/local/games:/snap/bin
USERNAME=kryo
SHELL=/usr/bin/zsh
DISPLAY=:0
LANG=en_US.UTF-8
LC_NUMERIC=en_US.UTF-8
LC_TIME=en_US.UTF-8

Signal Handlers:
   SIGSEGV: crash_handler in libjvm.so, mask=11100100010111111101111111111110, flags=SA_RESTART|SA_SIGINFO
    SIGBUS: crash_handler in libjvm.so, mask=11100100010111111101111111111110, flags=SA_RESTART|SA_SIGINFO
    SIGFPE: crash_handler in libjvm.so, mask=11100100010111111101111111111110, flags=SA_RESTART|SA_SIGINFO
   SIGPIPE: javaSignalHandler in libjvm.so, mask=11100100010111111101111111111110, flags=SA_RESTART|SA_SIGINFO
   SIGXFSZ: javaSignalHandler in libjvm.so, mask=11100100010111111101111111111110, flags=SA_RESTART|SA_SIGINFO
    SIGILL: crash_handler in libjvm.so, mask=11100100010111111101111111111110, flags=SA_RESTART|SA_SIGINFO
   SIGUSR2: SR_handler in libjvm.so, mask=00100000000000000000000000000000, flags=SA_RESTART|SA_SIGINFO
    SIGHUP: UserHandler in libjvm.so, mask=11100100010111111101111111111110, flags=SA_RESTART|SA_SIGINFO
    SIGINT: UserHandler in libjvm.so, mask=11100100010111111101111111111110, flags=SA_RESTART|SA_SIGINFO
   SIGTERM: UserHandler in libjvm.so, mask=11100100010111111101111111111110, flags=SA_RESTART|SA_SIGINFO
   SIGQUIT: UserHandler in libjvm.so, mask=11100100010111111101111111111110, flags=SA_RESTART|SA_SIGINFO
  *** Handler was modified!
  *** Expected: javaSignalHandler in libjvm.so, mask=11100100110111111111111111111110, flags=SA_RESTART|SA_SIGINFO
   SIGTRAP: crash_handler in libjvm.so, mask=11100100010111111101111111111110, flags=SA_RESTART|SA_SIGINFO


---------------  S Y S T E M  ---------------

OS:
DISTRIB_ID=Ubuntu
DISTRIB_RELEASE=22.10
DISTRIB_CODENAME=kinetic
DISTRIB_DESCRIPTION="Ubuntu 22.10"
uname: Linux 5.19.0-26-generic #27-Ubuntu SMP PREEMPT_DYNAMIC Wed Nov 23 20:44:15 UTC 2022 x86_64
OS uptime: 1 days 10:19 hours
libc: glibc 2.36 NPTL 2.36 
rlimit (soft/hard): STACK 8192k/infinity , CORE 0k/infinity , NPROC 30376/30376 , NOFILE 1048576/1048576 , AS infinity/infinity , CPU infinity/infinity , DATA infinity/infinity , FSIZE infinity/infinity , MEMLOCK 982040k/982040k
load average: 2.59 2.31 1.93

/proc/meminfo:
MemTotal:        7856320 kB
MemFree:          202920 kB
MemAvailable:     670316 kB
Buffers:           20932 kB
Cached:          1355596 kB
SwapCached:       175232 kB
Active:          3316240 kB
Inactive:        3405556 kB
Active(anon):    2929948 kB
Inactive(anon):  3189728 kB
Active(file):     386292 kB
Inactive(file):   215828 kB
Unevictable:       59096 kB
Mlocked:             212 kB
SwapTotal:       8004604 kB
SwapFree:        2329328 kB
Zswap:                 0 kB
Zswapped:              0 kB
Dirty:              3100 kB
Writeback:           212 kB
AnonPages:       5234584 kB
Mapped:           484748 kB
Shmem:            773496 kB
KReclaimable:     178648 kB
Slab:             519036 kB
SReclaimable:     178648 kB
SUnreclaim:       340388 kB
KernelStack:       38784 kB
PageTables:       109656 kB
NFS_Unstable:          0 kB
Bounce:                0 kB
WritebackTmp:          0 kB
CommitLimit:    11932764 kB
Committed_AS:   29772324 kB
VmallocTotal:   34359738367 kB
VmallocUsed:      136980 kB
VmallocChunk:          0 kB
Percpu:            11072 kB
HardwareCorrupted:     0 kB
AnonHugePages:      4096 kB
ShmemHugePages:        0 kB
ShmemPmdMapped:        0 kB
FileHugePages:         0 kB
FilePmdMapped:         0 kB
HugePages_Total:       0
HugePages_Free:        0
HugePages_Rsvd:        0
HugePages_Surp:        0
Hugepagesize:       2048 kB
Hugetlb:               0 kB
DirectMap4k:      950536 kB
DirectMap2M:     7153664 kB
DirectMap1G:           0 kB

/sys/kernel/mm/transparent_hugepage/enabled: always [madvise] never
/sys/kernel/mm/transparent_hugepage/defrag (defrag/compaction efforts parameter): always defer defer+madvise [madvise] never

Process Memory:
Virtual Size: 4789568K (peak: 4848808K)
Resident Set Size: 72024K (peak: 72024K) (anon: 43900K, file: 28124K, shmem: 0K)
Swapped out: 0K
C-Heap outstanding allocations: 28527K, retained: 3564K
glibc malloc tunables: (default)

/proc/sys/kernel/threads-max (system-wide limit on the number of threads): 60753
/proc/sys/vm/max_map_count (maximum number of memory map areas a process may have): 65530
/proc/sys/kernel/pid_max (system-wide limit on number of process identifiers): 4194304

container (cgroup) information:
container_type: cgroupv2
cpu_cpuset_cpus: not supported
cpu_memory_nodes: not supported
active_processor_count: 8
cpu_quota: not supported
cpu_period: not supported
cpu_shares: not supported
memory_limit_in_bytes: unlimited
memory_and_swap_limit_in_bytes: unlimited
memory_soft_limit_in_bytes: unlimited
memory_usage_in_bytes: 3037648 k
memory_max_usage_in_bytes: not supported
maximum number of tasks: 9112
current number of tasks: 496

Steal ticks since vm start: 0
Steal ticks percentage since vm start:  0.000

CPU: total 8 (initial active 8) (4 cores per cpu, 2 threads per core) family 6 model 140 stepping 1 microcode 0xa4, cx8, cmov, fxsr, ht, mmx, 3dnowpref, sse, sse2, sse3, ssse3, sse4.1, sse4.2, popcnt, lzcnt, tsc, tscinvbit, avx, avx2, aes, erms, clmul, bmi1, bmi2, adx, avx512f, avx512dq, avx512cd, avx512bw, avx512vl, sha, fma, vzeroupper, avx512_vpopcntdq, avx512_vpclmulqdq, avx512_vaes, avx512_vnni, clflush, clflushopt, clwb, avx512_vbmi2, avx512_vbmi
CPU Model and flags from /proc/cpuinfo:
model name	: 11th Gen Intel(R) Core(TM) i5-1135G7 @ 2.40GHz
flags		: fpu vme de pse tsc msr pae mce cx8 apic sep mtrr pge mca cmov pat pse36 clflush dts acpi mmx fxsr sse sse2 ss ht tm pbe syscall nx pdpe1gb rdtscp lm constant_tsc art arch_perfmon pebs bts rep_good nopl xtopology nonstop_tsc cpuid aperfmperf tsc_known_freq pni pclmulqdq dtes64 monitor ds_cpl est tm2 ssse3 sdbg fma cx16 xtpr pdcm pcid sse4_1 sse4_2 x2apic movbe popcnt tsc_deadline_timer aes xsave avx f16c rdrand lahf_lm abm 3dnowprefetch cpuid_fault epb cat_l2 invpcid_single cdp_l2 ssbd ibrs ibpb stibp ibrs_enhanced fsgsbase tsc_adjust bmi1 avx2 smep bmi2 erms invpcid rdt_a avx512f avx512dq rdseed adx smap avx512ifma clflushopt clwb intel_pt avx512cd sha_ni avx512bw avx512vl xsaveopt xsavec xgetbv1 xsaves split_lock_detect dtherm ida arat pln pts hwp hwp_notify hwp_act_window hwp_epp hwp_pkg_req avx512vbmi umip pku ospke avx512_vbmi2 gfni vaes vpclmulqdq avx512_vnni avx512_bitalg avx512_vpopcntdq rdpid movdiri movdir64b fsrm avx512_vp2intersect md_clear ibt flush_l1d arch_capabilities

Online cpus: 0-7
Offline cpus: 
BIOS frequency limitation: <Not Available>
Frequency switch latency (ns): 0
Available cpu frequencies: <Not Available>
Current governor: powersave
Core performance/turbo boost: <Not Available>

Memory: 4k page, physical 7856320k(202920k free), swap 8004604k(2329328k free)
Page Sizes: 4k

vm_info: OpenJDK 64-Bit Server VM (17.0.5+8-LTS) for linux-amd64 JRE (17.0.5+8-LTS), built on Oct 13 2022 05:01:28 by "jenkins" with gcc 7.3.1 20180303 (Red Hat 7.3.1-5)

END.
