#
# A fatal error has been detected by the Java Runtime Environment:
#
#  SIGSEGV (0xb) at pc=0x00007ff22f386cfc, pid=271267, tid=271269
#
# JRE version: OpenJDK Runtime Environment Corretto-17.0.5.8.1 (17.0.5+8) (build 17.0.5+8-LTS)
# Java VM: OpenJDK 64-Bit Server VM Corretto-17.0.5.8.1 (17.0.5+8-LTS, mixed mode, tiered, compressed oops, compressed class ptrs, g1 gc, linux-amd64)
# Problematic frame:
# C  [libc.so.6+0x186cfc]
#
# Core dump will be written. Default location: Core dumps may be processed with "/usr/share/apport/apport -p%p -s%s -c%c -d%d -P%P -u%u -g%g -- %E" (or dumping to /home/kryo/Desktop/meshchat/client/core.271267)
#
# If you would like to submit a bug report, please visit:
#   https://github.com/corretto/corretto-17/issues/
# The crash happened outside the Java Virtual Machine in native code.
# See problematic frame for where to report the bug.
#

---------------  S U M M A R Y ------------

Command Line: -Dorg.gradle.internal.worker.tmpdir=/home/kryo/Desktop/meshchat/client/build/tmp/test/work -Dorg.gradle.native=false --module-path=/home/kryo/Desktop/meshchat/client/build/classes/java/test:/home/kryo/Desktop/meshchat/client/build/resources/test:/home/kryo/Desktop/meshchat/client/build/classes/java/main:/home/kryo/Desktop/meshchat/client/build/resources/main:/home/kryo/.gradle/caches/modules-2/files-2.1/org.openjfx/javafx-fxml/17.0.2/1c65c10f9656d7d6c1424d4711cc56a9ee99220d/javafx-fxml-17.0.2-linux.jar:/home/kryo/.gradle/caches/modules-2/files-2.1/org.openjfx/javafx-controls/17.0.2/c39c919f987496f86f04babacf2dd27d2bdb263e/javafx-controls-17.0.2-linux.jar:/home/kryo/.gradle/caches/modules-2/files-2.1/org.openjfx/javafx-controls/17.0.2/f52640ea07a0d7fe2ac8b9f945ec58fa22ac1afd/javafx-controls-17.0.2.jar:/home/kryo/.gradle/caches/modules-2/files-2.1/org.openjfx/javafx-graphics/17.0.2/ac7e322130657d7ac694d1aa32799d32c02a12c9/javafx-graphics-17.0.2-linux.jar:/home/kryo/.gradle/caches/modules-2/files-2.1/org.openjfx/javafx-graphics/17.0.2/1eb7ce07e07ccc2fcb26103f07535e72069519d6/javafx-graphics-17.0.2.jar:/home/kryo/.gradle/caches/modules-2/files-2.1/org.openjfx/javafx-base/17.0.2/710e894e37e7027340e9697d29a11e024d3bd7ae/javafx-base-17.0.2-linux.jar:/home/kryo/.gradle/caches/modules-2/files-2.1/org.openjfx/javafx-base/17.0.2/ca46f15a306175ac1513211e1d190a5baacd77cc/javafx-base-17.0.2.jar:/home/kryo/.gradle/caches/modules-2/files-2.1/org.controlsfx/controlsfx/11.1.1/d303c563c23d5176346e8d05932afbec421060ae/controlsfx-11.1.1.jar:/home/kryo/.gradle/caches/modules-2/files-2.1/org.kordamp.bootstrapfx/bootstrapfx-core/0.4.0/8d019b30266c00770cf29921d1008ad7feed0ed6/bootstrapfx-core-0.4.0.jar:/home/kryo/.gradle/caches/modules-2/files-2.1/com.github.jnr/jnr-ffi/2.2.13/3d2c01e80845af089c77c742922344388d9bdc75/jnr-ffi-2.2.13.jar:/home/kryo/.gradle/caches/modules-2/files-2.1/org.junit.jupiter/junit-jupiter-engine/5.8.2/c598b4328d2f397194d11df3b1648d68d7d990e3/junit-jupiter-engine-5.8.2.jar:/home/kryo/.gradle/caches/modules-2/files-2.1/org.junit.platform/junit-platform-engine/1.8.2/b737de09f19864bd1--patch-module=com.meshchat.client=/home/kryo/Desktop/meshchat/client/build/classes/java/test:/home/kryo/Desktop/meshchat/client/build/resources/main:/home/kryo/Desktop/meshchat/client/build/resources/test --add-modules=ALL-MODULE-PATH --add-reads=com.meshchat.client=org.junit.platform.engine --add-opens=com.meshchat.client/com.meshchat.client.experiments=ALL-UNNAMED --add-exports=org.junit.platform.engine/org.junit.platform.engine.support.filter=org.junit.jupiter.engine,ALL-UNNAMED --add-reads=com.meshchat.client=org.junit.jupiter.params --add-opens=com.meshchat.client/com.meshchat.client.experiments=org.junit.platform.commons --add-reads=com.meshchat.client=org.junit.jupiter.api --add-opens=com.meshchat.client/com.meshchat.client.experiments=org.junit.platform.commons --add-reads=com.meshchat.client=org.junit.platform.commons --add-opens=com.meshchat.client/com.meshchat.client.experiments=ALL-UNNAMED --add-exports=org.junit.platform.commons/org.junit.platform.commons.util=ALL-UNNAMED --add-exports=org.junit.platform.commons/org.junit.platform.commons.logging=ALL-UNNAMED --add-reads=com.meshchat.client=org.junit.jupiter.engine --add-opens=com.meshchat.client/com.meshchat.client.experiments=ALL-UNNAMED -Xmx512m -Dfile.encoding=UTF-8 -Duser.country=US -Duser.language=en -Duser.variant -ea worker.org.gradle.process.internal.worker.GradleWorkerMain 'Gradle Test Executor 3'

Host: 11th Gen Intel(R) Core(TM) i5-1135G7 @ 2.40GHz, 8 cores, 7G, Ubuntu 22.10
Time: Mon Dec 26 12:59:22 2022 +07 elapsed time: 0.699567 seconds (0d 0h 0m 0s)

---------------  T H R E A D  ---------------

Current thread (0x00007ff228029310):  JavaThread "Test worker" [_thread_in_native, id=271269, stack(0x00007ff22f500000,0x00007ff22f600000)]

Stack: [0x00007ff22f500000,0x00007ff22f600000],  sp=0x00007ff22f5faa98,  free space=1002k
Native frames: (J=compiled Java code, j=interpreted, Vv=VM code, C=native code)
C  [libc.so.6+0x186cfc]

Java frames: (J=compiled Java code, j=interpreted, Vv=VM code)
j  com.meshchat.client.experiments.libs.TypeMappingLib$jnr$ffi$0.print_common_t$jni$2(J)V+0
j  com.meshchat.client.experiments.libs.TypeMappingLib$jnr$ffi$0.print_common_t(Lcom/meshchat/client/experiments/CommonJNR;)V+39
j  com.meshchat.client.experiments.JNRUnionStructNestedUnionTest.test_create_common_t()V+30 com.meshchat.client@1.0-SNAPSHOT
v  ~StubRoutines::call_stub
j  jdk.internal.reflect.NativeMethodAccessorImpl.invoke0(Ljava/lang/reflect/Method;Ljava/lang/Object;[Ljava/lang/Object;)Ljava/lang/Object;+0 java.base@17.0.5
j  jdk.internal.reflect.NativeMethodAccessorImpl.invoke(Ljava/lang/Object;[Ljava/lang/Object;)Ljava/lang/Object;+133 java.base@17.0.5
j  jdk.internal.reflect.DelegatingMethodAccessorImpl.invoke(Ljava/lang/Object;[Ljava/lang/Object;)Ljava/lang/Object;+6 java.base@17.0.5
j  java.lang.reflect.Method.invoke(Ljava/lang/Object;[Ljava/lang/Object;)Ljava/lang/Object;+59 java.base@17.0.5
j  org.junit.platform.commons.util.ReflectionUtils.invokeMethod(Ljava/lang/reflect/Method;Ljava/lang/Object;[Ljava/lang/Object;)Ljava/lang/Object;+42 org.junit.platform.commons@1.8.2
j  org.junit.jupiter.engine.execution.MethodInvocation.proceed()Ljava/lang/Object;+16 org.junit.jupiter.engine@5.8.2
j  org.junit.jupiter.engine.execution.InvocationInterceptorChain$ValidatingInvocation.proceed()Ljava/lang/Object;+8 org.junit.jupiter.engine@5.8.2
j  org.junit.jupiter.engine.extension.TimeoutExtension.intercept(Lorg/junit/jupiter/api/extension/InvocationInterceptor$Invocation;Lorg/junit/jupiter/api/extension/ReflectiveInvocationContext;Lorg/junit/jupiter/api/extension/ExtensionContext;Lorg/junit/jupiter/engine/extension/TimeoutDuration;Lorg/junit/jupiter/engine/extension/TimeoutExtension$TimeoutProvider;)Ljava/lang/Object;+28 org.junit.jupiter.engine@5.8.2
j  org.junit.jupiter.engine.extension.TimeoutExtension.interceptTestableMethod(Lorg/junit/jupiter/api/extension/InvocationInterceptor$Invocation;Lorg/junit/jupiter/api/extension/ReflectiveInvocationContext;Lorg/junit/jupiter/api/extension/ExtensionContext;Lorg/junit/jupiter/engine/extension/TimeoutExtension$TimeoutProvider;)Ljava/lang/Object;+31 org.junit.jupiter.engine@5.8.2
j  org.junit.jupiter.engine.extension.TimeoutExtension.interceptTestMethod(Lorg/junit/jupiter/api/extension/InvocationInterceptor$Invocation;Lorg/junit/jupiter/api/extension/ReflectiveInvocationContext;Lorg/junit/jupiter/api/extension/ExtensionContext;)V+9 org.junit.jupiter.engine@5.8.2
j  org.junit.jupiter.engine.descriptor.TestMethodTestDescriptor$$Lambda$248+0x00000001001a1e38.apply(Lorg/junit/jupiter/api/extension/InvocationInterceptor;Lorg/junit/jupiter/api/extension/InvocationInterceptor$Invocation;Lorg/junit/jupiter/api/extension/ReflectiveInvocationContext;Lorg/junit/jupiter/api/extension/ExtensionContext;)V+5 org.junit.jupiter.engine@5.8.2
j  org.junit.jupiter.engine.execution.ExecutableInvoker$ReflectiveInterceptorCall.lambda$ofVoidMethod$0(Lorg/junit/jupiter/engine/execution/ExecutableInvoker$ReflectiveInterceptorCall$VoidMethodInterceptorCall;Lorg/junit/jupiter/api/extension/InvocationInterceptor;Lorg/junit/jupiter/api/extension/InvocationInterceptor$Invocation;Lorg/junit/jupiter/api/extension/ReflectiveInvocationContext;Lorg/junit/jupiter/api/extension/ExtensionContext;)Ljava/lang/Void;+6 org.junit.jupiter.engine@5.8.2
j  org.junit.jupiter.engine.execution.ExecutableInvoker$ReflectiveInterceptorCall$$Lambda$249+0x00000001001a2258.apply(Lorg/junit/jupiter/api/extension/InvocationInterceptor;Lorg/junit/jupiter/api/extension/InvocationInterceptor$Invocation;Lorg/junit/jupiter/api/extension/ReflectiveInvocationContext;Lorg/junit/jupiter/api/extension/ExtensionContext;)Ljava/lang/Object;+9 org.junit.jupiter.engine@5.8.2
j  org.junit.jupiter.engine.execution.ExecutableInvoker.lambda$invoke$0(Lorg/junit/jupiter/engine/execution/ExecutableInvoker$ReflectiveInterceptorCall;Lorg/junit/jupiter/api/extension/ReflectiveInvocationContext;Lorg/junit/jupiter/api/extension/ExtensionContext;Lorg/junit/jupiter/api/extension/InvocationInterceptor;Lorg/junit/jupiter/api/extension/InvocationInterceptor$Invocation;)Ljava/lang/Object;+6 org.junit.jupiter.engine@5.8.2
j  org.junit.jupiter.engine.execution.ExecutableInvoker$$Lambda$410+0x000000010020b670.apply(Lorg/junit/jupiter/api/extension/InvocationInterceptor;Lorg/junit/jupiter/api/extension/InvocationInterceptor$Invocation;)Ljava/lang/Object;+14 org.junit.jupiter.engine@5.8.2
j  org.junit.jupiter.engine.execution.InvocationInterceptorChain$InterceptedInvocation.proceed()Ljava/lang/Object;+12 org.junit.jupiter.engine@5.8.2
j  org.junit.jupiter.engine.execution.InvocationInterceptorChain.proceed(Lorg/junit/jupiter/api/extension/InvocationInterceptor$Invocation;)Ljava/lang/Object;+1 org.junit.jupiter.engine@5.8.2
j  org.junit.jupiter.engine.execution.InvocationInterceptorChain.chainAndInvoke(Lorg/junit/jupiter/api/extension/InvocationInterceptor$Invocation;Lorg/junit/jupiter/engine/execution/InvocationInterceptorChain$InterceptorCall;Ljava/util/List;)Ljava/lang/Object;+24 org.junit.jupiter.engine@5.8.2
j  org.junit.jupiter.engine.execution.InvocationInterceptorChain.invoke(Lorg/junit/jupiter/api/extension/InvocationInterceptor$Invocation;Lorg/junit/jupiter/engine/extension/ExtensionRegistry;Lorg/junit/jupiter/engine/execution/InvocationInterceptorChain$InterceptorCall;)Ljava/lang/Object;+31 org.junit.jupiter.engine@5.8.2
j  org.junit.jupiter.engine.execution.ExecutableInvoker.invoke(Lorg/junit/jupiter/api/extension/InvocationInterceptor$Invocation;Lorg/junit/jupiter/api/extension/ReflectiveInvocationContext;Lorg/junit/jupiter/api/extension/ExtensionContext;Lorg/junit/jupiter/engine/extension/ExtensionRegistry;Lorg/junit/jupiter/engine/execution/ExecutableInvoker$ReflectiveInterceptorCall;)Ljava/lang/Object;+15 org.junit.jupiter.engine@5.8.2
j  org.junit.jupiter.engine.execution.ExecutableInvoker.invoke(Ljava/lang/reflect/Method;Ljava/lang/Object;Lorg/junit/jupiter/api/extension/ExtensionContext;Lorg/junit/jupiter/engine/extension/ExtensionRegistry;Lorg/junit/jupiter/engine/execution/ExecutableInvoker$ReflectiveInterceptorCall;)Ljava/lang/Object;+56 org.junit.jupiter.engine@5.8.2
j  org.junit.jupiter.engine.descriptor.TestMethodTestDescriptor.lambda$invokeTestMethod$7(Lorg/junit/jupiter/api/extension/ExtensionContext;Lorg/junit/jupiter/engine/execution/JupiterEngineExecutionContext;)V+28 org.junit.jupiter.engine@5.8.2
j  org.junit.jupiter.engine.descriptor.TestMethodTestDescriptor$$Lambda$436+0x000000010024cfa0.execute()V+12 org.junit.jupiter.engine@5.8.2
j  org.junit.platform.engine.support.hierarchical.ThrowableCollector.execute(Lorg/junit/platform/engine/support/hierarchical/ThrowableCollector$Executable;)V+1 org.junit.platform.engine@1.8.2
j  org.junit.jupiter.engine.descriptor.TestMethodTestDescriptor.invokeTestMethod(Lorg/junit/jupiter/engine/execution/JupiterEngineExecutionContext;Lorg/junit/platform/engine/support/hierarchical/Node$DynamicTestExecutor;)V+21 org.junit.jupiter.engine@5.8.2
j  org.junit.jupiter.engine.descriptor.TestMethodTestDescriptor.execute(Lorg/junit/jupiter/engine/execution/JupiterEngineExecutionContext;Lorg/junit/platform/engine/support/hierarchical/Node$DynamicTestExecutor;)Lorg/junit/jupiter/engine/execution/JupiterEngineExecutionContext;+44 org.junit.jupiter.engine@5.8.2
j  org.junit.jupiter.engine.descriptor.TestMethodTestDescriptor.execute(Lorg/junit/platform/engine/support/hierarchical/EngineExecutionContext;Lorg/junit/platform/engine/support/hierarchical/Node$DynamicTestExecutor;)Lorg/junit/platform/engine/support/hierarchical/EngineExecutionContext;+6 org.junit.jupiter.engine@5.8.2
j  org.junit.platform.engine.support.hierarchical.NodeTestTask.lambda$executeRecursively$6()V+79 org.junit.platform.engine@1.8.2
j  org.junit.platform.engine.support.hierarchical.NodeTestTask$$Lambda$347+0x0000000100200428.execute()V+4 org.junit.platform.engine@1.8.2
j  org.junit.platform.engine.support.hierarchical.ThrowableCollector.execute(Lorg/junit/platform/engine/support/hierarchical/ThrowableCollector$Executable;)V+1 org.junit.platform.engine@1.8.2
j  org.junit.platform.engine.support.hierarchical.NodeTestTask.lambda$executeRecursively$8(Lorg/junit/platform/engine/support/hierarchical/EngineExecutionContext;)V+15 org.junit.platform.engine@1.8.2
j  org.junit.platform.engine.support.hierarchical.NodeTestTask$$Lambda$346+0x0000000100200200.invoke(Lorg/junit/platform/engine/support/hierarchical/EngineExecutionContext;)V+5 org.junit.platform.engine@1.8.2
j  org.junit.platform.engine.support.hierarchical.Node.around(Lorg/junit/platform/engine/support/hierarchical/EngineExecutionContext;Lorg/junit/platform/engine/support/hierarchical/Node$Invocation;)V+2 org.junit.platform.engine@1.8.2
j  org.junit.platform.engine.support.hierarchical.NodeTestTask.lambda$executeRecursively$9()V+14 org.junit.platform.engine@1.8.2
j  org.junit.platform.engine.support.hierarchical.NodeTestTask$$Lambda$345+0x00000001001bc400.execute()V+4 org.junit.platform.engine@1.8.2
j  org.junit.platform.engine.support.hierarchical.ThrowableCollector.execute(Lorg/junit/platform/engine/support/hierarchical/ThrowableCollector$Executable;)V+1 org.junit.platform.engine@1.8.2
j  org.junit.platform.engine.support.hierarchical.NodeTestTask.executeRecursively()V+31 org.junit.platform.engine@1.8.2
j  org.junit.platform.engine.support.hierarchical.NodeTestTask.execute()V+55 org.junit.platform.engine@1.8.2
j  org.junit.platform.engine.support.hierarchical.SameThreadHierarchicalTestExecutorService$$Lambda$351+0x0000000100200f40.accept(Ljava/lang/Object;)V+4 org.junit.platform.engine@1.8.2
j  java.util.ArrayList.forEach(Ljava/util/function/Consumer;)V+46 java.base@17.0.5
j  org.junit.platform.engine.support.hierarchical.SameThreadHierarchicalTestExecutorService.invokeAll(Ljava/util/List;)V+6 org.junit.platform.engine@1.8.2
j  org.junit.platform.engine.support.hierarchical.NodeTestTask.lambda$executeRecursively$6()V+116 org.junit.platform.engine@1.8.2
j  org.junit.platform.engine.support.hierarchical.NodeTestTask$$Lambda$347+0x0000000100200428.execute()V+4 org.junit.platform.engine@1.8.2
j  org.junit.platform.engine.support.hierarchical.ThrowableCollector.execute(Lorg/junit/platform/engine/support/hierarchical/ThrowableCollector$Executable;)V+1 org.junit.platform.engine@1.8.2
j  org.junit.platform.engine.support.hierarchical.NodeTestTask.lambda$executeRecursively$8(Lorg/junit/platform/engine/support/hierarchical/EngineExecutionContext;)V+15 org.junit.platform.engine@1.8.2
j  org.junit.platform.engine.support.hierarchical.NodeTestTask$$Lambda$346+0x0000000100200200.invoke(Lorg/junit/platform/engine/support/hierarchical/EngineExecutionContext;)V+5 org.junit.platform.engine@1.8.2
j  org.junit.platform.engine.support.hierarchical.Node.around(Lorg/junit/platform/engine/support/hierarchical/EngineExecutionContext;Lorg/junit/platform/engine/support/hierarchical/Node$Invocation;)V+2 org.junit.platform.engine@1.8.2
j  org.junit.platform.engine.support.hierarchical.NodeTestTask.lambda$executeRecursively$9()V+14 org.junit.platform.engine@1.8.2
j  org.junit.platform.engine.support.hierarchical.NodeTestTask$$Lambda$345+0x00000001001bc400.execute()V+4 org.junit.platform.engine@1.8.2
j  org.junit.platform.engine.support.hierarchical.ThrowableCollector.execute(Lorg/junit/platform/engine/support/hierarchical/ThrowableCollector$Executable;)V+1 org.junit.platform.engine@1.8.2
j  org.junit.platform.engine.support.hierarchical.NodeTestTask.executeRecursively()V+31 org.junit.platform.engine@1.8.2
j  org.junit.platform.engine.support.hierarchical.NodeTestTask.execute()V+55 org.junit.platform.engine@1.8.2
j  org.junit.platform.engine.support.hierarchical.SameThreadHierarchicalTestExecutorService$$Lambda$351+0x0000000100200f40.accept(Ljava/lang/Object;)V+4 org.junit.platform.engine@1.8.2
j  java.util.ArrayList.forEach(Ljava/util/function/Consumer;)V+46 java.base@17.0.5
j  org.junit.platform.engine.support.hierarchical.SameThreadHierarchicalTestExecutorService.invokeAll(Ljava/util/List;)V+6 org.junit.platform.engine@1.8.2
j  org.junit.platform.engine.support.hierarchical.NodeTestTask.lambda$executeRecursively$6()V+116 org.junit.platform.engine@1.8.2
j  org.junit.platform.engine.support.hierarchical.NodeTestTask$$Lambda$347+0x0000000100200428.execute()V+4 org.junit.platform.engine@1.8.2
j  org.junit.platform.engine.support.hierarchical.ThrowableCollector.execute(Lorg/junit/platform/engine/support/hierarchical/ThrowableCollector$Executable;)V+1 org.junit.platform.engine@1.8.2
j  org.junit.platform.engine.support.hierarchical.NodeTestTask.lambda$executeRecursively$8(Lorg/junit/platform/engine/support/hierarchical/EngineExecutionContext;)V+15 org.junit.platform.engine@1.8.2
j  org.junit.platform.engine.support.hierarchical.NodeTestTask$$Lambda$346+0x0000000100200200.invoke(Lorg/junit/platform/engine/support/hierarchical/EngineExecutionContext;)V+5 org.junit.platform.engine@1.8.2
j  org.junit.platform.engine.support.hierarchical.Node.around(Lorg/junit/platform/engine/support/hierarchical/EngineExecutionContext;Lorg/junit/platform/engine/support/hierarchical/Node$Invocation;)V+2 org.junit.platform.engine@1.8.2
j  org.junit.platform.engine.support.hierarchical.NodeTestTask.lambda$executeRecursively$9()V+14 org.junit.platform.engine@1.8.2
j  org.junit.platform.engine.support.hierarchical.NodeTestTask$$Lambda$345+0x00000001001bc400.execute()V+4 org.junit.platform.engine@1.8.2
j  org.junit.platform.engine.support.hierarchical.ThrowableCollector.execute(Lorg/junit/platform/engine/support/hierarchical/ThrowableCollector$Executable;)V+1 org.junit.platform.engine@1.8.2
j  org.junit.platform.engine.support.hierarchical.NodeTestTask.executeRecursively()V+31 org.junit.platform.engine@1.8.2
j  org.junit.platform.engine.support.hierarchical.NodeTestTask.execute()V+55 org.junit.platform.engine@1.8.2
j  org.junit.platform.engine.support.hierarchical.SameThreadHierarchicalTestExecutorService.submit(Lorg/junit/platform/engine/support/hierarchical/HierarchicalTestExecutorService$TestTask;)Ljava/util/concurrent/Future;+1 org.junit.platform.engine@1.8.2
j  org.junit.platform.engine.support.hierarchical.HierarchicalTestExecutor.execute()Ljava/util/concurrent/Future;+74 org.junit.platform.engine@1.8.2
j  org.junit.platform.engine.support.hierarchical.HierarchicalTestEngine.execute(Lorg/junit/platform/engine/ExecutionRequest;)V+31 org.junit.platform.engine@1.8.2
j  org.junit.platform.launcher.core.EngineExecutionOrchestrator.execute(Lorg/junit/platform/engine/TestDescriptor;Lorg/junit/platform/engine/EngineExecutionListener;Lorg/junit/platform/engine/ConfigurationParameters;Lorg/junit/platform/engine/TestEngine;)V+24
j  org.junit.platform.launcher.core.EngineExecutionOrchestrator.execute(Lorg/junit/platform/launcher/core/LauncherDiscoveryResult;Lorg/junit/platform/engine/EngineExecutionListener;)V+86
j  org.junit.platform.launcher.core.EngineExecutionOrchestrator.lambda$execute$0(Lorg/junit/platform/launcher/core/InternalTestPlan;Lorg/junit/platform/launcher/core/LauncherDiscoveryResult;Lorg/junit/platform/launcher/TestExecutionListener;)V+18
j  org.junit.platform.launcher.core.EngineExecutionOrchestrator$$Lambda$301+0x00000001001adcb8.accept(Ljava/lang/Object;)V+16
j  org.junit.platform.launcher.core.EngineExecutionOrchestrator.withInterceptedStreams(Lorg/junit/platform/engine/ConfigurationParameters;Lorg/junit/platform/launcher/core/ListenerRegistry;Ljava/util/function/Consumer;)V+51
j  org.junit.platform.launcher.core.EngineExecutionOrchestrator.execute(Lorg/junit/platform/launcher/core/InternalTestPlan;[Lorg/junit/platform/launcher/TestExecutionListener;)V+35
j  org.junit.platform.launcher.core.DefaultLauncher.execute(Lorg/junit/platform/launcher/core/InternalTestPlan;[Lorg/junit/platform/launcher/TestExecutionListener;)V+6
j  org.junit.platform.launcher.core.DefaultLauncher.execute(Lorg/junit/platform/launcher/LauncherDiscoveryRequest;[Lorg/junit/platform/launcher/TestExecutionListener;)V+34
j  org.junit.platform.launcher.core.DefaultLauncherSession$DelegatingLauncher.execute(Lorg/junit/platform/launcher/LauncherDiscoveryRequest;[Lorg/junit/platform/launcher/TestExecutionListener;)V+6
j  org.junit.platform.launcher.core.SessionPerRequestLauncher.execute(Lorg/junit/platform/launcher/LauncherDiscoveryRequest;[Lorg/junit/platform/launcher/TestExecutionListener;)V+13
j  org.gradle.api.internal.tasks.testing.junitplatform.JUnitPlatformTestClassProcessor$CollectAllTestClassesExecutor.processAllTestClasses()V+58
j  org.gradle.api.internal.tasks.testing.junitplatform.JUnitPlatformTestClassProcessor$CollectAllTestClassesExecutor.access$000(Lorg/gradle/api/internal/tasks/testing/junitplatform/JUnitPlatformTestClassProcessor$CollectAllTestClassesExecutor;)V+1
j  org.gradle.api.internal.tasks.testing.junitplatform.JUnitPlatformTestClassProcessor.stop()V+4
j  org.gradle.api.internal.tasks.testing.SuiteTestClassProcessor.stop()V+4
v  ~StubRoutines::call_stub
j  jdk.internal.reflect.NativeMethodAccessorImpl.invoke0(Ljava/lang/reflect/Method;Ljava/lang/Object;[Ljava/lang/Object;)Ljava/lang/Object;+0 java.base@17.0.5
j  jdk.internal.reflect.NativeMethodAccessorImpl.invoke(Ljava/lang/Object;[Ljava/lang/Object;)Ljava/lang/Object;+133 java.base@17.0.5
j  jdk.internal.reflect.DelegatingMethodAccessorImpl.invoke(Ljava/lang/Object;[Ljava/lang/Object;)Ljava/lang/Object;+6 java.base@17.0.5
j  java.lang.reflect.Method.invoke(Ljava/lang/Object;[Ljava/lang/Object;)Ljava/lang/Object;+59 java.base@17.0.5
j  org.gradle.internal.dispatch.ReflectionDispatch.dispatch(Lorg/gradle/internal/dispatch/MethodInvocation;)V+19
j  org.gradle.internal.dispatch.ReflectionDispatch.dispatch(Ljava/lang/Object;)V+5
j  org.gradle.internal.dispatch.ContextClassLoaderDispatch.dispatch(Ljava/lang/Object;)V+22
j  org.gradle.internal.dispatch.ProxyDispatchAdapter$DispatchingInvocationHandler.invoke(Ljava/lang/Object;Ljava/lang/reflect/Method;[Ljava/lang/Object;)Ljava/lang/Object;+177
j  jdk.proxy1.$Proxy2.stop()V+9 jdk.proxy1
j  org.gradle.api.internal.tasks.testing.worker.TestWorker$3.run()V+7
j  org.gradle.api.internal.tasks.testing.worker.TestWorker.executeAndMaintainThreadName(Ljava/lang/Runnable;)V+1
j  org.gradle.api.internal.tasks.testing.worker.TestWorker.execute(Lorg/gradle/process/internal/worker/WorkerProcessContext;)V+80
j  org.gradle.api.internal.tasks.testing.worker.TestWorker.execute(Ljava/lang/Object;)V+5
j  org.gradle.process.internal.worker.child.ActionExecutionWorker.execute(Lorg/gradle/process/internal/worker/WorkerProcessContext;)V+65
j  org.gradle.process.internal.worker.child.SystemApplicationClassLoaderWorker.call()Ljava/lang/Void;+343
j  org.gradle.process.internal.worker.child.SystemApplicationClassLoaderWorker.call()Ljava/lang/Object;+1
j  worker.org.gradle.process.internal.worker.GradleWorkerMain.run()V+250
j  worker.org.gradle.process.internal.worker.GradleWorkerMain.main([Ljava/lang/String;)V+7
v  ~StubRoutines::call_stub

siginfo: si_signo: 11 (SIGSEGV), si_code: 1 (SEGV_MAPERR), si_addr: 0x0000000000000025

Register to memory mapping:

RAX=0x0000000000000025 is an unknown value
RBX=0x00007ff22f3f7760: _IO_2_1_stdout_+0x0000000000000000 in /lib/x86_64-linux-gnu/libc.so.6 at 0x00007ff22f200000
RCX=0x0000000072747309 is an unknown value
RDX=0x00007ff22f5fb028 is pointing into the stack for thread: 0x00007ff228029310
RSP=0x00007ff22f5faa98 is pointing into the stack for thread: 0x00007ff228029310
RBP=0x0000000000000007 is an unknown value
RSI=0x00007ff22f3af120: <offset 0x00000000001af120> in /lib/x86_64-linux-gnu/libc.so.6 at 0x00007ff22f200000
RDI=0x0000000000000025 is an unknown value
R8 =0x000000000000000b is an unknown value
R9 =0x0000000000000073 is an unknown value
R10=0x00000000ffffffff is an unallocated location in the heap
R11=0x00007ff22f40b0d5: <offset 0x00000000000030d5> in /home/kryo/Desktop/meshchat/client/src/main/resources/libtypemapping.so at 0x00007ff22f408000
R12=0x00007ff22f5fb000 is pointing into the stack for thread: 0x00007ff228029310
R13=0x0000000000000025 is an unknown value
R14=0x0 is NULL
R15=0x0 is NULL


Registers:
RAX=0x0000000000000025, RBX=0x00007ff22f3f7760, RCX=0x0000000072747309, RDX=0x00007ff22f5fb028
RSP=0x00007ff22f5faa98, RBP=0x0000000000000007, RSI=0x00007ff22f3af120, RDI=0x0000000000000025
R8 =0x000000000000000b, R9 =0x0000000000000073, R10=0x00000000ffffffff, R11=0x00007ff22f40b0d5
R12=0x00007ff22f5fb000, R13=0x0000000000000025, R14=0x0000000000000000, R15=0x0000000000000000
RIP=0x00007ff22f386cfc, EFLAGS=0x0000000000010283, CSGSFS=0x002b000000000033, ERR=0x0000000000000004
  TRAPNO=0x000000000000000e

Top of Stack: (sp=0x00007ff22f5faa98)
0x00007ff22f5faa98:   00007ff22f261ff5 0000000000000000
0x00007ff22f5faaa8:   00007ff22f40b0cd 00007ff22f40b0d5
0x00007ff22f5faab8:   0000000000000d68 00007ff200000000
0x00007ff22f5faac8:   00007ff22f40b0d4 00007ff22f5fafb7 

Instructions: (pc=0x00007ff22f386cfc)
0x00007ff22f386bfc:   00 00 00 00 0f bc d2 62 e1 fe 28 7f 27 62 e1 fe
0x00007ff22f386c0c:   28 7f 6f 01 48 83 c6 40 48 83 c7 40 e9 4c ff ff
0x00007ff22f386c1c:   ff 0f 1f 00 0f b7 16 66 89 17 c3 66 0f 1f 84 00
0x00007ff22f386c2c:   00 00 00 00 0f b7 0e 66 89 0f c6 47 02 00 c3 0f
0x00007ff22f386c3c:   1f 44 00 00 8b 16 89 17 c3 66 66 2e 0f 1f 84 00
0x00007ff22f386c4c:   00 00 00 00 8b 0e 89 0f 8b 4c 16 fd 89 4c 17 fd
0x00007ff22f386c5c:   c3 0f 1f 00 48 8b 0e 4c 8b 4c 16 f9 48 89 0f 4c
0x00007ff22f386c6c:   89 4c 17 f9 c3 66 66 2e 0f 1f 84 00 00 00 00 00
0x00007ff22f386c7c:   0f 1f 40 00 62 e1 fe 08 6f 16 62 e1 fe 08 6f 9c
0x00007ff22f386c8c:   16 f1 ff ff ff 62 e1 fe 08 7f 17 62 e1 fe 08 7f
0x00007ff22f386c9c:   9c 17 f1 ff ff ff c3 66 66 2e 0f 1f 84 00 00 00
0x00007ff22f386cac:   00 00 66 90 62 e1 fe 28 6f 16 62 e1 fe 28 6f 9c
0x00007ff22f386cbc:   16 e1 ff ff ff 62 e1 fe 28 7f 17 62 e1 fe 28 7f
0x00007ff22f386ccc:   9c 17 e1 ff ff ff c3 66 2e 0f 1f 84 00 00 00 00
0x00007ff22f386cdc:   00 0f 1f 00 f3 0f 1e fa 89 f8 62 a1 fd 00 ef c0
0x00007ff22f386cec:   25 ff 0f 00 00 3d e0 0f 00 00 0f 87 34 01 00 00
0x00007ff22f386cfc:   62 f3 7d 20 3f 07 00 c5 fb 93 c0 85 c0 74 55 f3
0x00007ff22f386d0c:   0f bc c0 c3 f3 0f bc c0 29 d7 8d 44 07 20 c3 0f
0x00007ff22f386d1c:   1f 44 00 00 f3 0f bc c0 29 d7 8d 44 07 40 c3 0f
0x00007ff22f386d2c:   1f 44 00 00 f3 0f bc c0 29 d7 8d 44 07 60 c3 0f
0x00007ff22f386d3c:   1f 44 00 00 f3 0f bc c0 29 d7 8d 84 07 80 00 00
0x00007ff22f386d4c:   00 c3 66 66 2e 0f 1f 84 00 00 00 00 00 0f 1f 80
0x00007ff22f386d5c:   00 00 00 00 48 89 fa 48 83 e7 e0 62 f3 7d 20 3f
0x00007ff22f386d6c:   47 01 00 c5 fb 93 c0 85 c0 75 99 62 f3 7d 20 3f
0x00007ff22f386d7c:   47 02 00 c5 fb 93 c0 85 c0 75 99 62 f3 7d 20 3f
0x00007ff22f386d8c:   47 03 00 c5 fb 93 c0 85 c0 75 99 62 f3 7d 20 3f
0x00007ff22f386d9c:   47 04 00 c5 fb 93 c0 85 c0 75 99 48 83 c7 20 48
0x00007ff22f386dac:   83 e7 80 90 62 e1 fd 28 6f 4f 04 62 e1 75 20 da
0x00007ff22f386dbc:   57 05 62 e1 fd 28 6f 5f 06 62 e1 65 20 da 67 07
0x00007ff22f386dcc:   62 b3 7d 20 3f c2 00 62 b3 7d 20 3f cc 00 48 83
0x00007ff22f386ddc:   ef 80 c4 e1 f9 98 c8 74 cb c5 fb 93 c0 48 29 d7
0x00007ff22f386dec:   85 c0 74 20 62 b3 7d 20 3f d1 00 c5 fb 93 d2 48 


Stack slot to memory mapping:
stack at sp + 0 slots: 0x00007ff22f261ff5: <offset 0x0000000000061ff5> in /lib/x86_64-linux-gnu/libc.so.6 at 0x00007ff22f200000
stack at sp + 1 slots: 0x0 is NULL
stack at sp + 2 slots: 0x00007ff22f40b0cd: <offset 0x00000000000030cd> in /home/kryo/Desktop/meshchat/client/src/main/resources/libtypemapping.so at 0x00007ff22f408000
stack at sp + 3 slots: 0x00007ff22f40b0d5: <offset 0x00000000000030d5> in /home/kryo/Desktop/meshchat/client/src/main/resources/libtypemapping.so at 0x00007ff22f408000
stack at sp + 4 slots: 0x0000000000000d68 is an unknown value
stack at sp + 5 slots: 0x00007ff200000000 is pointing into the stack for thread: 0x00007ff228188850
stack at sp + 6 slots: 0x00007ff22f40b0d4: <offset 0x00000000000030d4> in /home/kryo/Desktop/meshchat/client/src/main/resources/libtypemapping.so at 0x00007ff22f408000
stack at sp + 7 slots: 0x00007ff22f5fafb7 is pointing into the stack for thread: 0x00007ff228029310


---------------  P R O C E S S  ---------------

Threads class SMR info:
_java_thread_list=0x00007ff2286b1ed0, length=14, elements={
0x00007ff228029310, 0x00007ff22815cc20, 0x00007ff22815e230, 0x00007ff228183200,
0x00007ff2281845b0, 0x00007ff2281859c0, 0x00007ff228187370, 0x00007ff228188850,
0x00007ff228189cc0, 0x00007ff2281e5f60, 0x00007ff22832e770, 0x00007ff22869bc50,
0x00007ff2286b0580, 0x00007ff2286b1110
}

Java Threads: ( => current thread )
=>0x00007ff228029310 JavaThread "Test worker" [_thread_in_native, id=271269, stack(0x00007ff22f500000,0x00007ff22f600000)]
  0x00007ff22815cc20 JavaThread "Reference Handler" daemon [_thread_blocked, id=271276, stack(0x00007ff201300000,0x00007ff201400000)]
  0x00007ff22815e230 JavaThread "Finalizer" daemon [_thread_blocked, id=271277, stack(0x00007ff200f00000,0x00007ff201000000)]
  0x00007ff228183200 JavaThread "Signal Dispatcher" daemon [_thread_blocked, id=271278, stack(0x00007ff200e00000,0x00007ff200f00000)]
  0x00007ff2281845b0 JavaThread "Service Thread" daemon [_thread_blocked, id=271279, stack(0x00007ff200300000,0x00007ff200400000)]
  0x00007ff2281859c0 JavaThread "Monitor Deflation Thread" daemon [_thread_blocked, id=271280, stack(0x00007ff200200000,0x00007ff200300000)]
  0x00007ff228187370 JavaThread "C2 CompilerThread0" daemon [_thread_blocked, id=271281, stack(0x00007ff200100000,0x00007ff200200000)]
  0x00007ff228188850 JavaThread "C1 CompilerThread0" daemon [_thread_blocked, id=271282, stack(0x00007ff200000000,0x00007ff200100000)]
  0x00007ff228189cc0 JavaThread "Sweeper thread" daemon [_thread_blocked, id=271283, stack(0x00007ff1dbf00000,0x00007ff1dc000000)]
  0x00007ff2281e5f60 JavaThread "Common-Cleaner" daemon [_thread_blocked, id=271285, stack(0x00007ff1dbe00000,0x00007ff1dbf00000)]
  0x00007ff22832e770 JavaThread "Notification Thread" daemon [_thread_blocked, id=271286, stack(0x00007ff1dbd00000,0x00007ff1dbe00000)]
  0x00007ff22869bc50 JavaThread "/127.0.0.1:50778 to /127.0.0.1:35567 workers" [_thread_blocked, id=271292, stack(0x00007ff1db500000,0x00007ff1db600000)]
  0x00007ff2286b0580 JavaThread "/127.0.0.1:50778 to /127.0.0.1:35567 workers Thread 2" [_thread_blocked, id=271293, stack(0x00007ff1db100000,0x00007ff1db200000)]
  0x00007ff2286b1110 JavaThread "/127.0.0.1:50778 to /127.0.0.1:35567 workers Thread 3" [_thread_in_native, id=271294, stack(0x00007ff1dad00000,0x00007ff1dae00000)]

Other Threads:
  0x00007ff22814d8b0 VMThread "VM Thread" [stack: 0x00007ff201cfc000,0x00007ff201dfc000] [id=271275]
  0x00007ff22802be00 WatcherThread [stack: 0x00007ff1db900000,0x00007ff1dba00000] [id=271287]
  0x00007ff228058600 GCTaskThread "GC Thread#0" [stack: 0x00007ff210b00000,0x00007ff210c00000] [id=271270]
  0x00007ff1f8005f30 GCTaskThread "GC Thread#1" [stack: 0x00007ff1da300000,0x00007ff1da400000] [id=271295]
  0x00007ff1f8006960 GCTaskThread "GC Thread#2" [stack: 0x00007ff1d9f00000,0x00007ff1da000000] [id=271296]
  0x00007ff1f8007390 GCTaskThread "GC Thread#3" [stack: 0x00007ff1d9dfe000,0x00007ff1d9efe000] [id=271297]
  0x00007ff1f8007dc0 GCTaskThread "GC Thread#4" [stack: 0x00007ff1d9cfc000,0x00007ff1d9dfc000] [id=271298]
  0x00007ff1f80087f0 GCTaskThread "GC Thread#5" [stack: 0x00007ff1d9bfa000,0x00007ff1d9cfa000] [id=271299]
  0x00007ff1f8009610 GCTaskThread "GC Thread#6" [stack: 0x00007ff1d9af8000,0x00007ff1d9bf8000] [id=271300]
  0x00007ff1f800a450 GCTaskThread "GC Thread#7" [stack: 0x00007ff1d99f6000,0x00007ff1d9af6000] [id=271301]
  0x00007ff22805db80 ConcurrentGCThread "G1 Main Marker" [stack: 0x00007ff2109fe000,0x00007ff210afe000] [id=271271]
  0x00007ff22805eae0 ConcurrentGCThread "G1 Conc#0" [stack: 0x00007ff2108fc000,0x00007ff2109fc000] [id=271272]
  0x00007ff2280d19f0 ConcurrentGCThread "G1 Refine#0" [stack: 0x00007ff201f00000,0x00007ff202000000] [id=271273]
  0x00007ff1fc000eb0 ConcurrentGCThread "G1 Refine#1" [stack: 0x00007ff1d98f4000,0x00007ff1d99f4000] [id=271302]
  0x00007ff2280d28e0 ConcurrentGCThread "G1 Service" [stack: 0x00007ff201dfe000,0x00007ff201efe000] [id=271274]

Threads with active compile tasks:

VM state: not at safepoint (normal execution)

VM Mutex/Monitor currently owned by a thread: None

Heap address: 0x00000000e0000000, size: 512 MB, Compressed Oops mode: 32-bit

CDS archive(s) not mapped
Compressed class space mapped at: 0x0000000100000000-0x0000000140000000, reserved size: 1073741824
Narrow klass base: 0x0000000000000000, Narrow klass shift: 3, Narrow klass range: 0x140000000

GC Precious Log:
 CPUs: 8 total, 8 available
 Memory: 7672M
 Large Page Support: Disabled
 NUMA Support: Disabled
 Compressed Oops: Enabled (32-bit)
 Heap Region Size: 1M
 Heap Min Capacity: 8M
 Heap Initial Capacity: 120M
 Heap Max Capacity: 512M
 Pre-touch: Disabled
 Parallel Workers: 8
 Concurrent Workers: 2
 Concurrent Refinement Workers: 8
 Periodic GC: Disabled

Heap:
 garbage-first heap   total 122880K, used 27168K [0x00000000e0000000, 0x0000000100000000)
  region size 1024K, 26 young (26624K), 3 survivors (3072K)
 Metaspace       used 18977K, committed 19200K, reserved 1073152K
  class space    used 2146K, committed 2240K, reserved 1048576K

Heap Regions: E=young(eden), S=young(survivor), O=old, HS=humongous(starts), HC=humongous(continues), CS=collection set, F=free, OA=open archive, CA=closed archive, TAMS=top-at-mark-start (previous, next)
|   0|0x00000000e0000000, 0x00000000e0100000, 0x00000000e0100000|100%| O|  |TAMS 0x00000000e0000000, 0x00000000e0000000| Untracked 
|   1|0x00000000e0100000, 0x00000000e0188000, 0x00000000e0200000| 53%| O|  |TAMS 0x00000000e0100000, 0x00000000e0100000| Untracked 
|   2|0x00000000e0200000, 0x00000000e0200000, 0x00000000e0300000|  0%| F|  |TAMS 0x00000000e0200000, 0x00000000e0200000| Untracked 
|   3|0x00000000e0300000, 0x00000000e0300000, 0x00000000e0400000|  0%| F|  |TAMS 0x00000000e0300000, 0x00000000e0300000| Untracked 
|   4|0x00000000e0400000, 0x00000000e0400000, 0x00000000e0500000|  0%| F|  |TAMS 0x00000000e0400000, 0x00000000e0400000| Untracked 
|   5|0x00000000e0500000, 0x00000000e0500000, 0x00000000e0600000|  0%| F|  |TAMS 0x00000000e0500000, 0x00000000e0500000| Untracked 
|   6|0x00000000e0600000, 0x00000000e0600000, 0x00000000e0700000|  0%| F|  |TAMS 0x00000000e0600000, 0x00000000e0600000| Untracked 
|   7|0x00000000e0700000, 0x00000000e0700000, 0x00000000e0800000|  0%| F|  |TAMS 0x00000000e0700000, 0x00000000e0700000| Untracked 
|   8|0x00000000e0800000, 0x00000000e0800000, 0x00000000e0900000|  0%| F|  |TAMS 0x00000000e0800000, 0x00000000e0800000| Untracked 
|   9|0x00000000e0900000, 0x00000000e0900000, 0x00000000e0a00000|  0%| F|  |TAMS 0x00000000e0900000, 0x00000000e0900000| Untracked 
|  10|0x00000000e0a00000, 0x00000000e0a00000, 0x00000000e0b00000|  0%| F|  |TAMS 0x00000000e0a00000, 0x00000000e0a00000| Untracked 
|  11|0x00000000e0b00000, 0x00000000e0b00000, 0x00000000e0c00000|  0%| F|  |TAMS 0x00000000e0b00000, 0x00000000e0b00000| Untracked 
|  12|0x00000000e0c00000, 0x00000000e0c00000, 0x00000000e0d00000|  0%| F|  |TAMS 0x00000000e0c00000, 0x00000000e0c00000| Untracked 
|  13|0x00000000e0d00000, 0x00000000e0d00000, 0x00000000e0e00000|  0%| F|  |TAMS 0x00000000e0d00000, 0x00000000e0d00000| Untracked 
|  14|0x00000000e0e00000, 0x00000000e0e00000, 0x00000000e0f00000|  0%| F|  |TAMS 0x00000000e0e00000, 0x00000000e0e00000| Untracked 
|  15|0x00000000e0f00000, 0x00000000e0f00000, 0x00000000e1000000|  0%| F|  |TAMS 0x00000000e0f00000, 0x00000000e0f00000| Untracked 
|  16|0x00000000e1000000, 0x00000000e1000000, 0x00000000e1100000|  0%| F|  |TAMS 0x00000000e1000000, 0x00000000e1000000| Untracked 
|  17|0x00000000e1100000, 0x00000000e1100000, 0x00000000e1200000|  0%| F|  |TAMS 0x00000000e1100000, 0x00000000e1100000| Untracked 
|  18|0x00000000e1200000, 0x00000000e1200000, 0x00000000e1300000|  0%| F|  |TAMS 0x00000000e1200000, 0x00000000e1200000| Untracked 
|  19|0x00000000e1300000, 0x00000000e1300000, 0x00000000e1400000|  0%| F|  |TAMS 0x00000000e1300000, 0x00000000e1300000| Untracked 
|  20|0x00000000e1400000, 0x00000000e1400000, 0x00000000e1500000|  0%| F|  |TAMS 0x00000000e1400000, 0x00000000e1400000| Untracked 
|  21|0x00000000e1500000, 0x00000000e1500000, 0x00000000e1600000|  0%| F|  |TAMS 0x00000000e1500000, 0x00000000e1500000| Untracked 
|  22|0x00000000e1600000, 0x00000000e1600000, 0x00000000e1700000|  0%| F|  |TAMS 0x00000000e1600000, 0x00000000e1600000| Untracked 
|  23|0x00000000e1700000, 0x00000000e1700000, 0x00000000e1800000|  0%| F|  |TAMS 0x00000000e1700000, 0x00000000e1700000| Untracked 
|  24|0x00000000e1800000, 0x00000000e1800000, 0x00000000e1900000|  0%| F|  |TAMS 0x00000000e1800000, 0x00000000e1800000| Untracked 
|  25|0x00000000e1900000, 0x00000000e1900000, 0x00000000e1a00000|  0%| F|  |TAMS 0x00000000e1900000, 0x00000000e1900000| Untracked 
|  26|0x00000000e1a00000, 0x00000000e1a00000, 0x00000000e1b00000|  0%| F|  |TAMS 0x00000000e1a00000, 0x00000000e1a00000| Untracked 
|  27|0x00000000e1b00000, 0x00000000e1b00000, 0x00000000e1c00000|  0%| F|  |TAMS 0x00000000e1b00000, 0x00000000e1b00000| Untracked 
|  28|0x00000000e1c00000, 0x00000000e1c00000, 0x00000000e1d00000|  0%| F|  |TAMS 0x00000000e1c00000, 0x00000000e1c00000| Untracked 
|  29|0x00000000e1d00000, 0x00000000e1d00000, 0x00000000e1e00000|  0%| F|  |TAMS 0x00000000e1d00000, 0x00000000e1d00000| Untracked 
|  30|0x00000000e1e00000, 0x00000000e1e00000, 0x00000000e1f00000|  0%| F|  |TAMS 0x00000000e1e00000, 0x00000000e1e00000| Untracked 
|  31|0x00000000e1f00000, 0x00000000e1f00000, 0x00000000e2000000|  0%| F|  |TAMS 0x00000000e1f00000, 0x00000000e1f00000| Untracked 
|  32|0x00000000e2000000, 0x00000000e2000000, 0x00000000e2100000|  0%| F|  |TAMS 0x00000000e2000000, 0x00000000e2000000| Untracked 
|  33|0x00000000e2100000, 0x00000000e2100000, 0x00000000e2200000|  0%| F|  |TAMS 0x00000000e2100000, 0x00000000e2100000| Untracked 
|  34|0x00000000e2200000, 0x00000000e2200000, 0x00000000e2300000|  0%| F|  |TAMS 0x00000000e2200000, 0x00000000e2200000| Untracked 
|  35|0x00000000e2300000, 0x00000000e2300000, 0x00000000e2400000|  0%| F|  |TAMS 0x00000000e2300000, 0x00000000e2300000| Untracked 
|  36|0x00000000e2400000, 0x00000000e2400000, 0x00000000e2500000|  0%| F|  |TAMS 0x00000000e2400000, 0x00000000e2400000| Untracked 
|  37|0x00000000e2500000, 0x00000000e2500000, 0x00000000e2600000|  0%| F|  |TAMS 0x00000000e2500000, 0x00000000e2500000| Untracked 
|  38|0x00000000e2600000, 0x00000000e2600000, 0x00000000e2700000|  0%| F|  |TAMS 0x00000000e2600000, 0x00000000e2600000| Untracked 
|  39|0x00000000e2700000, 0x00000000e2700000, 0x00000000e2800000|  0%| F|  |TAMS 0x00000000e2700000, 0x00000000e2700000| Untracked 
|  40|0x00000000e2800000, 0x00000000e2800000, 0x00000000e2900000|  0%| F|  |TAMS 0x00000000e2800000, 0x00000000e2800000| Untracked 
|  41|0x00000000e2900000, 0x00000000e2900000, 0x00000000e2a00000|  0%| F|  |TAMS 0x00000000e2900000, 0x00000000e2900000| Untracked 
|  42|0x00000000e2a00000, 0x00000000e2a00000, 0x00000000e2b00000|  0%| F|  |TAMS 0x00000000e2a00000, 0x00000000e2a00000| Untracked 
|  43|0x00000000e2b00000, 0x00000000e2b00000, 0x00000000e2c00000|  0%| F|  |TAMS 0x00000000e2b00000, 0x00000000e2b00000| Untracked 
|  44|0x00000000e2c00000, 0x00000000e2c00000, 0x00000000e2d00000|  0%| F|  |TAMS 0x00000000e2c00000, 0x00000000e2c00000| Untracked 
|  45|0x00000000e2d00000, 0x00000000e2d00000, 0x00000000e2e00000|  0%| F|  |TAMS 0x00000000e2d00000, 0x00000000e2d00000| Untracked 
|  46|0x00000000e2e00000, 0x00000000e2e00000, 0x00000000e2f00000|  0%| F|  |TAMS 0x00000000e2e00000, 0x00000000e2e00000| Untracked 
|  47|0x00000000e2f00000, 0x00000000e2f00000, 0x00000000e3000000|  0%| F|  |TAMS 0x00000000e2f00000, 0x00000000e2f00000| Untracked 
|  48|0x00000000e3000000, 0x00000000e3000000, 0x00000000e3100000|  0%| F|  |TAMS 0x00000000e3000000, 0x00000000e3000000| Untracked 
|  49|0x00000000e3100000, 0x00000000e3100000, 0x00000000e3200000|  0%| F|  |TAMS 0x00000000e3100000, 0x00000000e3100000| Untracked 
|  50|0x00000000e3200000, 0x00000000e3200000, 0x00000000e3300000|  0%| F|  |TAMS 0x00000000e3200000, 0x00000000e3200000| Untracked 
|  51|0x00000000e3300000, 0x00000000e3300000, 0x00000000e3400000|  0%| F|  |TAMS 0x00000000e3300000, 0x00000000e3300000| Untracked 
|  52|0x00000000e3400000, 0x00000000e3400000, 0x00000000e3500000|  0%| F|  |TAMS 0x00000000e3400000, 0x00000000e3400000| Untracked 
|  53|0x00000000e3500000, 0x00000000e3500000, 0x00000000e3600000|  0%| F|  |TAMS 0x00000000e3500000, 0x00000000e3500000| Untracked 
|  54|0x00000000e3600000, 0x00000000e3600000, 0x00000000e3700000|  0%| F|  |TAMS 0x00000000e3600000, 0x00000000e3600000| Untracked 
|  55|0x00000000e3700000, 0x00000000e3700000, 0x00000000e3800000|  0%| F|  |TAMS 0x00000000e3700000, 0x00000000e3700000| Untracked 
|  56|0x00000000e3800000, 0x00000000e3800000, 0x00000000e3900000|  0%| F|  |TAMS 0x00000000e3800000, 0x00000000e3800000| Untracked 
|  57|0x00000000e3900000, 0x00000000e3900000, 0x00000000e3a00000|  0%| F|  |TAMS 0x00000000e3900000, 0x00000000e3900000| Untracked 
|  58|0x00000000e3a00000, 0x00000000e3a00000, 0x00000000e3b00000|  0%| F|  |TAMS 0x00000000e3a00000, 0x00000000e3a00000| Untracked 
|  59|0x00000000e3b00000, 0x00000000e3b00000, 0x00000000e3c00000|  0%| F|  |TAMS 0x00000000e3b00000, 0x00000000e3b00000| Untracked 
|  60|0x00000000e3c00000, 0x00000000e3c00000, 0x00000000e3d00000|  0%| F|  |TAMS 0x00000000e3c00000, 0x00000000e3c00000| Untracked 
|  61|0x00000000e3d00000, 0x00000000e3d00000, 0x00000000e3e00000|  0%| F|  |TAMS 0x00000000e3d00000, 0x00000000e3d00000| Untracked 
|  62|0x00000000e3e00000, 0x00000000e3e00000, 0x00000000e3f00000|  0%| F|  |TAMS 0x00000000e3e00000, 0x00000000e3e00000| Untracked 
|  63|0x00000000e3f00000, 0x00000000e3f00000, 0x00000000e4000000|  0%| F|  |TAMS 0x00000000e3f00000, 0x00000000e3f00000| Untracked 
|  64|0x00000000e4000000, 0x00000000e4000000, 0x00000000e4100000|  0%| F|  |TAMS 0x00000000e4000000, 0x00000000e4000000| Untracked 
|  65|0x00000000e4100000, 0x00000000e4100000, 0x00000000e4200000|  0%| F|  |TAMS 0x00000000e4100000, 0x00000000e4100000| Untracked 
|  66|0x00000000e4200000, 0x00000000e4200000, 0x00000000e4300000|  0%| F|  |TAMS 0x00000000e4200000, 0x00000000e4200000| Untracked 
|  67|0x00000000e4300000, 0x00000000e4300000, 0x00000000e4400000|  0%| F|  |TAMS 0x00000000e4300000, 0x00000000e4300000| Untracked 
|  68|0x00000000e4400000, 0x00000000e4400000, 0x00000000e4500000|  0%| F|  |TAMS 0x00000000e4400000, 0x00000000e4400000| Untracked 
|  69|0x00000000e4500000, 0x00000000e4500000, 0x00000000e4600000|  0%| F|  |TAMS 0x00000000e4500000, 0x00000000e4500000| Untracked 
|  70|0x00000000e4600000, 0x00000000e4600000, 0x00000000e4700000|  0%| F|  |TAMS 0x00000000e4600000, 0x00000000e4600000| Untracked 
|  71|0x00000000e4700000, 0x00000000e4700000, 0x00000000e4800000|  0%| F|  |TAMS 0x00000000e4700000, 0x00000000e4700000| Untracked 
|  72|0x00000000e4800000, 0x00000000e4800000, 0x00000000e4900000|  0%| F|  |TAMS 0x00000000e4800000, 0x00000000e4800000| Untracked 
|  73|0x00000000e4900000, 0x00000000e4900000, 0x00000000e4a00000|  0%| F|  |TAMS 0x00000000e4900000, 0x00000000e4900000| Untracked 
|  74|0x00000000e4a00000, 0x00000000e4a00000, 0x00000000e4b00000|  0%| F|  |TAMS 0x00000000e4a00000, 0x00000000e4a00000| Untracked 
|  75|0x00000000e4b00000, 0x00000000e4b00000, 0x00000000e4c00000|  0%| F|  |TAMS 0x00000000e4b00000, 0x00000000e4b00000| Untracked 
|  76|0x00000000e4c00000, 0x00000000e4c00000, 0x00000000e4d00000|  0%| F|  |TAMS 0x00000000e4c00000, 0x00000000e4c00000| Untracked 
|  77|0x00000000e4d00000, 0x00000000e4d00000, 0x00000000e4e00000|  0%| F|  |TAMS 0x00000000e4d00000, 0x00000000e4d00000| Untracked 
|  78|0x00000000e4e00000, 0x00000000e4e00000, 0x00000000e4f00000|  0%| F|  |TAMS 0x00000000e4e00000, 0x00000000e4e00000| Untracked 
|  79|0x00000000e4f00000, 0x00000000e4f00000, 0x00000000e5000000|  0%| F|  |TAMS 0x00000000e4f00000, 0x00000000e4f00000| Untracked 
|  80|0x00000000e5000000, 0x00000000e5000000, 0x00000000e5100000|  0%| F|  |TAMS 0x00000000e5000000, 0x00000000e5000000| Untracked 
|  81|0x00000000e5100000, 0x00000000e5100000, 0x00000000e5200000|  0%| F|  |TAMS 0x00000000e5100000, 0x00000000e5100000| Untracked 
|  82|0x00000000e5200000, 0x00000000e5200000, 0x00000000e5300000|  0%| F|  |TAMS 0x00000000e5200000, 0x00000000e5200000| Untracked 
|  83|0x00000000e5300000, 0x00000000e5300000, 0x00000000e5400000|  0%| F|  |TAMS 0x00000000e5300000, 0x00000000e5300000| Untracked 
|  84|0x00000000e5400000, 0x00000000e5400000, 0x00000000e5500000|  0%| F|  |TAMS 0x00000000e5400000, 0x00000000e5400000| Untracked 
|  85|0x00000000e5500000, 0x00000000e5500000, 0x00000000e5600000|  0%| F|  |TAMS 0x00000000e5500000, 0x00000000e5500000| Untracked 
|  86|0x00000000e5600000, 0x00000000e5600000, 0x00000000e5700000|  0%| F|  |TAMS 0x00000000e5600000, 0x00000000e5600000| Untracked 
|  87|0x00000000e5700000, 0x00000000e5700000, 0x00000000e5800000|  0%| F|  |TAMS 0x00000000e5700000, 0x00000000e5700000| Untracked 
|  88|0x00000000e5800000, 0x00000000e5800000, 0x00000000e5900000|  0%| F|  |TAMS 0x00000000e5800000, 0x00000000e5800000| Untracked 
|  89|0x00000000e5900000, 0x00000000e5900000, 0x00000000e5a00000|  0%| F|  |TAMS 0x00000000e5900000, 0x00000000e5900000| Untracked 
|  90|0x00000000e5a00000, 0x00000000e5a00000, 0x00000000e5b00000|  0%| F|  |TAMS 0x00000000e5a00000, 0x00000000e5a00000| Untracked 
|  91|0x00000000e5b00000, 0x00000000e5b00000, 0x00000000e5c00000|  0%| F|  |TAMS 0x00000000e5b00000, 0x00000000e5b00000| Untracked 
|  92|0x00000000e5c00000, 0x00000000e5c00000, 0x00000000e5d00000|  0%| F|  |TAMS 0x00000000e5c00000, 0x00000000e5c00000| Untracked 
|  93|0x00000000e5d00000, 0x00000000e5d00000, 0x00000000e5e00000|  0%| F|  |TAMS 0x00000000e5d00000, 0x00000000e5d00000| Untracked 
|  94|0x00000000e5e00000, 0x00000000e5f00000, 0x00000000e5f00000|100%| S|CS|TAMS 0x00000000e5e00000, 0x00000000e5e00000| Complete 
|  95|0x00000000e5f00000, 0x00000000e6000000, 0x00000000e6000000|100%| S|CS|TAMS 0x00000000e5f00000, 0x00000000e5f00000| Complete 
|  96|0x00000000e6000000, 0x00000000e6100000, 0x00000000e6100000|100%| S|CS|TAMS 0x00000000e6000000, 0x00000000e6000000| Complete 
|  97|0x00000000e6100000, 0x00000000e6182010, 0x00000000e6200000| 50%| E|  |TAMS 0x00000000e6100000, 0x00000000e6100000| Complete 
|  98|0x00000000e6200000, 0x00000000e6300000, 0x00000000e6300000|100%| E|CS|TAMS 0x00000000e6200000, 0x00000000e6200000| Complete 
|  99|0x00000000e6300000, 0x00000000e6400000, 0x00000000e6400000|100%| E|CS|TAMS 0x00000000e6300000, 0x00000000e6300000| Complete 
| 100|0x00000000e6400000, 0x00000000e6500000, 0x00000000e6500000|100%| E|CS|TAMS 0x00000000e6400000, 0x00000000e6400000| Complete 
| 101|0x00000000e6500000, 0x00000000e6600000, 0x00000000e6600000|100%| E|CS|TAMS 0x00000000e6500000, 0x00000000e6500000| Complete 
| 102|0x00000000e6600000, 0x00000000e6700000, 0x00000000e6700000|100%| E|CS|TAMS 0x00000000e6600000, 0x00000000e6600000| Complete 
| 103|0x00000000e6700000, 0x00000000e6800000, 0x00000000e6800000|100%| E|CS|TAMS 0x00000000e6700000, 0x00000000e6700000| Complete 
| 104|0x00000000e6800000, 0x00000000e6900000, 0x00000000e6900000|100%| E|CS|TAMS 0x00000000e6800000, 0x00000000e6800000| Complete 
| 105|0x00000000e6900000, 0x00000000e6a00000, 0x00000000e6a00000|100%| E|CS|TAMS 0x00000000e6900000, 0x00000000e6900000| Complete 
| 106|0x00000000e6a00000, 0x00000000e6b00000, 0x00000000e6b00000|100%| E|CS|TAMS 0x00000000e6a00000, 0x00000000e6a00000| Complete 
| 107|0x00000000e6b00000, 0x00000000e6c00000, 0x00000000e6c00000|100%| E|CS|TAMS 0x00000000e6b00000, 0x00000000e6b00000| Complete 
| 108|0x00000000e6c00000, 0x00000000e6d00000, 0x00000000e6d00000|100%| E|CS|TAMS 0x00000000e6c00000, 0x00000000e6c00000| Complete 
| 109|0x00000000e6d00000, 0x00000000e6e00000, 0x00000000e6e00000|100%| E|CS|TAMS 0x00000000e6d00000, 0x00000000e6d00000| Complete 
| 110|0x00000000e6e00000, 0x00000000e6f00000, 0x00000000e6f00000|100%| E|CS|TAMS 0x00000000e6e00000, 0x00000000e6e00000| Complete 
| 111|0x00000000e6f00000, 0x00000000e7000000, 0x00000000e7000000|100%| E|CS|TAMS 0x00000000e6f00000, 0x00000000e6f00000| Complete 
| 112|0x00000000e7000000, 0x00000000e7100000, 0x00000000e7100000|100%| E|CS|TAMS 0x00000000e7000000, 0x00000000e7000000| Complete 
| 113|0x00000000e7100000, 0x00000000e7200000, 0x00000000e7200000|100%| E|CS|TAMS 0x00000000e7100000, 0x00000000e7100000| Complete 
| 114|0x00000000e7200000, 0x00000000e7300000, 0x00000000e7300000|100%| E|CS|TAMS 0x00000000e7200000, 0x00000000e7200000| Complete 
| 115|0x00000000e7300000, 0x00000000e7400000, 0x00000000e7400000|100%| E|CS|TAMS 0x00000000e7300000, 0x00000000e7300000| Complete 
| 116|0x00000000e7400000, 0x00000000e7500000, 0x00000000e7500000|100%| E|CS|TAMS 0x00000000e7400000, 0x00000000e7400000| Complete 
| 117|0x00000000e7500000, 0x00000000e7600000, 0x00000000e7600000|100%| E|CS|TAMS 0x00000000e7500000, 0x00000000e7500000| Complete 
| 118|0x00000000e7600000, 0x00000000e7700000, 0x00000000e7700000|100%| E|CS|TAMS 0x00000000e7600000, 0x00000000e7600000| Complete 
| 119|0x00000000e7700000, 0x00000000e7800000, 0x00000000e7800000|100%| E|CS|TAMS 0x00000000e7700000, 0x00000000e7700000| Complete 

Card table byte_map: [0x00007ff22c9fa000,0x00007ff22cafa000] _byte_map_base: 0x00007ff22c2fa000

Marking Bits (Prev, Next): (CMBitMap*) 0x00007ff228059080, (CMBitMap*) 0x00007ff2280590c0
 Prev Bits: [0x00007ff22c0fa000, 0x00007ff22c8fa000)
 Next Bits: [0x00007ff210c00000, 0x00007ff211400000)

Polling page: 0x00007ff22f948000

Metaspace:

Usage:
  Non-class:     16.44 MB used.
      Class:      2.10 MB used.
       Both:     18.53 MB used.

Virtual space:
  Non-class space:       24.00 MB reserved,      16.56 MB ( 69%) committed,  3 nodes.
      Class space:        1.00 GB reserved,       2.19 MB ( <1%) committed,  1 nodes.
             Both:        1.02 GB reserved,      18.75 MB (  2%) committed. 

Chunk freelists:
   Non-Class:  3.34 MB
       Class:  1.69 MB
        Both:  5.03 MB

MaxMetaspaceSize: unlimited
CompressedClassSpaceSize: 1.00 GB
Initial GC threshold: 21.00 MB
Current GC threshold: 21.00 MB
CDS: off
MetaspaceReclaimPolicy: balanced
 - commit_granule_bytes: 65536.
 - commit_granule_words: 8192.
 - virtual_space_node_default_size: 1048576.
 - enlarge_chunks_in_place: 1.
 - new_chunks_are_fully_committed: 0.
 - uncommit_free_chunks: 1.
 - use_allocation_guard: 0.
 - handle_deallocations: 1.


Internal statistics:

num_allocs_failed_limit: 0.
num_arena_births: 152.
num_arena_deaths: 0.
num_vsnodes_births: 4.
num_vsnodes_deaths: 0.
num_space_committed: 300.
num_space_uncommitted: 0.
num_chunks_returned_to_freelist: 0.
num_chunks_taken_from_freelist: 503.
num_chunk_merges: 0.
num_chunk_splits: 296.
num_chunks_enlarged: 193.
num_purges: 0.
num_inconsistent_stats: 0.

CodeHeap 'non-profiled nmethods': size=120028Kb used=548Kb max_used=548Kb free=119479Kb
 bounds [0x00007ff218ec9000, 0x00007ff219139000, 0x00007ff220400000]
CodeHeap 'profiled nmethods': size=120028Kb used=3035Kb max_used=3035Kb free=116992Kb
 bounds [0x00007ff211992000, 0x00007ff211c92000, 0x00007ff218ec9000]
CodeHeap 'non-nmethods': size=5704Kb used=1259Kb max_used=1277Kb free=4444Kb
 bounds [0x00007ff211400000, 0x00007ff211670000, 0x00007ff211992000]
 total_blobs=2243 nmethods=1680 adapters=477
 compilation: enabled
              stopped_count=0, restarted_count=0
 full_count=0

Compilation events (20 events):
Event: 0.690 Thread 0x00007ff228188850 1674       3       org.objectweb.asm.Symbol::<init> (38 bytes)
Event: 0.690 Thread 0x00007ff228188850 nmethod 1674 0x00007ff211c87010 code [0x00007ff211c871c0, 0x00007ff211c87450]
Event: 0.690 Thread 0x00007ff228188850 1673       1       jnr.ffi.mapper.DefaultSignatureType::getDeclaredType (5 bytes)
Event: 0.690 Thread 0x00007ff228188850 nmethod 1673 0x00007ff218f4eb90 code [0x00007ff218f4ed20, 0x00007ff218f4edf0]
Event: 0.690 Thread 0x00007ff228188850 1676       3       org.objectweb.asm.Frame::pop (44 bytes)
Event: 0.690 Thread 0x00007ff228188850 nmethod 1676 0x00007ff211c87510 code [0x00007ff211c876c0, 0x00007ff211c87850]
Event: 0.690 Thread 0x00007ff228188850 1677       3       org.objectweb.asm.ByteVector::putShort (52 bytes)
Event: 0.691 Thread 0x00007ff228188850 nmethod 1677 0x00007ff211c87910 code [0x00007ff211c87ac0, 0x00007ff211c87cc0]
Event: 0.691 Thread 0x00007ff228188850 1675       3       org.objectweb.asm.ByteVector::put12 (64 bytes)
Event: 0.691 Thread 0x00007ff228188850 nmethod 1675 0x00007ff211c87e10 code [0x00007ff211c87fc0, 0x00007ff211c881e0]
Event: 0.691 Thread 0x00007ff228188850 1678       3       jdk.internal.reflect.ReflectionFactory::inflationThreshold (4 bytes)
Event: 0.691 Thread 0x00007ff228188850 nmethod 1678 0x00007ff211c88390 code [0x00007ff211c88520, 0x00007ff211c88610]
Event: 0.694 Thread 0x00007ff228188850 1679       3       java.util.LinkedList$ListItr::checkForComodification (23 bytes)
Event: 0.694 Thread 0x00007ff228188850 nmethod 1679 0x00007ff211c88690 code [0x00007ff211c88840, 0x00007ff211c88a00]
Event: 0.695 Thread 0x00007ff228187370 nmethod 1594% 0x00007ff218f4ee90 code [0x00007ff218f4f060, 0x00007ff218f503a8]
Event: 0.695 Thread 0x00007ff228187370 1643       4       java.util.HashMap::getNode (150 bytes)
Event: 0.695 Thread 0x00007ff228188850 1680       3       java.util.stream.Sink::begin (1 bytes)
Event: 0.695 Thread 0x00007ff228188850 nmethod 1680 0x00007ff211c88b10 code [0x00007ff211c88ca0, 0x00007ff211c88db0]
Event: 0.697 Thread 0x00007ff228187370 nmethod 1643 0x00007ff218f50b90 code [0x00007ff218f50d40, 0x00007ff218f51158]
Event: 0.697 Thread 0x00007ff228187370 1655       4       java.lang.String::hashCode (60 bytes)

GC Heap History (2 events):
Event: 0.434 GC heap before
{Heap before GC invocations=0 (full 0):
 garbage-first heap   total 122880K, used 22528K [0x00000000e0000000, 0x0000000100000000)
  region size 1024K, 23 young (23552K), 0 survivors (0K)
 Metaspace       used 13603K, committed 13824K, reserved 1064960K
  class space    used 1432K, committed 1536K, reserved 1048576K
}
Event: 0.437 GC heap after
{Heap after GC invocations=1 (full 0):
 garbage-first heap   total 122880K, used 4640K [0x00000000e0000000, 0x0000000100000000)
  region size 1024K, 3 young (3072K), 3 survivors (3072K)
 Metaspace       used 13603K, committed 13824K, reserved 1064960K
  class space    used 1432K, committed 1536K, reserved 1048576K
}

Dll operation events (9 events):
Event: 0.001 Loaded shared library /home/kryo/.jdks/corretto-17.0.5/lib/libjava.so
Event: 0.014 Loaded shared library /home/kryo/.jdks/corretto-17.0.5/lib/libjsvml.so
Event: 0.053 Loaded shared library /home/kryo/.jdks/corretto-17.0.5/lib/libnio.so
Event: 0.078 Loaded shared library /home/kryo/.jdks/corretto-17.0.5/lib/libnet.so
Event: 0.103 Loaded shared library /home/kryo/.jdks/corretto-17.0.5/lib/libzip.so
Event: 0.231 Loaded shared library /home/kryo/.jdks/corretto-17.0.5/lib/libverify.so
Event: 0.236 Loaded shared library /home/kryo/.jdks/corretto-17.0.5/lib/libjimage.so
Event: 0.383 Loaded shared library /home/kryo/.jdks/corretto-17.0.5/lib/libextnet.so
Event: 0.600 Loaded shared library /tmp/jffi9720465195354579415.so

Deoptimization events (20 events):
Event: 0.670 Thread 0x00007ff228029310 Uncommon trap: trap_request=0xffffffde fr.pc=0x00007ff218efc8d8 relative=0x0000000000000518
Event: 0.670 Thread 0x00007ff228029310 Uncommon trap: reason=class_check action=maybe_recompile pc=0x00007ff218efc8d8 method=java.util.HashMap.getNode(Ljava/lang/Object;)Ljava/util/HashMap$Node; @ 128 c2
Event: 0.670 Thread 0x00007ff228029310 DEOPT PACKING pc=0x00007ff218efc8d8 sp=0x00007ff22f5fa590
Event: 0.670 Thread 0x00007ff228029310 DEOPT UNPACKING pc=0x00007ff211455519 sp=0x00007ff22f5fa528 mode 2
Event: 0.679 Thread 0x00007ff228029310 Uncommon trap: trap_request=0xffffffde fr.pc=0x00007ff218f109a8 relative=0x00000000000004e8
Event: 0.679 Thread 0x00007ff228029310 Uncommon trap: reason=class_check action=maybe_recompile pc=0x00007ff218f109a8 method=java.util.HashMap.getNode(Ljava/lang/Object;)Ljava/util/HashMap$Node; @ 128 c2
Event: 0.679 Thread 0x00007ff228029310 DEOPT PACKING pc=0x00007ff218f109a8 sp=0x00007ff22f5fa930
Event: 0.679 Thread 0x00007ff228029310 DEOPT UNPACKING pc=0x00007ff211455519 sp=0x00007ff22f5fa868 mode 2
Event: 0.680 Thread 0x00007ff228029310 Uncommon trap: trap_request=0xffffffde fr.pc=0x00007ff218efc8d8 relative=0x0000000000000518
Event: 0.680 Thread 0x00007ff228029310 Uncommon trap: reason=class_check action=maybe_recompile pc=0x00007ff218efc8d8 method=java.util.HashMap.getNode(Ljava/lang/Object;)Ljava/util/HashMap$Node; @ 128 c2
Event: 0.680 Thread 0x00007ff228029310 DEOPT PACKING pc=0x00007ff218efc8d8 sp=0x00007ff22f5fa8c0
Event: 0.680 Thread 0x00007ff228029310 DEOPT UNPACKING pc=0x00007ff211455519 sp=0x00007ff22f5fa868 mode 2
Event: 0.684 Thread 0x00007ff228029310 Uncommon trap: trap_request=0xffffffde fr.pc=0x00007ff218f4a190 relative=0x00000000000014f0
Event: 0.684 Thread 0x00007ff228029310 Uncommon trap: reason=class_check action=maybe_recompile pc=0x00007ff218f4a190 method=java.util.HashMap.putVal(ILjava/lang/Object;Ljava/lang/Object;ZZ)Ljava/lang/Object; @ 203 c2
Event: 0.684 Thread 0x00007ff228029310 DEOPT PACKING pc=0x00007ff218f4a190 sp=0x00007ff22f5fa820
Event: 0.684 Thread 0x00007ff228029310 DEOPT UNPACKING pc=0x00007ff211455519 sp=0x00007ff22f5fa778 mode 2
Event: 0.686 Thread 0x00007ff228029310 Uncommon trap: trap_request=0xffffffde fr.pc=0x00007ff218f4a190 relative=0x00000000000014f0
Event: 0.686 Thread 0x00007ff228029310 Uncommon trap: reason=class_check action=maybe_recompile pc=0x00007ff218f4a190 method=java.util.HashMap.putVal(ILjava/lang/Object;Ljava/lang/Object;ZZ)Ljava/lang/Object; @ 203 c2
Event: 0.686 Thread 0x00007ff228029310 DEOPT PACKING pc=0x00007ff218f4a190 sp=0x00007ff22f5fa8b0
Event: 0.686 Thread 0x00007ff228029310 DEOPT UNPACKING pc=0x00007ff211455519 sp=0x00007ff22f5fa808 mode 2

Classes unloaded (0 events):
No events

Classes redefined (0 events):
No events

Internal exceptions (20 events):
Event: 0.577 Thread 0x00007ff228029310 Exception <a 'java/lang/NoSuchMethodError'{0x00000000e6ddec58}: 'java.lang.Object java.lang.invoke.DirectMethodHandle$Holder.invokeInterface(java.lang.Object, java.lang.Object, java.lang.Object, java.lang.Object, java.lang.Object)'> (0x00000000e6ddec58) 
thrown [src/hotspot/share/interpreter/linkResolver.cpp, line 759]
Event: 0.577 Thread 0x00007ff228029310 Exception <a 'java/lang/IncompatibleClassChangeError'{0x00000000e6de2a50}: Found class java.lang.Object, but interface was expected> (0x00000000e6de2a50) 
thrown [src/hotspot/share/interpreter/linkResolver.cpp, line 826]
Event: 0.580 Thread 0x00007ff228029310 Exception <a 'java/lang/NoSuchMethodError'{0x00000000e6c1e968}: 'int java.lang.invoke.DirectMethodHandle$Holder.invokeInterface(java.lang.Object, java.lang.Object)'> (0x00000000e6c1e968) 
thrown [src/hotspot/share/interpreter/linkResolver.cpp, line 759]
Event: 0.583 Thread 0x00007ff228029310 Exception <a 'java/lang/IncompatibleClassChangeError'{0x00000000e6c48ab0}: Found class java.lang.Object, but interface was expected> (0x00000000e6c48ab0) 
thrown [src/hotspot/share/interpreter/linkResolver.cpp, line 826]
Event: 0.596 Thread 0x00007ff228029310 Exception <a 'sun/nio/fs/UnixException'{0x00000000e6b3bab8}> (0x00000000e6b3bab8) 
thrown [src/hotspot/share/prims/jni.cpp, line 516]
Event: 0.596 Thread 0x00007ff228029310 Exception <a 'sun/nio/fs/UnixException'{0x00000000e6b3ca28}> (0x00000000e6b3ca28) 
thrown [src/hotspot/share/prims/jni.cpp, line 516]
Event: 0.596 Thread 0x00007ff228029310 Exception <a 'sun/nio/fs/UnixException'{0x00000000e6b3d990}> (0x00000000e6b3d990) 
thrown [src/hotspot/share/prims/jni.cpp, line 516]
Event: 0.596 Thread 0x00007ff228029310 Exception <a 'sun/nio/fs/UnixException'{0x00000000e6b3e900}> (0x00000000e6b3e900) 
thrown [src/hotspot/share/prims/jni.cpp, line 516]
Event: 0.597 Thread 0x00007ff228029310 Exception <a 'sun/nio/fs/UnixException'{0x00000000e6b4d110}> (0x00000000e6b4d110) 
thrown [src/hotspot/share/prims/jni.cpp, line 516]
Event: 0.597 Thread 0x00007ff228029310 Exception <a 'sun/nio/fs/UnixException'{0x00000000e6b4e0a0}> (0x00000000e6b4e0a0) 
thrown [src/hotspot/share/prims/jni.cpp, line 516]
Event: 0.597 Thread 0x00007ff228029310 Exception <a 'sun/nio/fs/UnixException'{0x00000000e6b4f028}> (0x00000000e6b4f028) 
thrown [src/hotspot/share/prims/jni.cpp, line 516]
Event: 0.597 Thread 0x00007ff228029310 Exception <a 'sun/nio/fs/UnixException'{0x00000000e6b4ffb8}> (0x00000000e6b4ffb8) 
thrown [src/hotspot/share/prims/jni.cpp, line 516]
Event: 0.604 Thread 0x00007ff228029310 Implicit null exception at 0x00007ff218f119d4 to 0x00007ff218f11ffc
Event: 0.633 Thread 0x00007ff228029310 Exception <a 'sun/nio/fs/UnixException'{0x00000000e6733e58}> (0x00000000e6733e58) 
thrown [src/hotspot/share/prims/jni.cpp, line 516]
Event: 0.634 Thread 0x00007ff228029310 Exception <a 'sun/nio/fs/UnixException'{0x00000000e6734b68}> (0x00000000e6734b68) 
thrown [src/hotspot/share/prims/jni.cpp, line 516]
Event: 0.634 Thread 0x00007ff228029310 Exception <a 'sun/nio/fs/UnixException'{0x00000000e6735878}> (0x00000000e6735878) 
thrown [src/hotspot/share/prims/jni.cpp, line 516]
Event: 0.634 Thread 0x00007ff228029310 Exception <a 'sun/nio/fs/UnixException'{0x00000000e674a670}> (0x00000000e674a670) 
thrown [src/hotspot/share/prims/jni.cpp, line 516]
Event: 0.634 Thread 0x00007ff228029310 Exception <a 'sun/nio/fs/UnixException'{0x00000000e674b378}> (0x00000000e674b378) 
thrown [src/hotspot/share/prims/jni.cpp, line 516]
Event: 0.634 Thread 0x00007ff228029310 Exception <a 'sun/nio/fs/UnixException'{0x00000000e674c078}> (0x00000000e674c078) 
thrown [src/hotspot/share/prims/jni.cpp, line 516]
Event: 0.636 Thread 0x00007ff228029310 Exception <a 'java/lang/UnsatisfiedLinkError'{0x00000000e676e0e8}: typemapping: cannot open shared object file: No such file or directory> (0x00000000e676e0e8) 
thrown [src/hotspot/share/prims/jni.cpp, line 535]

VM Operations (20 events):
Event: 0.284 Executing VM operation: HandshakeAllThreads
Event: 0.284 Executing VM operation: HandshakeAllThreads done
Event: 0.295 Executing VM operation: ICBufferFull
Event: 0.295 Executing VM operation: ICBufferFull done
Event: 0.298 Executing VM operation: HandshakeAllThreads
Event: 0.298 Executing VM operation: HandshakeAllThreads done
Event: 0.342 Executing VM operation: HandshakeAllThreads
Event: 0.342 Executing VM operation: HandshakeAllThreads done
Event: 0.427 Executing VM operation: HandshakeAllThreads
Event: 0.427 Executing VM operation: HandshakeAllThreads done
Event: 0.434 Executing VM operation: G1CollectForAllocation
Event: 0.437 Executing VM operation: G1CollectForAllocation done
Event: 0.443 Executing VM operation: HandshakeAllThreads
Event: 0.443 Executing VM operation: HandshakeAllThreads done
Event: 0.471 Executing VM operation: HandshakeAllThreads
Event: 0.471 Executing VM operation: HandshakeAllThreads done
Event: 0.578 Executing VM operation: HandshakeAllThreads
Event: 0.578 Executing VM operation: HandshakeAllThreads done
Event: 0.626 Executing VM operation: HandshakeAllThreads
Event: 0.626 Executing VM operation: HandshakeAllThreads done

Events (20 events):
Event: 0.665 loading class jdk/internal/vm/annotation/IntrinsicCandidate
Event: 0.665 loading class jdk/internal/vm/annotation/IntrinsicCandidate done
Event: 0.669 loading class java/util/Collections$UnmodifiableSortedSet
Event: 0.669 loading class java/util/Collections$UnmodifiableSortedSet done
Event: 0.670 loading class java/lang/Deprecated
Event: 0.670 loading class java/lang/Deprecated done
Event: 0.680 loading class sun/reflect/annotation/AnnotationInvocationHandler$1
Event: 0.680 loading class sun/reflect/annotation/AnnotationInvocationHandler$1 done
Event: 0.681 loading class java/nio/charset/CharacterCodingException
Event: 0.681 loading class java/nio/charset/CharacterCodingException done
Event: 0.682 loading class sun/nio/cs/StandardCharsets$Aliases
Event: 0.682 loading class sun/util/PreHashedMap
Event: 0.682 loading class sun/util/PreHashedMap done
Event: 0.682 loading class sun/nio/cs/StandardCharsets$Aliases done
Event: 0.682 loading class sun/nio/cs/StandardCharsets$Cache
Event: 0.682 loading class sun/nio/cs/StandardCharsets$Cache done
Event: 0.693 loading class sun/misc/Unsafe
Event: 0.693 loading class sun/misc/Unsafe done
Event: 0.698 loading class java/nio/StringCharBuffer
Event: 0.698 loading class java/nio/StringCharBuffer done


Dynamic libraries:
e0000000-e7800000 rw-p 00000000 00:00 0 
e7800000-100000000 ---p 00000000 00:00 0 
100000000-100020000 rw-p 00000000 00:00 0 
100020000-100040000 rw-p 00000000 00:00 0 
100040000-1000c0000 rw-p 00000000 00:00 0 
1000c0000-100100000 rw-p 00000000 00:00 0 
100100000-100140000 rw-p 00000000 00:00 0 
100140000-1001c0000 rw-p 00000000 00:00 0 
1001c0000-1001e0000 rw-p 00000000 00:00 0 
1001e0000-100200000 ---p 00000000 00:00 0 
100200000-100250000 rw-p 00000000 00:00 0 
100250000-140000000 ---p 00000000 00:00 0 
55fcbce00000-55fcbce01000 r-xp 00000000 103:02 13781622                  /home/kryo/.jdks/corretto-17.0.5/bin/java
55fcbd001000-55fcbd002000 r--p 00001000 103:02 13781622                  /home/kryo/.jdks/corretto-17.0.5/bin/java
55fcbd002000-55fcbd003000 rw-p 00002000 103:02 13781622                  /home/kryo/.jdks/corretto-17.0.5/bin/java
55fcbdfd9000-55fcbe023000 rw-p 00000000 00:00 0                          [heap]
7ff198000000-7ff198021000 rw-p 00000000 00:00 0 
7ff198021000-7ff19c000000 ---p 00000000 00:00 0 
7ff19c000000-7ff19c021000 rw-p 00000000 00:00 0 
7ff19c021000-7ff1a0000000 ---p 00000000 00:00 0 
7ff1a0000000-7ff1a0021000 rw-p 00000000 00:00 0 
7ff1a0021000-7ff1a4000000 ---p 00000000 00:00 0 
7ff1a4000000-7ff1a4021000 rw-p 00000000 00:00 0 
7ff1a4021000-7ff1a8000000 ---p 00000000 00:00 0 
7ff1a8000000-7ff1a8021000 rw-p 00000000 00:00 0 
7ff1a8021000-7ff1ac000000 ---p 00000000 00:00 0 
7ff1ac000000-7ff1ac021000 rw-p 00000000 00:00 0 
7ff1ac021000-7ff1b0000000 ---p 00000000 00:00 0 
7ff1b0000000-7ff1b0021000 rw-p 00000000 00:00 0 
7ff1b0021000-7ff1b4000000 ---p 00000000 00:00 0 
7ff1b4000000-7ff1b4021000 rw-p 00000000 00:00 0 
7ff1b4021000-7ff1b8000000 ---p 00000000 00:00 0 
7ff1b8000000-7ff1b8021000 rw-p 00000000 00:00 0 
7ff1b8021000-7ff1bc000000 ---p 00000000 00:00 0 
7ff1bc000000-7ff1bc069000 rw-p 00000000 00:00 0 
7ff1bc069000-7ff1c0000000 ---p 00000000 00:00 0 
7ff1c0000000-7ff1c0021000 rw-p 00000000 00:00 0 
7ff1c0021000-7ff1c4000000 ---p 00000000 00:00 0 
7ff1c4000000-7ff1c4021000 rw-p 00000000 00:00 0 
7ff1c4021000-7ff1c8000000 ---p 00000000 00:00 0 
7ff1c8000000-7ff1c8021000 rw-p 00000000 00:00 0 
7ff1c8021000-7ff1cc000000 ---p 00000000 00:00 0 
7ff1cc000000-7ff1cc021000 rw-p 00000000 00:00 0 
7ff1cc021000-7ff1d0000000 ---p 00000000 00:00 0 
7ff1d0000000-7ff1d0021000 rw-p 00000000 00:00 0 
7ff1d0021000-7ff1d4000000 ---p 00000000 00:00 0 
7ff1d4000000-7ff1d4208000 rw-p 00000000 00:00 0 
7ff1d4208000-7ff1d8000000 ---p 00000000 00:00 0 
7ff1d9000000-7ff1d90b0000 rw-p 00000000 00:00 0 
7ff1d90b0000-7ff1d9800000 ---p 00000000 00:00 0 
7ff1d98f2000-7ff1d98f3000 ---p 00000000 00:00 0 
7ff1d98f3000-7ff1d99f4000 rw-p 00000000 00:00 0 
7ff1d99f4000-7ff1d99f5000 ---p 00000000 00:00 0 
7ff1d99f5000-7ff1d9af6000 rw-p 00000000 00:00 0 
7ff1d9af6000-7ff1d9af7000 ---p 00000000 00:00 0 
7ff1d9af7000-7ff1d9bf8000 rw-p 00000000 00:00 0 
7ff1d9bf8000-7ff1d9bf9000 ---p 00000000 00:00 0 
7ff1d9bf9000-7ff1d9cfa000 rw-p 00000000 00:00 0 
7ff1d9cfa000-7ff1d9cfb000 ---p 00000000 00:00 0 
7ff1d9cfb000-7ff1d9dfc000 rw-p 00000000 00:00 0 
7ff1d9dfc000-7ff1d9dfd000 ---p 00000000 00:00 0 
7ff1d9dfd000-7ff1d9efe000 rw-p 00000000 00:00 0 
7ff1d9efe000-7ff1d9eff000 ---p 00000000 00:00 0 
7ff1d9eff000-7ff1da000000 rw-p 00000000 00:00 0 
7ff1da000000-7ff1da002000 r-xp 00000000 103:02 13781567                  /home/kryo/.jdks/corretto-17.0.5/lib/libextnet.so
7ff1da002000-7ff1da201000 ---p 00002000 103:02 13781567                  /home/kryo/.jdks/corretto-17.0.5/lib/libextnet.so
7ff1da201000-7ff1da202000 r--p 00001000 103:02 13781567                  /home/kryo/.jdks/corretto-17.0.5/lib/libextnet.so
7ff1da202000-7ff1da203000 rw-p 00000000 00:00 0 
7ff1da2fe000-7ff1da2ff000 ---p 00000000 00:00 0 
7ff1da2ff000-7ff1da500000 rw-p 00000000 00:00 0 
7ff1da500000-7ff1da580000 rw-p 00000000 00:00 0 
7ff1da580000-7ff1da700000 rw-p 00000000 00:00 0 
7ff1da700000-7ff1da780000 rw-p 00000000 00:00 0 
7ff1da780000-7ff1da800000 rw-p 00000000 00:00 0 
7ff1da800000-7ff1da900000 rw-p 00000000 00:00 0 
7ff1da900000-7ff1da9e0000 rw-p 00000000 00:00 0 
7ff1da9e0000-7ff1daa00000 ---p 00000000 00:00 0 
7ff1daa00000-7ff1dac00000 rw-p 00000000 00:00 0 
7ff1dad00000-7ff1dad04000 ---p 00000000 00:00 0 
7ff1dad04000-7ff1dae00000 rw-p 00000000 00:00 0 
7ff1dae00000-7ff1dae0d000 r-xp 00000000 103:02 13781525                  /home/kryo/.jdks/corretto-17.0.5/lib/libverify.so
7ff1dae0d000-7ff1db00c000 ---p 0000d000 103:02 13781525                  /home/kryo/.jdks/corretto-17.0.5/lib/libverify.so
7ff1db00c000-7ff1db00e000 r--p 0000c000 103:02 13781525                  /home/kryo/.jdks/corretto-17.0.5/lib/libverify.so
7ff1db00e000-7ff1db00f000 rw-p 00000000 00:00 0 
7ff1db100000-7ff1db104000 ---p 00000000 00:00 0 
7ff1db104000-7ff1db200000 rw-p 00000000 00:00 0 
7ff1db200000-7ff1db21a000 r-xp 00000000 103:02 13781526                  /home/kryo/.jdks/corretto-17.0.5/lib/libzip.so
7ff1db21a000-7ff1db41a000 ---p 0001a000 103:02 13781526                  /home/kryo/.jdks/corretto-17.0.5/lib/libzip.so
7ff1db41a000-7ff1db41b000 r--p 0001a000 103:02 13781526                  /home/kryo/.jdks/corretto-17.0.5/lib/libzip.so
7ff1db41b000-7ff1db41c000 rw-p 00000000 00:00 0 
7ff1db500000-7ff1db504000 ---p 00000000 00:00 0 
7ff1db504000-7ff1db600000 rw-p 00000000 00:00 0 
7ff1db600000-7ff1db614000 r-xp 00000000 103:02 13781523                  /home/kryo/.jdks/corretto-17.0.5/lib/libnet.so
7ff1db614000-7ff1db814000 ---p 00014000 103:02 13781523                  /home/kryo/.jdks/corretto-17.0.5/lib/libnet.so
7ff1db814000-7ff1db815000 r--p 00014000 103:02 13781523                  /home/kryo/.jdks/corretto-17.0.5/lib/libnet.so
7ff1db815000-7ff1db816000 rw-p 00015000 103:02 13781523                  /home/kryo/.jdks/corretto-17.0.5/lib/libnet.so
7ff1db8fe000-7ff1db8ff000 ---p 00000000 00:00 0 
7ff1db8ff000-7ff1dba00000 rw-p 00000000 00:00 0 
7ff1dba00000-7ff1dba12000 r-xp 00000000 103:02 13781524                  /home/kryo/.jdks/corretto-17.0.5/lib/libnio.so
7ff1dba12000-7ff1dbc11000 ---p 00012000 103:02 13781524                  /home/kryo/.jdks/corretto-17.0.5/lib/libnio.so
7ff1dbc11000-7ff1dbc12000 r--p 00011000 103:02 13781524                  /home/kryo/.jdks/corretto-17.0.5/lib/libnio.so
7ff1dbc12000-7ff1dbc13000 rw-p 00012000 103:02 13781524                  /home/kryo/.jdks/corretto-17.0.5/lib/libnio.so
7ff1dbd00000-7ff1dbd04000 ---p 00000000 00:00 0 
7ff1dbd04000-7ff1dbe00000 rw-p 00000000 00:00 0 
7ff1dbe00000-7ff1dbe04000 ---p 00000000 00:00 0 
7ff1dbe04000-7ff1dbf00000 rw-p 00000000 00:00 0 
7ff1dbf00000-7ff1dbf04000 ---p 00000000 00:00 0 
7ff1dbf04000-7ff1dc000000 rw-p 00000000 00:00 0 
7ff1dc000000-7ff1dc021000 rw-p 00000000 00:00 0 
7ff1dc021000-7ff1e0000000 ---p 00000000 00:00 0 
7ff1e0000000-7ff1e03aa000 rw-p 00000000 00:00 0 
7ff1e03aa000-7ff1e4000000 ---p 00000000 00:00 0 
7ff1e4000000-7ff1e4021000 rw-p 00000000 00:00 0 
7ff1e4021000-7ff1e8000000 ---p 00000000 00:00 0 
7ff1e8000000-7ff1e8021000 rw-p 00000000 00:00 0 
7ff1e8021000-7ff1ec000000 ---p 00000000 00:00 0 
7ff1ec000000-7ff1ec021000 rw-p 00000000 00:00 0 
7ff1ec021000-7ff1f0000000 ---p 00000000 00:00 0 
7ff1f0000000-7ff1f0021000 rw-p 00000000 00:00 0 
7ff1f0021000-7ff1f4000000 ---p 00000000 00:00 0 
7ff1f4000000-7ff1f4021000 rw-p 00000000 00:00 0 
7ff1f4021000-7ff1f8000000 ---p 00000000 00:00 0 
7ff1f8000000-7ff1f8021000 rw-p 00000000 00:00 0 
7ff1f8021000-7ff1fc000000 ---p 00000000 00:00 0 
7ff1fc000000-7ff1fc021000 rw-p 00000000 00:00 0 
7ff1fc021000-7ff200000000 ---p 00000000 00:00 0 
7ff200000000-7ff200004000 ---p 00000000 00:00 0 
7ff200004000-7ff200100000 rw-p 00000000 00:00 0 
7ff200100000-7ff200104000 ---p 00000000 00:00 0 
7ff200104000-7ff200200000 rw-p 00000000 00:00 0 
7ff200200000-7ff200204000 ---p 00000000 00:00 0 
7ff200204000-7ff200300000 rw-p 00000000 00:00 0 
7ff200300000-7ff200304000 ---p 00000000 00:00 0 
7ff200304000-7ff200400000 rw-p 00000000 00:00 0 
7ff200400000-7ff200d51000 r--p 00000000 103:02 10747977                  /usr/lib/locale/locale-archive
7ff200e00000-7ff200e04000 ---p 00000000 00:00 0 
7ff200e04000-7ff200f00000 rw-p 00000000 00:00 0 
7ff200f00000-7ff200f04000 ---p 00000000 00:00 0 
7ff200f04000-7ff201000000 rw-p 00000000 00:00 0 
7ff201000000-7ff2010ce000 r-xp 00000000 103:02 13781560                  /home/kryo/.jdks/corretto-17.0.5/lib/libjsvml.so
7ff2010ce000-7ff2012cd000 ---p 000ce000 103:02 13781560                  /home/kryo/.jdks/corretto-17.0.5/lib/libjsvml.so
7ff2012cd000-7ff2012ce000 r--p 000cd000 103:02 13781560                  /home/kryo/.jdks/corretto-17.0.5/lib/libjsvml.so
7ff2012ce000-7ff2012cf000 rw-p 000ce000 103:02 13781560                  /home/kryo/.jdks/corretto-17.0.5/lib/libjsvml.so
7ff201300000-7ff201304000 ---p 00000000 00:00 0 
7ff201304000-7ff201800000 rw-p 00000000 00:00 0 
7ff201800000-7ff201820000 rw-p 00000000 00:00 0 
7ff201820000-7ff201840000 rw-p 00000000 00:00 0 
7ff201840000-7ff201880000 rw-p 00000000 00:00 0 
7ff201880000-7ff201900000 rw-p 00000000 00:00 0 
7ff201900000-7ff201b00000 rw-p 00000000 00:00 0 
7ff201b00000-7ff201b80000 rw-p 00000000 00:00 0 
7ff201b80000-7ff201c00000 rw-p 00000000 00:00 0 
7ff201cfa000-7ff201cfb000 ---p 00000000 00:00 0 
7ff201cfb000-7ff201dfc000 rw-p 00000000 00:00 0 
7ff201dfc000-7ff201dfd000 ---p 00000000 00:00 0 
7ff201dfd000-7ff201efe000 rw-p 00000000 00:00 0 
7ff201efe000-7ff201eff000 ---p 00000000 00:00 0 
7ff201eff000-7ff204000000 rw-p 00000000 00:00 0 
7ff204000000-7ff204021000 rw-p 00000000 00:00 0 
7ff204021000-7ff208000000 ---p 00000000 00:00 0 
7ff208000000-7ff208021000 rw-p 00000000 00:00 0 
7ff208021000-7ff20c000000 ---p 00000000 00:00 0 
7ff20c000000-7ff20c021000 rw-p 00000000 00:00 0 
7ff20c021000-7ff210000000 ---p 00000000 00:00 0 
7ff2100f2000-7ff2108fa000 rw-p 00000000 00:00 0 
7ff2108fa000-7ff2108fb000 ---p 00000000 00:00 0 
7ff2108fb000-7ff2109fc000 rw-p 00000000 00:00 0 
7ff2109fc000-7ff2109fd000 ---p 00000000 00:00 0 
7ff2109fd000-7ff210afe000 rw-p 00000000 00:00 0 
7ff210afe000-7ff210aff000 ---p 00000000 00:00 0 
7ff210aff000-7ff210de0000 rw-p 00000000 00:00 0 
7ff210de0000-7ff211400000 ---p 00000000 00:00 0 
7ff211400000-7ff211670000 rwxp 00000000 00:00 0 
7ff211670000-7ff211992000 ---p 00000000 00:00 0 
7ff211992000-7ff211c92000 rwxp 00000000 00:00 0 
7ff211c92000-7ff218ec9000 ---p 00000000 00:00 0 
7ff218ec9000-7ff219139000 rwxp 00000000 00:00 0 
7ff219139000-7ff220400000 ---p 00000000 00:00 0 
7ff220400000-7ff227f75000 r--s 00000000 103:02 13781513                  /home/kryo/.jdks/corretto-17.0.5/lib/modules
7ff228000000-7ff2288d4000 rw-p 00000000 00:00 0 
7ff2288d4000-7ff22c000000 ---p 00000000 00:00 0 
7ff22c0fa000-7ff22c2da000 rw-p 00000000 00:00 0 
7ff22c2da000-7ff22c8fa000 ---p 00000000 00:00 0 
7ff22c8fa000-7ff22c936000 rw-p 00000000 00:00 0 
7ff22c936000-7ff22c9fa000 ---p 00000000 00:00 0 
7ff22c9fa000-7ff22ca36000 rw-p 00000000 00:00 0 
7ff22ca36000-7ff22cafa000 ---p 00000000 00:00 0 
7ff22cafa000-7ff22cb36000 rw-p 00000000 00:00 0 
7ff22cb36000-7ff22cbfa000 ---p 00000000 00:00 0 
7ff22cbfa000-7ff22d200000 rw-p 00000000 00:00 0 
7ff22d200000-7ff22d224000 r-xp 00000000 103:02 13781519                  /home/kryo/.jdks/corretto-17.0.5/lib/libjava.so
7ff22d224000-7ff22d423000 ---p 00024000 103:02 13781519                  /home/kryo/.jdks/corretto-17.0.5/lib/libjava.so
7ff22d423000-7ff22d424000 r--p 00023000 103:02 13781519                  /home/kryo/.jdks/corretto-17.0.5/lib/libjava.so
7ff22d424000-7ff22d425000 rw-p 00024000 103:02 13781519                  /home/kryo/.jdks/corretto-17.0.5/lib/libjava.so
7ff22d425000-7ff22d426000 rw-p 00000000 00:00 0 
7ff22d4ff000-7ff22d600000 rw-p 00000000 00:00 0 
7ff22d600000-7ff22d61b000 r-xp 00000000 103:02 13781520                  /home/kryo/.jdks/corretto-17.0.5/lib/libjimage.so
7ff22d61b000-7ff22d81a000 ---p 0001b000 103:02 13781520                  /home/kryo/.jdks/corretto-17.0.5/lib/libjimage.so
7ff22d81a000-7ff22d81c000 r--p 0001a000 103:02 13781520                  /home/kryo/.jdks/corretto-17.0.5/lib/libjimage.so
7ff22d81c000-7ff22d81d000 rw-p 0001c000 103:02 13781520                  /home/kryo/.jdks/corretto-17.0.5/lib/libjimage.so
7ff22d84d000-7ff22da00000 rw-p 00000000 00:00 0 
7ff22da00000-7ff22ecea000 r-xp 00000000 103:02 13781532                  /home/kryo/.jdks/corretto-17.0.5/lib/server/libjvm.so
7ff22ecea000-7ff22eee9000 ---p 012ea000 103:02 13781532                  /home/kryo/.jdks/corretto-17.0.5/lib/server/libjvm.so
7ff22eee9000-7ff22efa2000 r--p 012e9000 103:02 13781532                  /home/kryo/.jdks/corretto-17.0.5/lib/server/libjvm.so
7ff22efa2000-7ff22efd7000 rw-p 013a2000 103:02 13781532                  /home/kryo/.jdks/corretto-17.0.5/lib/server/libjvm.so
7ff22efd7000-7ff22f031000 rw-p 00000000 00:00 0 
7ff22f057000-7ff22f11a000 rw-p 00000000 00:00 0 
7ff22f11a000-7ff22f200000 ---p 00000000 00:00 0 
7ff22f200000-7ff22f222000 r--p 00000000 103:02 10753348                  /usr/lib/x86_64-linux-gnu/libc.so.6
7ff22f222000-7ff22f39b000 r-xp 00022000 103:02 10753348                  /usr/lib/x86_64-linux-gnu/libc.so.6
7ff22f39b000-7ff22f3f2000 r--p 0019b000 103:02 10753348                  /usr/lib/x86_64-linux-gnu/libc.so.6
7ff22f3f2000-7ff22f3f6000 r--p 001f1000 103:02 10753348                  /usr/lib/x86_64-linux-gnu/libc.so.6
7ff22f3f6000-7ff22f3f8000 rw-p 001f5000 103:02 10753348                  /usr/lib/x86_64-linux-gnu/libc.so.6
7ff22f3f8000-7ff22f405000 rw-p 00000000 00:00 0 
7ff22f408000-7ff22f409000 r--p 00000000 103:02 6417                      /home/kryo/Desktop/meshchat/client/src/main/resources/libtypemapping.so
7ff22f409000-7ff22f40b000 r-xp 00001000 103:02 6417                      /home/kryo/Desktop/meshchat/client/src/main/resources/libtypemapping.so
7ff22f40b000-7ff22f40c000 r--p 00003000 103:02 6417                      /home/kryo/Desktop/meshchat/client/src/main/resources/libtypemapping.so
7ff22f40c000-7ff22f40d000 r--p 00003000 103:02 6417                      /home/kryo/Desktop/meshchat/client/src/main/resources/libtypemapping.so
7ff22f40d000-7ff22f40e000 rw-p 00004000 103:02 6417                      /home/kryo/Desktop/meshchat/client/src/main/resources/libtypemapping.so
7ff22f40e000-7ff22f415000 r--s 00000000 103:02 11411331                  /usr/lib/x86_64-linux-gnu/gconv/gconv-modules.cache
7ff22f415000-7ff22f41b000 rw-p 00000000 00:00 0 
7ff22f41b000-7ff22f500000 ---p 00000000 00:00 0 
7ff22f500000-7ff22f504000 ---p 00000000 00:00 0 
7ff22f504000-7ff22f600000 rw-p 00000000 00:00 0 
7ff22f600000-7ff22f619000 r-xp 00000000 103:02 13781521                  /home/kryo/.jdks/corretto-17.0.5/lib/libjli.so
7ff22f619000-7ff22f818000 ---p 00019000 103:02 13781521                  /home/kryo/.jdks/corretto-17.0.5/lib/libjli.so
7ff22f818000-7ff22f819000 r--p 00018000 103:02 13781521                  /home/kryo/.jdks/corretto-17.0.5/lib/libjli.so
7ff22f819000-7ff22f81a000 rw-p 00019000 103:02 13781521                  /home/kryo/.jdks/corretto-17.0.5/lib/libjli.so
7ff22f81c000-7ff22f81d000 r-xp 00000000 00:00 0 
7ff22f81d000-7ff22f824000 r--p 00000000 103:02 11544526                  /tmp/jffi9720465195354579415.so (deleted)
7ff22f824000-7ff22f834000 r-xp 00007000 103:02 11544526                  /tmp/jffi9720465195354579415.so (deleted)
7ff22f834000-7ff22f838000 r--p 00017000 103:02 11544526                  /tmp/jffi9720465195354579415.so (deleted)
7ff22f838000-7ff22f839000 r--p 0001a000 103:02 11544526                  /tmp/jffi9720465195354579415.so (deleted)
7ff22f839000-7ff22f83a000 rw-p 0001b000 103:02 11544526                  /tmp/jffi9720465195354579415.so (deleted)
7ff22f83a000-7ff22f848000 r--p 00000000 103:02 10753684                  /usr/lib/x86_64-linux-gnu/libm.so.6
7ff22f848000-7ff22f8c6000 r-xp 0000e000 103:02 10753684                  /usr/lib/x86_64-linux-gnu/libm.so.6
7ff22f8c6000-7ff22f921000 r--p 0008c000 103:02 10753684                  /usr/lib/x86_64-linux-gnu/libm.so.6
7ff22f921000-7ff22f922000 r--p 000e6000 103:02 10753684                  /usr/lib/x86_64-linux-gnu/libm.so.6
7ff22f922000-7ff22f923000 rw-p 000e7000 103:02 10753684                  /usr/lib/x86_64-linux-gnu/libm.so.6
7ff22f923000-7ff22f924000 r--p 00000000 103:02 10754228                  /usr/lib/x86_64-linux-gnu/librt.so.1
7ff22f924000-7ff22f925000 r-xp 00001000 103:02 10754228                  /usr/lib/x86_64-linux-gnu/librt.so.1
7ff22f925000-7ff22f926000 r--p 00002000 103:02 10754228                  /usr/lib/x86_64-linux-gnu/librt.so.1
7ff22f926000-7ff22f927000 r--p 00002000 103:02 10754228                  /usr/lib/x86_64-linux-gnu/librt.so.1
7ff22f927000-7ff22f928000 rw-p 00003000 103:02 10754228                  /usr/lib/x86_64-linux-gnu/librt.so.1
7ff22f928000-7ff22f92a000 rw-p 00000000 00:00 0 
7ff22f92a000-7ff22f92b000 r--p 00000000 103:02 10753530                  /usr/lib/x86_64-linux-gnu/libdl.so.2
7ff22f92b000-7ff22f92c000 r-xp 00001000 103:02 10753530                  /usr/lib/x86_64-linux-gnu/libdl.so.2
7ff22f92c000-7ff22f92d000 r--p 00002000 103:02 10753530                  /usr/lib/x86_64-linux-gnu/libdl.so.2
7ff22f92d000-7ff22f92e000 r--p 00002000 103:02 10753530                  /usr/lib/x86_64-linux-gnu/libdl.so.2
7ff22f92e000-7ff22f92f000 rw-p 00003000 103:02 10753530                  /usr/lib/x86_64-linux-gnu/libdl.so.2
7ff22f92f000-7ff22f930000 r--p 00000000 103:02 10754169                  /usr/lib/x86_64-linux-gnu/libpthread.so.0
7ff22f930000-7ff22f931000 r-xp 00001000 103:02 10754169                  /usr/lib/x86_64-linux-gnu/libpthread.so.0
7ff22f931000-7ff22f932000 r--p 00002000 103:02 10754169                  /usr/lib/x86_64-linux-gnu/libpthread.so.0
7ff22f932000-7ff22f933000 r--p 00002000 103:02 10754169                  /usr/lib/x86_64-linux-gnu/libpthread.so.0
7ff22f933000-7ff22f934000 rw-p 00003000 103:02 10754169                  /usr/lib/x86_64-linux-gnu/libpthread.so.0
7ff22f934000-7ff22f939000 rw-p 00000000 00:00 0 
7ff22f939000-7ff22f940000 ---p 00000000 00:00 0 
7ff22f940000-7ff22f948000 rw-s 00000000 103:02 11544351                  /tmp/hsperfdata_kryo/271267
7ff22f948000-7ff22f949000 ---p 00000000 00:00 0 
7ff22f949000-7ff22f94a000 r--p 00000000 00:00 0 
7ff22f94a000-7ff22f94b000 ---p 00000000 00:00 0 
7ff22f94b000-7ff22f94d000 rw-p 00000000 00:00 0 
7ff22f94d000-7ff22f94e000 r--p 00000000 103:02 10748695                  /usr/lib/x86_64-linux-gnu/ld-linux-x86-64.so.2
7ff22f94e000-7ff22f977000 r-xp 00001000 103:02 10748695                  /usr/lib/x86_64-linux-gnu/ld-linux-x86-64.so.2
7ff22f977000-7ff22f981000 r--p 0002a000 103:02 10748695                  /usr/lib/x86_64-linux-gnu/ld-linux-x86-64.so.2
7ff22f981000-7ff22f983000 r--p 00034000 103:02 10748695                  /usr/lib/x86_64-linux-gnu/ld-linux-x86-64.so.2
7ff22f983000-7ff22f985000 rw-p 00036000 103:02 10748695                  /usr/lib/x86_64-linux-gnu/ld-linux-x86-64.so.2
7ffe96e7f000-7ffe96ea1000 rw-p 00000000 00:00 0                          [stack]
7ffe96ff5000-7ffe96ff9000 r--p 00000000 00:00 0                          [vvar]
7ffe96ff9000-7ffe96ffb000 r-xp 00000000 00:00 0                          [vdso]
ffffffffff600000-ffffffffff601000 --xp 00000000 00:00 0                  [vsyscall]


VM Arguments:
jvm_args: -Dorg.gradle.internal.worker.tmpdir=/home/kryo/Desktop/meshchat/client/build/tmp/test/work -Dorg.gradle.native=false --module-path=/home/kryo/Desktop/meshchat/client/build/classes/java/test:/home/kryo/Desktop/meshchat/client/build/resources/test:/home/kryo/Desktop/meshchat/client/build/classes/java/main:/home/kryo/Desktop/meshchat/client/build/resources/main:/home/kryo/.gradle/caches/modules-2/files-2.1/org.openjfx/javafx-fxml/17.0.2/1c65c10f9656d7d6c1424d4711cc56a9ee99220d/javafx-fxml-17.0.2-linux.jar:/home/kryo/.gradle/caches/modules-2/files-2.1/org.openjfx/javafx-controls/17.0.2/c39c919f987496f86f04babacf2dd27d2bdb263e/javafx-controls-17.0.2-linux.jar:/home/kryo/.gradle/caches/modules-2/files-2.1/org.openjfx/javafx-controls/17.0.2/f52640ea07a0d7fe2ac8b9f945ec58fa22ac1afd/javafx-controls-17.0.2.jar:/home/kryo/.gradle/caches/modules-2/files-2.1/org.openjfx/javafx-graphics/17.0.2/ac7e322130657d7ac694d1aa32799d32c02a12c9/javafx-graphics-17.0.2-linux.jar:/home/kryo/.gradle/caches/modules-2/files-2.1/org.openjfx/javafx-graphics/17.0.2/1eb7ce07e07ccc2fcb26103f07535e72069519d6/javafx-graphics-17.0.2.jar:/home/kryo/.gradle/caches/modules-2/files-2.1/org.openjfx/javafx-base/17.0.2/710e894e37e7027340e9697d29a11e024d3bd7ae/javafx-base-17.0.2-linux.jar:/home/kryo/.gradle/caches/modules-2/files-2.1/org.openjfx/javafx-base/17.0.2/ca46f15a306175ac1513211e1d190a5baacd77cc/javafx-base-17.0.2.jar:/home/kryo/.gradle/caches/modules-2/files-2.1/org.controlsfx/controlsfx/11.1.1/d303c563c23d5176346e8d05932afbec421060ae/controlsfx-11.1.1.jar:/home/kryo/.gradle/caches/modules-2/files-2.1/org.kordamp.bootstrapfx/bootstrapfx-core/0.4.0/8d019b30266c00770cf29921d1008ad7feed0ed6/bootstrapfx-core-0.4.0.jar:/home/kryo/.gradle/caches/modules-2/files-2.1/com.github.jnr/jnr-ffi/2.2.13/3d2c01e80845af089c77c742922344388d9bdc75/jnr-ffi-2.2.13.jar:/home/kryo/.gradle/caches/modules-2/files-2.1/org.junit.jupiter/junit-jupiter-engine/5.8.2/c598b4328d2f397194d11df3b1648d68d7d990e3/junit-jupiter-engine-5.8.2.jar:/home/kryo/.gradle/caches/modules-2/files-2.1/org.junit.platform/junit-platform-engine/1.8.2/b737de09f19864bd1--patch-module=com.meshchat.client=/home/kryo/Desktop/meshchat/client/build/classes/java/test:/home/kryo/Desktop/meshchat/client/build/resources/main:/home/kryo/Desktop/meshchat/client/build/resources/test --add-modules=ALL-MODULE-PATH --add-reads=com.meshchat.client=org.junit.platform.engine --add-opens=com.meshchat.client/com.meshchat.client.experiments=ALL-UNNAMED --add-exports=org.junit.platform.engine/org.junit.platform.engine.support.filter=org.junit.jupiter.engine,ALL-UNNAMED --add-reads=com.meshchat.client=org.junit.jupiter.params --add-opens=com.meshchat.client/com.meshchat.client.experiments=org.junit.platform.commons --add-reads=com.meshchat.client=org.junit.jupiter.api --add-opens=com.meshchat.client/com.meshchat.client.experiments=org.junit.platform.commons --add-reads=com.meshchat.client=org.junit.platform.commons --add-opens=com.meshchat.client/com.meshchat.client.experiments=ALL-UNNAMED --add-exports=org.junit.platform.commons/org.junit.platform.commons.util=ALL-UNNAMED --add-exports=org.junit.platform.commons/org.junit.platform.commons.logging=ALL-UNNAMED --add-reads=com.meshchat.client=org.junit.jupiter.engine --add-opens=com.meshchat.client/com.meshchat.client.experiments=ALL-UNNAMED -Xmx512m -Dfile.encoding=UTF-8 -Duser.country=US -Duser.language=en -Duser.variant -ea 
java_command: worker.org.gradle.process.internal.worker.GradleWorkerMain 'Gradle Test Executor 3'
java_class_path (initial): /home/kryo/.gradle/caches/7.5.1/workerMain/gradle-worker.jar
Launcher Type: SUN_STANDARD

[Global flags]
     intx CICompilerCount                          = 4                                         {product} {ergonomic}
     uint ConcGCThreads                            = 2                                         {product} {ergonomic}
     uint G1ConcRefinementThreads                  = 8                                         {product} {ergonomic}
   size_t G1HeapRegionSize                         = 1048576                                   {product} {ergonomic}
    uintx GCDrainStackTargetSize                   = 64                                        {product} {ergonomic}
   size_t InitialHeapSize                          = 125829120                                 {product} {ergonomic}
   size_t MarkStackSize                            = 4194304                                   {product} {ergonomic}
   size_t MaxHeapSize                              = 536870912                                 {product} {command line}
   size_t MaxNewSize                               = 321912832                                 {product} {ergonomic}
   size_t MinHeapDeltaBytes                        = 1048576                                   {product} {ergonomic}
   size_t MinHeapSize                              = 8388608                                   {product} {ergonomic}
    uintx NonNMethodCodeHeapSize                   = 5839372                                {pd product} {ergonomic}
    uintx NonProfiledCodeHeapSize                  = 122909434                              {pd product} {ergonomic}
    uintx ProfiledCodeHeapSize                     = 122909434                              {pd product} {ergonomic}
    uintx ReservedCodeCacheSize                    = 251658240                              {pd product} {ergonomic}
     bool SegmentedCodeCache                       = true                                      {product} {ergonomic}
   size_t SoftMaxHeapSize                          = 536870912                              {manageable} {ergonomic}
     bool UseCompressedClassPointers               = true                           {product lp64_product} {ergonomic}
     bool UseCompressedOops                        = true                           {product lp64_product} {ergonomic}
     bool UseG1GC                                  = true                                      {product} {ergonomic}

Logging:
Log output configuration:
 #0: stdout all=warning uptime,level,tags
 #1: stderr all=off uptime,level,tags

Environment Variables:
PATH=/home/kryo/emsdk:/home/kryo/emsdk/upstream/emscripten:/home/kryo/emsdk/node/14.18.2_64bit/bin:/home/kryo/.cargo/bin:/usr/local/sbin:/usr/local/bin:/usr/sbin:/usr/bin:/sbin:/bin:/usr/games:/usr/local/games:/snap/bin
USERNAME=kryo
SHELL=/usr/bin/zsh
DISPLAY=:0
LANG=en_US.UTF-8
LC_NUMERIC=en_US.UTF-8
LC_TIME=en_US.UTF-8

Signal Handlers:
   SIGSEGV: crash_handler in libjvm.so, mask=11100100010111111101111111111110, flags=SA_RESTART|SA_SIGINFO
    SIGBUS: crash_handler in libjvm.so, mask=11100100010111111101111111111110, flags=SA_RESTART|SA_SIGINFO
    SIGFPE: crash_handler in libjvm.so, mask=11100100010111111101111111111110, flags=SA_RESTART|SA_SIGINFO
   SIGPIPE: javaSignalHandler in libjvm.so, mask=11100100010111111101111111111110, flags=SA_RESTART|SA_SIGINFO
   SIGXFSZ: javaSignalHandler in libjvm.so, mask=11100100010111111101111111111110, flags=SA_RESTART|SA_SIGINFO
    SIGILL: crash_handler in libjvm.so, mask=11100100010111111101111111111110, flags=SA_RESTART|SA_SIGINFO
   SIGUSR2: SR_handler in libjvm.so, mask=00100000000000000000000000000000, flags=SA_RESTART|SA_SIGINFO
    SIGHUP: UserHandler in libjvm.so, mask=11100100010111111101111111111110, flags=SA_RESTART|SA_SIGINFO
    SIGINT: UserHandler in libjvm.so, mask=11100100010111111101111111111110, flags=SA_RESTART|SA_SIGINFO
   SIGTERM: UserHandler in libjvm.so, mask=11100100010111111101111111111110, flags=SA_RESTART|SA_SIGINFO
   SIGQUIT: UserHandler in libjvm.so, mask=11100100010111111101111111111110, flags=SA_RESTART|SA_SIGINFO
  *** Handler was modified!
  *** Expected: javaSignalHandler in libjvm.so, mask=11100100110111111111111111111110, flags=SA_RESTART|SA_SIGINFO
   SIGTRAP: crash_handler in libjvm.so, mask=11100100010111111101111111111110, flags=SA_RESTART|SA_SIGINFO


---------------  S Y S T E M  ---------------

OS:
DISTRIB_ID=Ubuntu
DISTRIB_RELEASE=22.10
DISTRIB_CODENAME=kinetic
DISTRIB_DESCRIPTION="Ubuntu 22.10"
uname: Linux 5.19.0-26-generic #27-Ubuntu SMP PREEMPT_DYNAMIC Wed Nov 23 20:44:15 UTC 2022 x86_64
OS uptime: 2 days 19:28 hours
libc: glibc 2.36 NPTL 2.36 
rlimit (soft/hard): STACK 8192k/infinity , CORE 0k/infinity , NPROC 30376/30376 , NOFILE 1048576/1048576 , AS infinity/infinity , CPU infinity/infinity , DATA infinity/infinity , FSIZE infinity/infinity , MEMLOCK 982040k/982040k
load average: 0.85 1.16 1.42

/proc/meminfo:
MemTotal:        7856320 kB
MemFree:          125428 kB
MemAvailable:     688244 kB
Buffers:           23060 kB
Cached:          1721480 kB
SwapCached:       327596 kB
Active:          3047304 kB
Inactive:        3764204 kB
Active(anon):    2642540 kB
Inactive(anon):  3477516 kB
Active(file):     404764 kB
Inactive(file):   286688 kB
Unevictable:      115120 kB
Mlocked:           12896 kB
SwapTotal:       8004604 kB
SwapFree:        3710168 kB
Zswap:                 0 kB
Zswapped:              0 kB
Dirty:               340 kB
Writeback:             0 kB
AnonPages:       5069272 kB
Mapped:           520152 kB
Shmem:           1040836 kB
KReclaimable:     180640 kB
Slab:             507444 kB
SReclaimable:     180640 kB
SUnreclaim:       326804 kB
KernelStack:       32108 kB
PageTables:        95704 kB
NFS_Unstable:          0 kB
Bounce:                0 kB
WritebackTmp:          0 kB
CommitLimit:    11932764 kB
Committed_AS:   26845684 kB
VmallocTotal:   34359738367 kB
VmallocUsed:      131288 kB
VmallocChunk:          0 kB
Percpu:            11104 kB
HardwareCorrupted:     0 kB
AnonHugePages:      2048 kB
ShmemHugePages:        0 kB
ShmemPmdMapped:        0 kB
FileHugePages:         0 kB
FilePmdMapped:         0 kB
HugePages_Total:       0
HugePages_Free:        0
HugePages_Rsvd:        0
HugePages_Surp:        0
Hugepagesize:       2048 kB
Hugetlb:               0 kB
DirectMap4k:     1052936 kB
DirectMap2M:     7051264 kB
DirectMap1G:           0 kB

/sys/kernel/mm/transparent_hugepage/enabled: always [madvise] never
/sys/kernel/mm/transparent_hugepage/defrag (defrag/compaction efforts parameter): always defer defer+madvise [madvise] never

Process Memory:
Virtual Size: 4032296K (peak: 4032372K)
Resident Set Size: 90708K (peak: 90708K) (anon: 71640K, file: 19068K, shmem: 0K)
Swapped out: 0K
C-Heap outstanding allocations: 35690K, retained: 4885K
glibc malloc tunables: (default)

/proc/sys/kernel/threads-max (system-wide limit on the number of threads): 60753
/proc/sys/vm/max_map_count (maximum number of memory map areas a process may have): 65530
/proc/sys/kernel/pid_max (system-wide limit on number of process identifiers): 4194304

container (cgroup) information:
container_type: cgroupv2
cpu_cpuset_cpus: not supported
cpu_memory_nodes: not supported
active_processor_count: 8
cpu_quota: not supported
cpu_period: not supported
cpu_shares: not supported
memory_limit_in_bytes: unlimited
memory_and_swap_limit_in_bytes: unlimited
memory_soft_limit_in_bytes: unlimited
memory_usage_in_bytes: 2921508 k
memory_max_usage_in_bytes: not supported
maximum number of tasks: 9112
current number of tasks: 326

Steal ticks since vm start: 0
Steal ticks percentage since vm start:  0.000

CPU: total 8 (initial active 8) (4 cores per cpu, 2 threads per core) family 6 model 140 stepping 1 microcode 0xa4, cx8, cmov, fxsr, ht, mmx, 3dnowpref, sse, sse2, sse3, ssse3, sse4.1, sse4.2, popcnt, lzcnt, tsc, tscinvbit, avx, avx2, aes, erms, clmul, bmi1, bmi2, adx, avx512f, avx512dq, avx512cd, avx512bw, avx512vl, sha, fma, vzeroupper, avx512_vpopcntdq, avx512_vpclmulqdq, avx512_vaes, avx512_vnni, clflush, clflushopt, clwb, avx512_vbmi2, avx512_vbmi
CPU Model and flags from /proc/cpuinfo:
model name	: 11th Gen Intel(R) Core(TM) i5-1135G7 @ 2.40GHz
flags		: fpu vme de pse tsc msr pae mce cx8 apic sep mtrr pge mca cmov pat pse36 clflush dts acpi mmx fxsr sse sse2 ss ht tm pbe syscall nx pdpe1gb rdtscp lm constant_tsc art arch_perfmon pebs bts rep_good nopl xtopology nonstop_tsc cpuid aperfmperf tsc_known_freq pni pclmulqdq dtes64 monitor ds_cpl est tm2 ssse3 sdbg fma cx16 xtpr pdcm pcid sse4_1 sse4_2 x2apic movbe popcnt tsc_deadline_timer aes xsave avx f16c rdrand lahf_lm abm 3dnowprefetch cpuid_fault epb cat_l2 invpcid_single cdp_l2 ssbd ibrs ibpb stibp ibrs_enhanced fsgsbase tsc_adjust bmi1 avx2 smep bmi2 erms invpcid rdt_a avx512f avx512dq rdseed adx smap avx512ifma clflushopt clwb intel_pt avx512cd sha_ni avx512bw avx512vl xsaveopt xsavec xgetbv1 xsaves split_lock_detect dtherm ida arat pln pts hwp hwp_notify hwp_act_window hwp_epp hwp_pkg_req avx512vbmi umip pku ospke avx512_vbmi2 gfni vaes vpclmulqdq avx512_vnni avx512_bitalg avx512_vpopcntdq rdpid movdiri movdir64b fsrm avx512_vp2intersect md_clear ibt flush_l1d arch_capabilities

Online cpus: 0-7
Offline cpus: 
BIOS frequency limitation: <Not Available>
Frequency switch latency (ns): 0
Available cpu frequencies: <Not Available>
Current governor: powersave
Core performance/turbo boost: <Not Available>

Memory: 4k page, physical 7856320k(125176k free), swap 8004604k(3710168k free)
Page Sizes: 4k

vm_info: OpenJDK 64-Bit Server VM (17.0.5+8-LTS) for linux-amd64 JRE (17.0.5+8-LTS), built on Oct 13 2022 05:01:28 by "jenkins" with gcc 7.3.1 20180303 (Red Hat 7.3.1-5)

END.
