#
# A fatal error has been detected by the Java Runtime Environment:
#
#  SIGSEGV (0xb) at pc=0x00007f6e8db8613c, pid=177545, tid=177547
#
# JRE version: OpenJDK Runtime Environment Corretto-17.0.5.8.1 (17.0.5+8) (build 17.0.5+8-LTS)
# Java VM: OpenJDK 64-Bit Server VM Corretto-17.0.5.8.1 (17.0.5+8-LTS, mixed mode, tiered, compressed oops, compressed class ptrs, g1 gc, linux-amd64)
# Problematic frame:
# C  [libc.so.6+0x18613c]
#
# Core dump will be written. Default location: Core dumps may be processed with "/usr/share/apport/apport -p%p -s%s -c%c -d%d -P%P -u%u -g%g -- %E" (or dumping to /home/kryo/Desktop/meshchat/client/core.177545)
#
# If you would like to submit a bug report, please visit:
#   https://github.com/corretto/corretto-17/issues/
# The crash happened outside the Java Virtual Machine in native code.
# See problematic frame for where to report the bug.
#

---------------  S U M M A R Y ------------

Command Line: -Dorg.gradle.internal.worker.tmpdir=/home/kryo/Desktop/meshchat/client/build/tmp/test/work -Dorg.gradle.native=false --module-path=/home/kryo/Desktop/meshchat/client/build/classes/java/test:/home/kryo/Desktop/meshchat/client/build/resources/test:/home/kryo/Desktop/meshchat/client/build/classes/java/main:/home/kryo/Desktop/meshchat/client/build/resources/main:/home/kryo/.gradle/caches/modules-2/files-2.1/org.openjfx/javafx-fxml/17.0.2/1c65c10f9656d7d6c1424d4711cc56a9ee99220d/javafx-fxml-17.0.2-linux.jar:/home/kryo/.gradle/caches/modules-2/files-2.1/org.openjfx/javafx-controls/17.0.2/c39c919f987496f86f04babacf2dd27d2bdb263e/javafx-controls-17.0.2-linux.jar:/home/kryo/.gradle/caches/modules-2/files-2.1/org.openjfx/javafx-controls/17.0.2/f52640ea07a0d7fe2ac8b9f945ec58fa22ac1afd/javafx-controls-17.0.2.jar:/home/kryo/.gradle/caches/modules-2/files-2.1/org.openjfx/javafx-graphics/17.0.2/ac7e322130657d7ac694d1aa32799d32c02a12c9/javafx-graphics-17.0.2-linux.jar:/home/kryo/.gradle/caches/modules-2/files-2.1/org.openjfx/javafx-graphics/17.0.2/1eb7ce07e07ccc2fcb26103f07535e72069519d6/javafx-graphics-17.0.2.jar:/home/kryo/.gradle/caches/modules-2/files-2.1/org.openjfx/javafx-base/17.0.2/710e894e37e7027340e9697d29a11e024d3bd7ae/javafx-base-17.0.2-linux.jar:/home/kryo/.gradle/caches/modules-2/files-2.1/org.openjfx/javafx-base/17.0.2/ca46f15a306175ac1513211e1d190a5baacd77cc/javafx-base-17.0.2.jar:/home/kryo/.gradle/caches/modules-2/files-2.1/org.controlsfx/controlsfx/11.1.1/d303c563c23d5176346e8d05932afbec421060ae/controlsfx-11.1.1.jar:/home/kryo/.gradle/caches/modules-2/files-2.1/org.kordamp.bootstrapfx/bootstrapfx-core/0.4.0/8d019b30266c00770cf29921d1008ad7feed0ed6/bootstrapfx-core-0.4.0.jar:/home/kryo/.gradle/caches/modules-2/files-2.1/com.github.jnr/jnr-ffi/2.2.13/3d2c01e80845af089c77c742922344388d9bdc75/jnr-ffi-2.2.13.jar:/home/kryo/.gradle/caches/modules-2/files-2.1/org.junit.jupiter/junit-jupiter-engine/5.8.2/c598b4328d2f397194d11df3b1648d68d7d990e3/junit-jupiter-engine-5.8.2.jar:/home/kryo/.gradle/caches/modules-2/files-2.1/org.junit.platform/junit-platform-engine/1.8.2/b737de09f19864bd1--patch-module=com.meshchat.client=/home/kryo/Desktop/meshchat/client/build/classes/java/test:/home/kryo/Desktop/meshchat/client/build/resources/main:/home/kryo/Desktop/meshchat/client/build/resources/test --add-modules=ALL-MODULE-PATH --add-reads=com.meshchat.client=org.junit.platform.commons --add-opens=com.meshchat.client/com.meshchat.client.experiments=ALL-UNNAMED --add-exports=org.junit.platform.commons/org.junit.platform.commons.util=ALL-UNNAMED --add-exports=org.junit.platform.commons/org.junit.platform.commons.logging=ALL-UNNAMED --add-reads=com.meshchat.client=org.junit.jupiter.params --add-opens=com.meshchat.client/com.meshchat.client.experiments=org.junit.platform.commons --add-reads=com.meshchat.client=org.junit.platform.engine --add-opens=com.meshchat.client/com.meshchat.client.experiments=ALL-UNNAMED --add-exports=org.junit.platform.engine/org.junit.platform.engine.support.filter=org.junit.jupiter.engine,ALL-UNNAMED --add-reads=com.meshchat.client=org.junit.jupiter.api --add-opens=com.meshchat.client/com.meshchat.client.experiments=org.junit.platform.commons --add-reads=com.meshchat.client=org.junit.jupiter.engine --add-opens=com.meshchat.client/com.meshchat.client.experiments=ALL-UNNAMED -Xmx512m -Dfile.encoding=UTF-8 -Duser.country=US -Duser.language=en -Duser.variant -ea worker.org.gradle.process.internal.worker.GradleWorkerMain 'Gradle Test Executor 16'

Host: 11th Gen Intel(R) Core(TM) i5-1135G7 @ 2.40GHz, 8 cores, 7G, Ubuntu 22.10
Time: Fri Dec 23 09:14:33 2022 +07 elapsed time: 0.735793 seconds (0d 0h 0m 0s)

---------------  T H R E A D  ---------------

Current thread (0x00007f6e88029320):  JavaThread "Test worker" [_thread_in_native, id=177547, stack(0x00007f6e8dc17000,0x00007f6e8dd17000)]

Stack: [0x00007f6e8dc17000,0x00007f6e8dd17000],  sp=0x00007f6e8dd119d8,  free space=1002k
Native frames: (J=compiled Java code, j=interpreted, Vv=VM code, C=native code)
C  [libc.so.6+0x18613c]

Java frames: (J=compiled Java code, j=interpreted, Vv=VM code)
j  com.meshchat.client.experiments.JNRTypeConverter$LibC$jnr$ffi$1.tm_int8_t(B)B+0
j  com.meshchat.client.experiments.JNRNumberConverterTest.test_tm_int_8()V+24 com.meshchat.client@1.0-SNAPSHOT
v  ~StubRoutines::call_stub
j  jdk.internal.reflect.NativeMethodAccessorImpl.invoke0(Ljava/lang/reflect/Method;Ljava/lang/Object;[Ljava/lang/Object;)Ljava/lang/Object;+0 java.base@17.0.5
j  jdk.internal.reflect.NativeMethodAccessorImpl.invoke(Ljava/lang/Object;[Ljava/lang/Object;)Ljava/lang/Object;+133 java.base@17.0.5
j  jdk.internal.reflect.DelegatingMethodAccessorImpl.invoke(Ljava/lang/Object;[Ljava/lang/Object;)Ljava/lang/Object;+6 java.base@17.0.5
j  java.lang.reflect.Method.invoke(Ljava/lang/Object;[Ljava/lang/Object;)Ljava/lang/Object;+59 java.base@17.0.5
j  org.junit.platform.commons.util.ReflectionUtils.invokeMethod(Ljava/lang/reflect/Method;Ljava/lang/Object;[Ljava/lang/Object;)Ljava/lang/Object;+42 org.junit.platform.commons@1.8.2
j  org.junit.jupiter.engine.execution.MethodInvocation.proceed()Ljava/lang/Object;+16 org.junit.jupiter.engine@5.8.2
j  org.junit.jupiter.engine.execution.InvocationInterceptorChain$ValidatingInvocation.proceed()Ljava/lang/Object;+8 org.junit.jupiter.engine@5.8.2
j  org.junit.jupiter.engine.extension.TimeoutExtension.intercept(Lorg/junit/jupiter/api/extension/InvocationInterceptor$Invocation;Lorg/junit/jupiter/api/extension/ReflectiveInvocationContext;Lorg/junit/jupiter/api/extension/ExtensionContext;Lorg/junit/jupiter/engine/extension/TimeoutDuration;Lorg/junit/jupiter/engine/extension/TimeoutExtension$TimeoutProvider;)Ljava/lang/Object;+28 org.junit.jupiter.engine@5.8.2
j  org.junit.jupiter.engine.extension.TimeoutExtension.interceptTestableMethod(Lorg/junit/jupiter/api/extension/InvocationInterceptor$Invocation;Lorg/junit/jupiter/api/extension/ReflectiveInvocationContext;Lorg/junit/jupiter/api/extension/ExtensionContext;Lorg/junit/jupiter/engine/extension/TimeoutExtension$TimeoutProvider;)Ljava/lang/Object;+31 org.junit.jupiter.engine@5.8.2
j  org.junit.jupiter.engine.extension.TimeoutExtension.interceptTestMethod(Lorg/junit/jupiter/api/extension/InvocationInterceptor$Invocation;Lorg/junit/jupiter/api/extension/ReflectiveInvocationContext;Lorg/junit/jupiter/api/extension/ExtensionContext;)V+9 org.junit.jupiter.engine@5.8.2
j  org.junit.jupiter.engine.descriptor.TestMethodTestDescriptor$$Lambda$248+0x00000001001a1e38.apply(Lorg/junit/jupiter/api/extension/InvocationInterceptor;Lorg/junit/jupiter/api/extension/InvocationInterceptor$Invocation;Lorg/junit/jupiter/api/extension/ReflectiveInvocationContext;Lorg/junit/jupiter/api/extension/ExtensionContext;)V+5 org.junit.jupiter.engine@5.8.2
j  org.junit.jupiter.engine.execution.ExecutableInvoker$ReflectiveInterceptorCall.lambda$ofVoidMethod$0(Lorg/junit/jupiter/engine/execution/ExecutableInvoker$ReflectiveInterceptorCall$VoidMethodInterceptorCall;Lorg/junit/jupiter/api/extension/InvocationInterceptor;Lorg/junit/jupiter/api/extension/InvocationInterceptor$Invocation;Lorg/junit/jupiter/api/extension/ReflectiveInvocationContext;Lorg/junit/jupiter/api/extension/ExtensionContext;)Ljava/lang/Void;+6 org.junit.jupiter.engine@5.8.2
j  org.junit.jupiter.engine.execution.ExecutableInvoker$ReflectiveInterceptorCall$$Lambda$249+0x00000001001a2258.apply(Lorg/junit/jupiter/api/extension/InvocationInterceptor;Lorg/junit/jupiter/api/extension/InvocationInterceptor$Invocation;Lorg/junit/jupiter/api/extension/ReflectiveInvocationContext;Lorg/junit/jupiter/api/extension/ExtensionContext;)Ljava/lang/Object;+9 org.junit.jupiter.engine@5.8.2
j  org.junit.jupiter.engine.execution.ExecutableInvoker.lambda$invoke$0(Lorg/junit/jupiter/engine/execution/ExecutableInvoker$ReflectiveInterceptorCall;Lorg/junit/jupiter/api/extension/ReflectiveInvocationContext;Lorg/junit/jupiter/api/extension/ExtensionContext;Lorg/junit/jupiter/api/extension/InvocationInterceptor;Lorg/junit/jupiter/api/extension/InvocationInterceptor$Invocation;)Ljava/lang/Object;+6 org.junit.jupiter.engine@5.8.2
j  org.junit.jupiter.engine.execution.ExecutableInvoker$$Lambda$410+0x000000010020b470.apply(Lorg/junit/jupiter/api/extension/InvocationInterceptor;Lorg/junit/jupiter/api/extension/InvocationInterceptor$Invocation;)Ljava/lang/Object;+14 org.junit.jupiter.engine@5.8.2
j  org.junit.jupiter.engine.execution.InvocationInterceptorChain$InterceptedInvocation.proceed()Ljava/lang/Object;+12 org.junit.jupiter.engine@5.8.2
j  org.junit.jupiter.engine.execution.InvocationInterceptorChain.proceed(Lorg/junit/jupiter/api/extension/InvocationInterceptor$Invocation;)Ljava/lang/Object;+1 org.junit.jupiter.engine@5.8.2
j  org.junit.jupiter.engine.execution.InvocationInterceptorChain.chainAndInvoke(Lorg/junit/jupiter/api/extension/InvocationInterceptor$Invocation;Lorg/junit/jupiter/engine/execution/InvocationInterceptorChain$InterceptorCall;Ljava/util/List;)Ljava/lang/Object;+24 org.junit.jupiter.engine@5.8.2
j  org.junit.jupiter.engine.execution.InvocationInterceptorChain.invoke(Lorg/junit/jupiter/api/extension/InvocationInterceptor$Invocation;Lorg/junit/jupiter/engine/extension/ExtensionRegistry;Lorg/junit/jupiter/engine/execution/InvocationInterceptorChain$InterceptorCall;)Ljava/lang/Object;+31 org.junit.jupiter.engine@5.8.2
j  org.junit.jupiter.engine.execution.ExecutableInvoker.invoke(Lorg/junit/jupiter/api/extension/InvocationInterceptor$Invocation;Lorg/junit/jupiter/api/extension/ReflectiveInvocationContext;Lorg/junit/jupiter/api/extension/ExtensionContext;Lorg/junit/jupiter/engine/extension/ExtensionRegistry;Lorg/junit/jupiter/engine/execution/ExecutableInvoker$ReflectiveInterceptorCall;)Ljava/lang/Object;+15 org.junit.jupiter.engine@5.8.2
j  org.junit.jupiter.engine.execution.ExecutableInvoker.invoke(Ljava/lang/reflect/Method;Ljava/lang/Object;Lorg/junit/jupiter/api/extension/ExtensionContext;Lorg/junit/jupiter/engine/extension/ExtensionRegistry;Lorg/junit/jupiter/engine/execution/ExecutableInvoker$ReflectiveInterceptorCall;)Ljava/lang/Object;+56 org.junit.jupiter.engine@5.8.2
j  org.junit.jupiter.engine.descriptor.TestMethodTestDescriptor.lambda$invokeTestMethod$7(Lorg/junit/jupiter/api/extension/ExtensionContext;Lorg/junit/jupiter/engine/execution/JupiterEngineExecutionContext;)V+28 org.junit.jupiter.engine@5.8.2
j  org.junit.jupiter.engine.descriptor.TestMethodTestDescriptor$$Lambda$435+0x0000000100243d88.execute()V+12 org.junit.jupiter.engine@5.8.2
j  org.junit.platform.engine.support.hierarchical.ThrowableCollector.execute(Lorg/junit/platform/engine/support/hierarchical/ThrowableCollector$Executable;)V+1 org.junit.platform.engine@1.8.2
j  org.junit.jupiter.engine.descriptor.TestMethodTestDescriptor.invokeTestMethod(Lorg/junit/jupiter/engine/execution/JupiterEngineExecutionContext;Lorg/junit/platform/engine/support/hierarchical/Node$DynamicTestExecutor;)V+21 org.junit.jupiter.engine@5.8.2
j  org.junit.jupiter.engine.descriptor.TestMethodTestDescriptor.execute(Lorg/junit/jupiter/engine/execution/JupiterEngineExecutionContext;Lorg/junit/platform/engine/support/hierarchical/Node$DynamicTestExecutor;)Lorg/junit/jupiter/engine/execution/JupiterEngineExecutionContext;+44 org.junit.jupiter.engine@5.8.2
j  org.junit.jupiter.engine.descriptor.TestMethodTestDescriptor.execute(Lorg/junit/platform/engine/support/hierarchical/EngineExecutionContext;Lorg/junit/platform/engine/support/hierarchical/Node$DynamicTestExecutor;)Lorg/junit/platform/engine/support/hierarchical/EngineExecutionContext;+6 org.junit.jupiter.engine@5.8.2
j  org.junit.platform.engine.support.hierarchical.NodeTestTask.lambda$executeRecursively$6()V+79 org.junit.platform.engine@1.8.2
j  org.junit.platform.engine.support.hierarchical.NodeTestTask$$Lambda$347+0x0000000100200428.execute()V+4 org.junit.platform.engine@1.8.2
j  org.junit.platform.engine.support.hierarchical.ThrowableCollector.execute(Lorg/junit/platform/engine/support/hierarchical/ThrowableCollector$Executable;)V+1 org.junit.platform.engine@1.8.2
j  org.junit.platform.engine.support.hierarchical.NodeTestTask.lambda$executeRecursively$8(Lorg/junit/platform/engine/support/hierarchical/EngineExecutionContext;)V+15 org.junit.platform.engine@1.8.2
j  org.junit.platform.engine.support.hierarchical.NodeTestTask$$Lambda$346+0x0000000100200200.invoke(Lorg/junit/platform/engine/support/hierarchical/EngineExecutionContext;)V+5 org.junit.platform.engine@1.8.2
j  org.junit.platform.engine.support.hierarchical.Node.around(Lorg/junit/platform/engine/support/hierarchical/EngineExecutionContext;Lorg/junit/platform/engine/support/hierarchical/Node$Invocation;)V+2 org.junit.platform.engine@1.8.2
j  org.junit.platform.engine.support.hierarchical.NodeTestTask.lambda$executeRecursively$9()V+14 org.junit.platform.engine@1.8.2
j  org.junit.platform.engine.support.hierarchical.NodeTestTask$$Lambda$345+0x00000001001bc400.execute()V+4 org.junit.platform.engine@1.8.2
j  org.junit.platform.engine.support.hierarchical.ThrowableCollector.execute(Lorg/junit/platform/engine/support/hierarchical/ThrowableCollector$Executable;)V+1 org.junit.platform.engine@1.8.2
j  org.junit.platform.engine.support.hierarchical.NodeTestTask.executeRecursively()V+31 org.junit.platform.engine@1.8.2
j  org.junit.platform.engine.support.hierarchical.NodeTestTask.execute()V+55 org.junit.platform.engine@1.8.2
j  org.junit.platform.engine.support.hierarchical.SameThreadHierarchicalTestExecutorService$$Lambda$351+0x0000000100200f40.accept(Ljava/lang/Object;)V+4 org.junit.platform.engine@1.8.2
j  java.util.ArrayList.forEach(Ljava/util/function/Consumer;)V+46 java.base@17.0.5
j  org.junit.platform.engine.support.hierarchical.SameThreadHierarchicalTestExecutorService.invokeAll(Ljava/util/List;)V+6 org.junit.platform.engine@1.8.2
j  org.junit.platform.engine.support.hierarchical.NodeTestTask.lambda$executeRecursively$6()V+116 org.junit.platform.engine@1.8.2
j  org.junit.platform.engine.support.hierarchical.NodeTestTask$$Lambda$347+0x0000000100200428.execute()V+4 org.junit.platform.engine@1.8.2
j  org.junit.platform.engine.support.hierarchical.ThrowableCollector.execute(Lorg/junit/platform/engine/support/hierarchical/ThrowableCollector$Executable;)V+1 org.junit.platform.engine@1.8.2
j  org.junit.platform.engine.support.hierarchical.NodeTestTask.lambda$executeRecursively$8(Lorg/junit/platform/engine/support/hierarchical/EngineExecutionContext;)V+15 org.junit.platform.engine@1.8.2
j  org.junit.platform.engine.support.hierarchical.NodeTestTask$$Lambda$346+0x0000000100200200.invoke(Lorg/junit/platform/engine/support/hierarchical/EngineExecutionContext;)V+5 org.junit.platform.engine@1.8.2
j  org.junit.platform.engine.support.hierarchical.Node.around(Lorg/junit/platform/engine/support/hierarchical/EngineExecutionContext;Lorg/junit/platform/engine/support/hierarchical/Node$Invocation;)V+2 org.junit.platform.engine@1.8.2
j  org.junit.platform.engine.support.hierarchical.NodeTestTask.lambda$executeRecursively$9()V+14 org.junit.platform.engine@1.8.2
j  org.junit.platform.engine.support.hierarchical.NodeTestTask$$Lambda$345+0x00000001001bc400.execute()V+4 org.junit.platform.engine@1.8.2
j  org.junit.platform.engine.support.hierarchical.ThrowableCollector.execute(Lorg/junit/platform/engine/support/hierarchical/ThrowableCollector$Executable;)V+1 org.junit.platform.engine@1.8.2
j  org.junit.platform.engine.support.hierarchical.NodeTestTask.executeRecursively()V+31 org.junit.platform.engine@1.8.2
j  org.junit.platform.engine.support.hierarchical.NodeTestTask.execute()V+55 org.junit.platform.engine@1.8.2
j  org.junit.platform.engine.support.hierarchical.SameThreadHierarchicalTestExecutorService$$Lambda$351+0x0000000100200f40.accept(Ljava/lang/Object;)V+4 org.junit.platform.engine@1.8.2
j  java.util.ArrayList.forEach(Ljava/util/function/Consumer;)V+46 java.base@17.0.5
j  org.junit.platform.engine.support.hierarchical.SameThreadHierarchicalTestExecutorService.invokeAll(Ljava/util/List;)V+6 org.junit.platform.engine@1.8.2
j  org.junit.platform.engine.support.hierarchical.NodeTestTask.lambda$executeRecursively$6()V+116 org.junit.platform.engine@1.8.2
j  org.junit.platform.engine.support.hierarchical.NodeTestTask$$Lambda$347+0x0000000100200428.execute()V+4 org.junit.platform.engine@1.8.2
j  org.junit.platform.engine.support.hierarchical.ThrowableCollector.execute(Lorg/junit/platform/engine/support/hierarchical/ThrowableCollector$Executable;)V+1 org.junit.platform.engine@1.8.2
j  org.junit.platform.engine.support.hierarchical.NodeTestTask.lambda$executeRecursively$8(Lorg/junit/platform/engine/support/hierarchical/EngineExecutionContext;)V+15 org.junit.platform.engine@1.8.2
j  org.junit.platform.engine.support.hierarchical.NodeTestTask$$Lambda$346+0x0000000100200200.invoke(Lorg/junit/platform/engine/support/hierarchical/EngineExecutionContext;)V+5 org.junit.platform.engine@1.8.2
j  org.junit.platform.engine.support.hierarchical.Node.around(Lorg/junit/platform/engine/support/hierarchical/EngineExecutionContext;Lorg/junit/platform/engine/support/hierarchical/Node$Invocation;)V+2 org.junit.platform.engine@1.8.2
j  org.junit.platform.engine.support.hierarchical.NodeTestTask.lambda$executeRecursively$9()V+14 org.junit.platform.engine@1.8.2
j  org.junit.platform.engine.support.hierarchical.NodeTestTask$$Lambda$345+0x00000001001bc400.execute()V+4 org.junit.platform.engine@1.8.2
j  org.junit.platform.engine.support.hierarchical.ThrowableCollector.execute(Lorg/junit/platform/engine/support/hierarchical/ThrowableCollector$Executable;)V+1 org.junit.platform.engine@1.8.2
j  org.junit.platform.engine.support.hierarchical.NodeTestTask.executeRecursively()V+31 org.junit.platform.engine@1.8.2
j  org.junit.platform.engine.support.hierarchical.NodeTestTask.execute()V+55 org.junit.platform.engine@1.8.2
j  org.junit.platform.engine.support.hierarchical.SameThreadHierarchicalTestExecutorService.submit(Lorg/junit/platform/engine/support/hierarchical/HierarchicalTestExecutorService$TestTask;)Ljava/util/concurrent/Future;+1 org.junit.platform.engine@1.8.2
j  org.junit.platform.engine.support.hierarchical.HierarchicalTestExecutor.execute()Ljava/util/concurrent/Future;+74 org.junit.platform.engine@1.8.2
j  org.junit.platform.engine.support.hierarchical.HierarchicalTestEngine.execute(Lorg/junit/platform/engine/ExecutionRequest;)V+31 org.junit.platform.engine@1.8.2
j  org.junit.platform.launcher.core.EngineExecutionOrchestrator.execute(Lorg/junit/platform/engine/TestDescriptor;Lorg/junit/platform/engine/EngineExecutionListener;Lorg/junit/platform/engine/ConfigurationParameters;Lorg/junit/platform/engine/TestEngine;)V+24
j  org.junit.platform.launcher.core.EngineExecutionOrchestrator.execute(Lorg/junit/platform/launcher/core/LauncherDiscoveryResult;Lorg/junit/platform/engine/EngineExecutionListener;)V+86
j  org.junit.platform.launcher.core.EngineExecutionOrchestrator.lambda$execute$0(Lorg/junit/platform/launcher/core/InternalTestPlan;Lorg/junit/platform/launcher/core/LauncherDiscoveryResult;Lorg/junit/platform/launcher/TestExecutionListener;)V+18
j  org.junit.platform.launcher.core.EngineExecutionOrchestrator$$Lambda$301+0x00000001001adcb8.accept(Ljava/lang/Object;)V+16
j  org.junit.platform.launcher.core.EngineExecutionOrchestrator.withInterceptedStreams(Lorg/junit/platform/engine/ConfigurationParameters;Lorg/junit/platform/launcher/core/ListenerRegistry;Ljava/util/function/Consumer;)V+51
j  org.junit.platform.launcher.core.EngineExecutionOrchestrator.execute(Lorg/junit/platform/launcher/core/InternalTestPlan;[Lorg/junit/platform/launcher/TestExecutionListener;)V+35
j  org.junit.platform.launcher.core.DefaultLauncher.execute(Lorg/junit/platform/launcher/core/InternalTestPlan;[Lorg/junit/platform/launcher/TestExecutionListener;)V+6
j  org.junit.platform.launcher.core.DefaultLauncher.execute(Lorg/junit/platform/launcher/LauncherDiscoveryRequest;[Lorg/junit/platform/launcher/TestExecutionListener;)V+34
j  org.junit.platform.launcher.core.DefaultLauncherSession$DelegatingLauncher.execute(Lorg/junit/platform/launcher/LauncherDiscoveryRequest;[Lorg/junit/platform/launcher/TestExecutionListener;)V+6
j  org.junit.platform.launcher.core.SessionPerRequestLauncher.execute(Lorg/junit/platform/launcher/LauncherDiscoveryRequest;[Lorg/junit/platform/launcher/TestExecutionListener;)V+13
j  org.gradle.api.internal.tasks.testing.junitplatform.JUnitPlatformTestClassProcessor$CollectAllTestClassesExecutor.processAllTestClasses()V+58
j  org.gradle.api.internal.tasks.testing.junitplatform.JUnitPlatformTestClassProcessor$CollectAllTestClassesExecutor.access$000(Lorg/gradle/api/internal/tasks/testing/junitplatform/JUnitPlatformTestClassProcessor$CollectAllTestClassesExecutor;)V+1
j  org.gradle.api.internal.tasks.testing.junitplatform.JUnitPlatformTestClassProcessor.stop()V+4
j  org.gradle.api.internal.tasks.testing.SuiteTestClassProcessor.stop()V+4
v  ~StubRoutines::call_stub
j  jdk.internal.reflect.NativeMethodAccessorImpl.invoke0(Ljava/lang/reflect/Method;Ljava/lang/Object;[Ljava/lang/Object;)Ljava/lang/Object;+0 java.base@17.0.5
j  jdk.internal.reflect.NativeMethodAccessorImpl.invoke(Ljava/lang/Object;[Ljava/lang/Object;)Ljava/lang/Object;+133 java.base@17.0.5
j  jdk.internal.reflect.DelegatingMethodAccessorImpl.invoke(Ljava/lang/Object;[Ljava/lang/Object;)Ljava/lang/Object;+6 java.base@17.0.5
j  java.lang.reflect.Method.invoke(Ljava/lang/Object;[Ljava/lang/Object;)Ljava/lang/Object;+59 java.base@17.0.5
j  org.gradle.internal.dispatch.ReflectionDispatch.dispatch(Lorg/gradle/internal/dispatch/MethodInvocation;)V+19
j  org.gradle.internal.dispatch.ReflectionDispatch.dispatch(Ljava/lang/Object;)V+5
j  org.gradle.internal.dispatch.ContextClassLoaderDispatch.dispatch(Ljava/lang/Object;)V+22
j  org.gradle.internal.dispatch.ProxyDispatchAdapter$DispatchingInvocationHandler.invoke(Ljava/lang/Object;Ljava/lang/reflect/Method;[Ljava/lang/Object;)Ljava/lang/Object;+177
j  jdk.proxy1.$Proxy2.stop()V+9 jdk.proxy1
j  org.gradle.api.internal.tasks.testing.worker.TestWorker$3.run()V+7
j  org.gradle.api.internal.tasks.testing.worker.TestWorker.executeAndMaintainThreadName(Ljava/lang/Runnable;)V+1
j  org.gradle.api.internal.tasks.testing.worker.TestWorker.execute(Lorg/gradle/process/internal/worker/WorkerProcessContext;)V+80
j  org.gradle.api.internal.tasks.testing.worker.TestWorker.execute(Ljava/lang/Object;)V+5
j  org.gradle.process.internal.worker.child.ActionExecutionWorker.execute(Lorg/gradle/process/internal/worker/WorkerProcessContext;)V+65
j  org.gradle.process.internal.worker.child.SystemApplicationClassLoaderWorker.call()Ljava/lang/Void;+343
j  org.gradle.process.internal.worker.child.SystemApplicationClassLoaderWorker.call()Ljava/lang/Object;+1
j  worker.org.gradle.process.internal.worker.GradleWorkerMain.run()V+250
j  worker.org.gradle.process.internal.worker.GradleWorkerMain.main([Ljava/lang/String;)V+7
v  ~StubRoutines::call_stub

siginfo: si_signo: 11 (SIGSEGV), si_code: 1 (SEGV_MAPERR), si_addr: 0xffffffffffffff8a

Register to memory mapping:

RAX=0x0000000000000f8a is an unknown value
RBX=0x00007f6e8dd11f40 is pointing into the stack for thread: 0x00007f6e88029320
RCX=0x0 is NULL
RDX=0x00007f6e8dd12080 is pointing into the stack for thread: 0x00007f6e88029320
RSP=0x00007f6e8dd119d8 is pointing into the stack for thread: 0x00007f6e88029320
RBP=0x00000000fbad8001 is an unallocated location in the heap
RSI=0x0000000000000025 is an unknown value
RDI=0xffffffffffffff8a is an unknown value
R8 =0x0 is NULL
R9 =0x0000000000000006 is an unknown value
R10=0x000000000000000a is an unknown value
R11=0x00007f6e8da5c760: _IO_sprintf+0x0000000000000000 in /lib/x86_64-linux-gnu/libc.so.6 at 0x00007f6e8da00000
R12=0x00007f6e8dd12080 is pointing into the stack for thread: 0x00007f6e88029320
R13=0x00007f6e8dd11f40 is pointing into the stack for thread: 0x00007f6e88029320
R14=0xffffffffffffff8a is an unknown value
R15=0x00007f6e8dd12080 is pointing into the stack for thread: 0x00007f6e88029320


Registers:
RAX=0x0000000000000f8a, RBX=0x00007f6e8dd11f40, RCX=0x0000000000000000, RDX=0x00007f6e8dd12080
RSP=0x00007f6e8dd119d8, RBP=0x00000000fbad8001, RSI=0x0000000000000025, RDI=0xffffffffffffff8a
R8 =0x0000000000000000, R9 =0x0000000000000006, R10=0x000000000000000a, R11=0x00007f6e8da5c760
R12=0x00007f6e8dd12080, R13=0x00007f6e8dd11f40, R14=0xffffffffffffff8a, R15=0x00007f6e8dd12080
RIP=0x00007f6e8db8613c, EFLAGS=0x0000000000010287, CSGSFS=0x002b000000000033, ERR=0x0000000000000005
  TRAPNO=0x000000000000000e

Top of Stack: (sp=0x00007f6e8dd119d8)
0x00007f6e8dd119d8:   00007f6e8da60047 0000000000000000
0x00007f6e8dd119e8:   ffffffffffffff8a 0000000000000000
0x00007f6e8dd119f8:   0000000000000000 00007f6e5569d3a8
0x00007f6e8dd11a08:   00007f6e57fff2c8 0000000055693f20 

Instructions: (pc=0x00007f6e8db8613c)
0x00007f6e8db8603c:   62 a1 f5 20 ef f2 62 b3 65 20 3f d1 04 62 21 f5
0x00007f6e8db8604c:   20 ef c4 62 b3 55 20 3f e1 04 62 a1 4d 20 da d2
0x00007f6e8db8605c:   62 a1 3d 20 da e4 62 a1 65 a2 da da 62 a1 55 20
0x00007f6e8db8606c:   da ec 62 a1 55 a4 da eb 62 b2 56 20 26 cd c5 fb
0x00007f6e8db8607c:   93 c9 48 83 ef 80 85 c9 74 9a 62 b2 6e 20 26 c2
0x00007f6e8db8608c:   c5 fb 93 c0 85 c0 75 30 62 b2 66 20 26 c3 c5 fb
0x00007f6e8db8609c:   93 c0 85 c0 75 2e 62 b2 5e 20 26 c4 c5 fb 93 c0
0x00007f6e8db860ac:   48 c1 e1 20 48 09 c8 48 0f bc c0 40 3a 74 07 40
0x00007f6e8db860bc:   75 5d 48 8d 44 07 40 c3 0f bc c0 48 01 f8 40 3a
0x00007f6e8db860cc:   30 75 4c c3 0f bc c0 40 3a 74 07 20 75 41 48 8d
0x00007f6e8db860dc:   44 07 20 c3 48 89 fa 48 83 e7 e0 62 e1 fd 28 6f
0x00007f6e8db860ec:   17 62 a1 f5 20 ef da 62 a1 6d 20 da db 62 b2 66
0x00007f6e8db860fc:   20 26 c3 c5 fb 93 c0 c4 e2 6a f7 c0 85 c0 0f 84
0x00007f6e8db8610c:   84 fe ff ff 0f bc c0 48 01 d0 40 3a 30 74 02 31
0x00007f6e8db8611c:   c0 c3 66 90 f3 0f 1e fa 62 e2 7d 28 7a ce 89 f8
0x00007f6e8db8612c:   25 ff 0f 00 00 3d e0 0f 00 00 0f 87 b4 01 00 00
0x00007f6e8db8613c:   62 e1 fe 28 6f 17 62 a1 f5 20 ef da 62 a1 6d 20
0x00007f6e8db8614c:   da db 62 b2 66 20 26 c3 c5 fb 93 c0 85 c0 74 54
0x00007f6e8db8615c:   f3 0f bc c0 48 01 f8 c3 c4 e1 f5 45 c0 c5 fb 93
0x00007f6e8db8616c:   c0 f3 0f bc c0 48 8d 84 07 80 00 00 00 c3 66 0f
0x00007f6e8db8617c:   1f 44 00 00 0f bc c0 48 8d 44 07 20 c3 0f 1f 80
0x00007f6e8db8618c:   00 00 00 00 c4 e1 f5 45 c0 c5 fb 93 c0 f3 0f bc
0x00007f6e8db8619c:   c0 48 8d 44 07 40 c3 0f bc c0 48 8d 44 07 60 c3
0x00007f6e8db861ac:   0f 1f 40 00 48 83 e7 e0 62 e1 fd 28 6f 57 01 62
0x00007f6e8db861bc:   a1 f5 20 ef da 62 a1 6d 20 da db 62 b2 66 20 26
0x00007f6e8db861cc:   c3 c5 fb 93 c0 85 c0 75 ab 62 e1 fd 28 6f 57 02
0x00007f6e8db861dc:   62 b3 75 20 3f c2 00 62 b2 6e 20 26 ca c4 e1 f9
0x00007f6e8db861ec:   98 c8 75 a0 62 e1 fd 28 6f 57 03 62 a1 f5 20 ef
0x00007f6e8db861fc:   da 62 a1 6d 20 da db 62 b2 66 20 26 c3 c5 fb 93
0x00007f6e8db8620c:   c0 85 c0 75 92 62 e1 fd 28 6f 57 04 62 b3 75 20
0x00007f6e8db8621c:   3f c2 00 62 b2 6e 20 26 ca c4 e1 f9 98 c8 0f 85
0x00007f6e8db8622c:   34 ff ff ff 48 83 c7 20 48 83 e7 80 0f 1f 84 00 


Stack slot to memory mapping:
stack at sp + 0 slots: 0x00007f6e8da60047: <offset 0x0000000000060047> in /lib/x86_64-linux-gnu/libc.so.6 at 0x00007f6e8da00000
stack at sp + 1 slots: 0x0 is NULL
stack at sp + 2 slots: 0xffffffffffffff8a is an unknown value
stack at sp + 3 slots: 0x0 is NULL
stack at sp + 4 slots: 0x0 is NULL
stack at sp + 5 slots: 0x00007f6e5569d3a8 is pointing into metadata
stack at sp + 6 slots: 0x00007f6e57fff2c8 is pointing into metadata
stack at sp + 7 slots: 0x0000000055693f20 is an unknown value


---------------  P R O C E S S  ---------------

Threads class SMR info:
_java_thread_list=0x00007f6e88679be0, length=14, elements={
0x00007f6e88029320, 0x00007f6e8815cc30, 0x00007f6e8815e240, 0x00007f6e8818b200,
0x00007f6e8818c5b0, 0x00007f6e8818d9c0, 0x00007f6e8818f370, 0x00007f6e88190850,
0x00007f6e88191cc0, 0x00007f6e881cdfb0, 0x00007f6e88306830, 0x00007f6e886630f0,
0x00007f6e88678260, 0x00007f6e88678df0
}

Java Threads: ( => current thread )
=>0x00007f6e88029320 JavaThread "Test worker" [_thread_in_native, id=177547, stack(0x00007f6e8dc17000,0x00007f6e8dd17000)]
  0x00007f6e8815cc30 JavaThread "Reference Handler" daemon [_thread_blocked, id=177554, stack(0x00007f6e6c1fe000,0x00007f6e6c2fe000)]
  0x00007f6e8815e240 JavaThread "Finalizer" daemon [_thread_blocked, id=177555, stack(0x00007f6e6c0fe000,0x00007f6e6c1fe000)]
  0x00007f6e8818b200 JavaThread "Signal Dispatcher" daemon [_thread_blocked, id=177556, stack(0x00007f6e56d00000,0x00007f6e56e00000)]
  0x00007f6e8818c5b0 JavaThread "Service Thread" daemon [_thread_blocked, id=177557, stack(0x00007f6e56c00000,0x00007f6e56d00000)]
  0x00007f6e8818d9c0 JavaThread "Monitor Deflation Thread" daemon [_thread_blocked, id=177558, stack(0x00007f6e56b00000,0x00007f6e56c00000)]
  0x00007f6e8818f370 JavaThread "C2 CompilerThread0" daemon [_thread_in_native, id=177559, stack(0x00007f6e56a00000,0x00007f6e56b00000)]
  0x00007f6e88190850 JavaThread "C1 CompilerThread0" daemon [_thread_blocked, id=177560, stack(0x00007f6e56900000,0x00007f6e56a00000)]
  0x00007f6e88191cc0 JavaThread "Sweeper thread" daemon [_thread_blocked, id=177561, stack(0x00007f6e56800000,0x00007f6e56900000)]
  0x00007f6e881cdfb0 JavaThread "Common-Cleaner" daemon [_thread_blocked, id=177562, stack(0x00007f6e56700000,0x00007f6e56800000)]
  0x00007f6e88306830 JavaThread "Notification Thread" daemon [_thread_blocked, id=177563, stack(0x00007f6e56300000,0x00007f6e56400000)]
  0x00007f6e886630f0 JavaThread "/127.0.0.1:55260 to /127.0.0.1:40227 workers" [_thread_blocked, id=177569, stack(0x00007f6e55b00000,0x00007f6e55c00000)]
  0x00007f6e88678260 JavaThread "/127.0.0.1:55260 to /127.0.0.1:40227 workers Thread 2" [_thread_blocked, id=177570, stack(0x00007f6e54f00000,0x00007f6e55000000)]
  0x00007f6e88678df0 JavaThread "/127.0.0.1:55260 to /127.0.0.1:40227 workers Thread 3" [_thread_in_native, id=177571, stack(0x00007f6e54b00000,0x00007f6e54c00000)]

Other Threads:
  0x00007f6e8814d8c0 VMThread "VM Thread" [stack: 0x00007f6e6c300000,0x00007f6e6c400000] [id=177553]
  0x00007f6e8802be10 WatcherThread [stack: 0x00007f6e55f00000,0x00007f6e56000000] [id=177564]
  0x00007f6e88058610 GCTaskThread "GC Thread#0" [stack: 0x00007f6e6f2fb000,0x00007f6e6f3fb000] [id=177548]
  0x00007f6e50005f50 GCTaskThread "GC Thread#1" [stack: 0x00007f6e54a00000,0x00007f6e54b00000] [id=177572]
  0x00007f6e50006980 GCTaskThread "GC Thread#2" [stack: 0x00007f6e548fe000,0x00007f6e549fe000] [id=177573]
  0x00007f6e500073b0 GCTaskThread "GC Thread#3" [stack: 0x00007f6e547fc000,0x00007f6e548fc000] [id=177574]
  0x00007f6e50007de0 GCTaskThread "GC Thread#4" [stack: 0x00007f6e546fa000,0x00007f6e547fa000] [id=177575]
  0x00007f6e50008810 GCTaskThread "GC Thread#5" [stack: 0x00007f6e545f8000,0x00007f6e546f8000] [id=177576]
  0x00007f6e50009240 GCTaskThread "GC Thread#6" [stack: 0x00007f6e544f6000,0x00007f6e545f6000] [id=177577]
  0x00007f6e50009c70 GCTaskThread "GC Thread#7" [stack: 0x00007f6e543f4000,0x00007f6e544f4000] [id=177578]
  0x00007f6e8805db90 ConcurrentGCThread "G1 Main Marker" [stack: 0x00007f6e6f1f9000,0x00007f6e6f2f9000] [id=177549]
  0x00007f6e8805eaf0 ConcurrentGCThread "G1 Conc#0" [stack: 0x00007f6e6f0f7000,0x00007f6e6f1f7000] [id=177550]
  0x00007f6e880d1a00 ConcurrentGCThread "G1 Refine#0" [stack: 0x00007f6e6c7ed000,0x00007f6e6c8ed000] [id=177551]
  0x00007f6e58000eb0 ConcurrentGCThread "G1 Refine#1" [stack: 0x00007f6e542f2000,0x00007f6e543f2000] [id=177579]
  0x00007f6e880d28f0 ConcurrentGCThread "G1 Service" [stack: 0x00007f6e6c6eb000,0x00007f6e6c7eb000] [id=177552]

Threads with active compile tasks:
C2 CompilerThread0      740 1661       4       java.util.regex.Pattern$Slice::match (79 bytes)

VM state: not at safepoint (normal execution)

VM Mutex/Monitor currently owned by a thread: None

Heap address: 0x00000000e0000000, size: 512 MB, Compressed Oops mode: 32-bit

CDS archive(s) not mapped
Compressed class space mapped at: 0x0000000100000000-0x0000000140000000, reserved size: 1073741824
Narrow klass base: 0x0000000000000000, Narrow klass shift: 3, Narrow klass range: 0x140000000

GC Precious Log:
 CPUs: 8 total, 8 available
 Memory: 7672M
 Large Page Support: Disabled
 NUMA Support: Disabled
 Compressed Oops: Enabled (32-bit)
 Heap Region Size: 1M
 Heap Min Capacity: 8M
 Heap Initial Capacity: 120M
 Heap Max Capacity: 512M
 Pre-touch: Disabled
 Parallel Workers: 8
 Concurrent Workers: 2
 Concurrent Refinement Workers: 8
 Periodic GC: Disabled

Heap:
 garbage-first heap   total 122880K, used 28193K [0x00000000e0000000, 0x0000000100000000)
  region size 1024K, 27 young (27648K), 3 survivors (3072K)
 Metaspace       used 18836K, committed 19072K, reserved 1073152K
  class space    used 2129K, committed 2240K, reserved 1048576K

Heap Regions: E=young(eden), S=young(survivor), O=old, HS=humongous(starts), HC=humongous(continues), CS=collection set, F=free, OA=open archive, CA=closed archive, TAMS=top-at-mark-start (previous, next)
|   0|0x00000000e0000000, 0x00000000e0100000, 0x00000000e0100000|100%| O|  |TAMS 0x00000000e0000000, 0x00000000e0000000| Untracked 
|   1|0x00000000e0100000, 0x00000000e0188400, 0x00000000e0200000| 53%| O|  |TAMS 0x00000000e0100000, 0x00000000e0100000| Untracked 
|   2|0x00000000e0200000, 0x00000000e0200000, 0x00000000e0300000|  0%| F|  |TAMS 0x00000000e0200000, 0x00000000e0200000| Untracked 
|   3|0x00000000e0300000, 0x00000000e0300000, 0x00000000e0400000|  0%| F|  |TAMS 0x00000000e0300000, 0x00000000e0300000| Untracked 
|   4|0x00000000e0400000, 0x00000000e0400000, 0x00000000e0500000|  0%| F|  |TAMS 0x00000000e0400000, 0x00000000e0400000| Untracked 
|   5|0x00000000e0500000, 0x00000000e0500000, 0x00000000e0600000|  0%| F|  |TAMS 0x00000000e0500000, 0x00000000e0500000| Untracked 
|   6|0x00000000e0600000, 0x00000000e0600000, 0x00000000e0700000|  0%| F|  |TAMS 0x00000000e0600000, 0x00000000e0600000| Untracked 
|   7|0x00000000e0700000, 0x00000000e0700000, 0x00000000e0800000|  0%| F|  |TAMS 0x00000000e0700000, 0x00000000e0700000| Untracked 
|   8|0x00000000e0800000, 0x00000000e0800000, 0x00000000e0900000|  0%| F|  |TAMS 0x00000000e0800000, 0x00000000e0800000| Untracked 
|   9|0x00000000e0900000, 0x00000000e0900000, 0x00000000e0a00000|  0%| F|  |TAMS 0x00000000e0900000, 0x00000000e0900000| Untracked 
|  10|0x00000000e0a00000, 0x00000000e0a00000, 0x00000000e0b00000|  0%| F|  |TAMS 0x00000000e0a00000, 0x00000000e0a00000| Untracked 
|  11|0x00000000e0b00000, 0x00000000e0b00000, 0x00000000e0c00000|  0%| F|  |TAMS 0x00000000e0b00000, 0x00000000e0b00000| Untracked 
|  12|0x00000000e0c00000, 0x00000000e0c00000, 0x00000000e0d00000|  0%| F|  |TAMS 0x00000000e0c00000, 0x00000000e0c00000| Untracked 
|  13|0x00000000e0d00000, 0x00000000e0d00000, 0x00000000e0e00000|  0%| F|  |TAMS 0x00000000e0d00000, 0x00000000e0d00000| Untracked 
|  14|0x00000000e0e00000, 0x00000000e0e00000, 0x00000000e0f00000|  0%| F|  |TAMS 0x00000000e0e00000, 0x00000000e0e00000| Untracked 
|  15|0x00000000e0f00000, 0x00000000e0f00000, 0x00000000e1000000|  0%| F|  |TAMS 0x00000000e0f00000, 0x00000000e0f00000| Untracked 
|  16|0x00000000e1000000, 0x00000000e1000000, 0x00000000e1100000|  0%| F|  |TAMS 0x00000000e1000000, 0x00000000e1000000| Untracked 
|  17|0x00000000e1100000, 0x00000000e1100000, 0x00000000e1200000|  0%| F|  |TAMS 0x00000000e1100000, 0x00000000e1100000| Untracked 
|  18|0x00000000e1200000, 0x00000000e1200000, 0x00000000e1300000|  0%| F|  |TAMS 0x00000000e1200000, 0x00000000e1200000| Untracked 
|  19|0x00000000e1300000, 0x00000000e1300000, 0x00000000e1400000|  0%| F|  |TAMS 0x00000000e1300000, 0x00000000e1300000| Untracked 
|  20|0x00000000e1400000, 0x00000000e1400000, 0x00000000e1500000|  0%| F|  |TAMS 0x00000000e1400000, 0x00000000e1400000| Untracked 
|  21|0x00000000e1500000, 0x00000000e1500000, 0x00000000e1600000|  0%| F|  |TAMS 0x00000000e1500000, 0x00000000e1500000| Untracked 
|  22|0x00000000e1600000, 0x00000000e1600000, 0x00000000e1700000|  0%| F|  |TAMS 0x00000000e1600000, 0x00000000e1600000| Untracked 
|  23|0x00000000e1700000, 0x00000000e1700000, 0x00000000e1800000|  0%| F|  |TAMS 0x00000000e1700000, 0x00000000e1700000| Untracked 
|  24|0x00000000e1800000, 0x00000000e1800000, 0x00000000e1900000|  0%| F|  |TAMS 0x00000000e1800000, 0x00000000e1800000| Untracked 
|  25|0x00000000e1900000, 0x00000000e1900000, 0x00000000e1a00000|  0%| F|  |TAMS 0x00000000e1900000, 0x00000000e1900000| Untracked 
|  26|0x00000000e1a00000, 0x00000000e1a00000, 0x00000000e1b00000|  0%| F|  |TAMS 0x00000000e1a00000, 0x00000000e1a00000| Untracked 
|  27|0x00000000e1b00000, 0x00000000e1b00000, 0x00000000e1c00000|  0%| F|  |TAMS 0x00000000e1b00000, 0x00000000e1b00000| Untracked 
|  28|0x00000000e1c00000, 0x00000000e1c00000, 0x00000000e1d00000|  0%| F|  |TAMS 0x00000000e1c00000, 0x00000000e1c00000| Untracked 
|  29|0x00000000e1d00000, 0x00000000e1d00000, 0x00000000e1e00000|  0%| F|  |TAMS 0x00000000e1d00000, 0x00000000e1d00000| Untracked 
|  30|0x00000000e1e00000, 0x00000000e1e00000, 0x00000000e1f00000|  0%| F|  |TAMS 0x00000000e1e00000, 0x00000000e1e00000| Untracked 
|  31|0x00000000e1f00000, 0x00000000e1f00000, 0x00000000e2000000|  0%| F|  |TAMS 0x00000000e1f00000, 0x00000000e1f00000| Untracked 
|  32|0x00000000e2000000, 0x00000000e2000000, 0x00000000e2100000|  0%| F|  |TAMS 0x00000000e2000000, 0x00000000e2000000| Untracked 
|  33|0x00000000e2100000, 0x00000000e2100000, 0x00000000e2200000|  0%| F|  |TAMS 0x00000000e2100000, 0x00000000e2100000| Untracked 
|  34|0x00000000e2200000, 0x00000000e2200000, 0x00000000e2300000|  0%| F|  |TAMS 0x00000000e2200000, 0x00000000e2200000| Untracked 
|  35|0x00000000e2300000, 0x00000000e2300000, 0x00000000e2400000|  0%| F|  |TAMS 0x00000000e2300000, 0x00000000e2300000| Untracked 
|  36|0x00000000e2400000, 0x00000000e2400000, 0x00000000e2500000|  0%| F|  |TAMS 0x00000000e2400000, 0x00000000e2400000| Untracked 
|  37|0x00000000e2500000, 0x00000000e2500000, 0x00000000e2600000|  0%| F|  |TAMS 0x00000000e2500000, 0x00000000e2500000| Untracked 
|  38|0x00000000e2600000, 0x00000000e2600000, 0x00000000e2700000|  0%| F|  |TAMS 0x00000000e2600000, 0x00000000e2600000| Untracked 
|  39|0x00000000e2700000, 0x00000000e2700000, 0x00000000e2800000|  0%| F|  |TAMS 0x00000000e2700000, 0x00000000e2700000| Untracked 
|  40|0x00000000e2800000, 0x00000000e2800000, 0x00000000e2900000|  0%| F|  |TAMS 0x00000000e2800000, 0x00000000e2800000| Untracked 
|  41|0x00000000e2900000, 0x00000000e2900000, 0x00000000e2a00000|  0%| F|  |TAMS 0x00000000e2900000, 0x00000000e2900000| Untracked 
|  42|0x00000000e2a00000, 0x00000000e2a00000, 0x00000000e2b00000|  0%| F|  |TAMS 0x00000000e2a00000, 0x00000000e2a00000| Untracked 
|  43|0x00000000e2b00000, 0x00000000e2b00000, 0x00000000e2c00000|  0%| F|  |TAMS 0x00000000e2b00000, 0x00000000e2b00000| Untracked 
|  44|0x00000000e2c00000, 0x00000000e2c00000, 0x00000000e2d00000|  0%| F|  |TAMS 0x00000000e2c00000, 0x00000000e2c00000| Untracked 
|  45|0x00000000e2d00000, 0x00000000e2d00000, 0x00000000e2e00000|  0%| F|  |TAMS 0x00000000e2d00000, 0x00000000e2d00000| Untracked 
|  46|0x00000000e2e00000, 0x00000000e2e00000, 0x00000000e2f00000|  0%| F|  |TAMS 0x00000000e2e00000, 0x00000000e2e00000| Untracked 
|  47|0x00000000e2f00000, 0x00000000e2f00000, 0x00000000e3000000|  0%| F|  |TAMS 0x00000000e2f00000, 0x00000000e2f00000| Untracked 
|  48|0x00000000e3000000, 0x00000000e3000000, 0x00000000e3100000|  0%| F|  |TAMS 0x00000000e3000000, 0x00000000e3000000| Untracked 
|  49|0x00000000e3100000, 0x00000000e3100000, 0x00000000e3200000|  0%| F|  |TAMS 0x00000000e3100000, 0x00000000e3100000| Untracked 
|  50|0x00000000e3200000, 0x00000000e3200000, 0x00000000e3300000|  0%| F|  |TAMS 0x00000000e3200000, 0x00000000e3200000| Untracked 
|  51|0x00000000e3300000, 0x00000000e3300000, 0x00000000e3400000|  0%| F|  |TAMS 0x00000000e3300000, 0x00000000e3300000| Untracked 
|  52|0x00000000e3400000, 0x00000000e3400000, 0x00000000e3500000|  0%| F|  |TAMS 0x00000000e3400000, 0x00000000e3400000| Untracked 
|  53|0x00000000e3500000, 0x00000000e3500000, 0x00000000e3600000|  0%| F|  |TAMS 0x00000000e3500000, 0x00000000e3500000| Untracked 
|  54|0x00000000e3600000, 0x00000000e3600000, 0x00000000e3700000|  0%| F|  |TAMS 0x00000000e3600000, 0x00000000e3600000| Untracked 
|  55|0x00000000e3700000, 0x00000000e3700000, 0x00000000e3800000|  0%| F|  |TAMS 0x00000000e3700000, 0x00000000e3700000| Untracked 
|  56|0x00000000e3800000, 0x00000000e3800000, 0x00000000e3900000|  0%| F|  |TAMS 0x00000000e3800000, 0x00000000e3800000| Untracked 
|  57|0x00000000e3900000, 0x00000000e3900000, 0x00000000e3a00000|  0%| F|  |TAMS 0x00000000e3900000, 0x00000000e3900000| Untracked 
|  58|0x00000000e3a00000, 0x00000000e3a00000, 0x00000000e3b00000|  0%| F|  |TAMS 0x00000000e3a00000, 0x00000000e3a00000| Untracked 
|  59|0x00000000e3b00000, 0x00000000e3b00000, 0x00000000e3c00000|  0%| F|  |TAMS 0x00000000e3b00000, 0x00000000e3b00000| Untracked 
|  60|0x00000000e3c00000, 0x00000000e3c00000, 0x00000000e3d00000|  0%| F|  |TAMS 0x00000000e3c00000, 0x00000000e3c00000| Untracked 
|  61|0x00000000e3d00000, 0x00000000e3d00000, 0x00000000e3e00000|  0%| F|  |TAMS 0x00000000e3d00000, 0x00000000e3d00000| Untracked 
|  62|0x00000000e3e00000, 0x00000000e3e00000, 0x00000000e3f00000|  0%| F|  |TAMS 0x00000000e3e00000, 0x00000000e3e00000| Untracked 
|  63|0x00000000e3f00000, 0x00000000e3f00000, 0x00000000e4000000|  0%| F|  |TAMS 0x00000000e3f00000, 0x00000000e3f00000| Untracked 
|  64|0x00000000e4000000, 0x00000000e4000000, 0x00000000e4100000|  0%| F|  |TAMS 0x00000000e4000000, 0x00000000e4000000| Untracked 
|  65|0x00000000e4100000, 0x00000000e4100000, 0x00000000e4200000|  0%| F|  |TAMS 0x00000000e4100000, 0x00000000e4100000| Untracked 
|  66|0x00000000e4200000, 0x00000000e4200000, 0x00000000e4300000|  0%| F|  |TAMS 0x00000000e4200000, 0x00000000e4200000| Untracked 
|  67|0x00000000e4300000, 0x00000000e4300000, 0x00000000e4400000|  0%| F|  |TAMS 0x00000000e4300000, 0x00000000e4300000| Untracked 
|  68|0x00000000e4400000, 0x00000000e4400000, 0x00000000e4500000|  0%| F|  |TAMS 0x00000000e4400000, 0x00000000e4400000| Untracked 
|  69|0x00000000e4500000, 0x00000000e4500000, 0x00000000e4600000|  0%| F|  |TAMS 0x00000000e4500000, 0x00000000e4500000| Untracked 
|  70|0x00000000e4600000, 0x00000000e4600000, 0x00000000e4700000|  0%| F|  |TAMS 0x00000000e4600000, 0x00000000e4600000| Untracked 
|  71|0x00000000e4700000, 0x00000000e4700000, 0x00000000e4800000|  0%| F|  |TAMS 0x00000000e4700000, 0x00000000e4700000| Untracked 
|  72|0x00000000e4800000, 0x00000000e4800000, 0x00000000e4900000|  0%| F|  |TAMS 0x00000000e4800000, 0x00000000e4800000| Untracked 
|  73|0x00000000e4900000, 0x00000000e4900000, 0x00000000e4a00000|  0%| F|  |TAMS 0x00000000e4900000, 0x00000000e4900000| Untracked 
|  74|0x00000000e4a00000, 0x00000000e4a00000, 0x00000000e4b00000|  0%| F|  |TAMS 0x00000000e4a00000, 0x00000000e4a00000| Untracked 
|  75|0x00000000e4b00000, 0x00000000e4b00000, 0x00000000e4c00000|  0%| F|  |TAMS 0x00000000e4b00000, 0x00000000e4b00000| Untracked 
|  76|0x00000000e4c00000, 0x00000000e4c00000, 0x00000000e4d00000|  0%| F|  |TAMS 0x00000000e4c00000, 0x00000000e4c00000| Untracked 
|  77|0x00000000e4d00000, 0x00000000e4d00000, 0x00000000e4e00000|  0%| F|  |TAMS 0x00000000e4d00000, 0x00000000e4d00000| Untracked 
|  78|0x00000000e4e00000, 0x00000000e4e00000, 0x00000000e4f00000|  0%| F|  |TAMS 0x00000000e4e00000, 0x00000000e4e00000| Untracked 
|  79|0x00000000e4f00000, 0x00000000e4f00000, 0x00000000e5000000|  0%| F|  |TAMS 0x00000000e4f00000, 0x00000000e4f00000| Untracked 
|  80|0x00000000e5000000, 0x00000000e5000000, 0x00000000e5100000|  0%| F|  |TAMS 0x00000000e5000000, 0x00000000e5000000| Untracked 
|  81|0x00000000e5100000, 0x00000000e5100000, 0x00000000e5200000|  0%| F|  |TAMS 0x00000000e5100000, 0x00000000e5100000| Untracked 
|  82|0x00000000e5200000, 0x00000000e5200000, 0x00000000e5300000|  0%| F|  |TAMS 0x00000000e5200000, 0x00000000e5200000| Untracked 
|  83|0x00000000e5300000, 0x00000000e5300000, 0x00000000e5400000|  0%| F|  |TAMS 0x00000000e5300000, 0x00000000e5300000| Untracked 
|  84|0x00000000e5400000, 0x00000000e5400000, 0x00000000e5500000|  0%| F|  |TAMS 0x00000000e5400000, 0x00000000e5400000| Untracked 
|  85|0x00000000e5500000, 0x00000000e5500000, 0x00000000e5600000|  0%| F|  |TAMS 0x00000000e5500000, 0x00000000e5500000| Untracked 
|  86|0x00000000e5600000, 0x00000000e5600000, 0x00000000e5700000|  0%| F|  |TAMS 0x00000000e5600000, 0x00000000e5600000| Untracked 
|  87|0x00000000e5700000, 0x00000000e5700000, 0x00000000e5800000|  0%| F|  |TAMS 0x00000000e5700000, 0x00000000e5700000| Untracked 
|  88|0x00000000e5800000, 0x00000000e5800000, 0x00000000e5900000|  0%| F|  |TAMS 0x00000000e5800000, 0x00000000e5800000| Untracked 
|  89|0x00000000e5900000, 0x00000000e5900000, 0x00000000e5a00000|  0%| F|  |TAMS 0x00000000e5900000, 0x00000000e5900000| Untracked 
|  90|0x00000000e5a00000, 0x00000000e5a00000, 0x00000000e5b00000|  0%| F|  |TAMS 0x00000000e5a00000, 0x00000000e5a00000| Untracked 
|  91|0x00000000e5b00000, 0x00000000e5b00000, 0x00000000e5c00000|  0%| F|  |TAMS 0x00000000e5b00000, 0x00000000e5b00000| Untracked 
|  92|0x00000000e5c00000, 0x00000000e5c00000, 0x00000000e5d00000|  0%| F|  |TAMS 0x00000000e5c00000, 0x00000000e5c00000| Untracked 
|  93|0x00000000e5d00000, 0x00000000e5d80800, 0x00000000e5e00000| 50%| E|  |TAMS 0x00000000e5d00000, 0x00000000e5d00000| Complete 
|  94|0x00000000e5e00000, 0x00000000e5f00000, 0x00000000e5f00000|100%| S|CS|TAMS 0x00000000e5e00000, 0x00000000e5e00000| Complete 
|  95|0x00000000e5f00000, 0x00000000e6000000, 0x00000000e6000000|100%| S|CS|TAMS 0x00000000e5f00000, 0x00000000e5f00000| Complete 
|  96|0x00000000e6000000, 0x00000000e6100000, 0x00000000e6100000|100%| S|CS|TAMS 0x00000000e6000000, 0x00000000e6000000| Complete 
|  97|0x00000000e6100000, 0x00000000e6200000, 0x00000000e6200000|100%| E|CS|TAMS 0x00000000e6100000, 0x00000000e6100000| Complete 
|  98|0x00000000e6200000, 0x00000000e6300000, 0x00000000e6300000|100%| E|CS|TAMS 0x00000000e6200000, 0x00000000e6200000| Complete 
|  99|0x00000000e6300000, 0x00000000e6400000, 0x00000000e6400000|100%| E|CS|TAMS 0x00000000e6300000, 0x00000000e6300000| Complete 
| 100|0x00000000e6400000, 0x00000000e6500000, 0x00000000e6500000|100%| E|CS|TAMS 0x00000000e6400000, 0x00000000e6400000| Complete 
| 101|0x00000000e6500000, 0x00000000e6600000, 0x00000000e6600000|100%| E|CS|TAMS 0x00000000e6500000, 0x00000000e6500000| Complete 
| 102|0x00000000e6600000, 0x00000000e6700000, 0x00000000e6700000|100%| E|CS|TAMS 0x00000000e6600000, 0x00000000e6600000| Complete 
| 103|0x00000000e6700000, 0x00000000e6800000, 0x00000000e6800000|100%| E|CS|TAMS 0x00000000e6700000, 0x00000000e6700000| Complete 
| 104|0x00000000e6800000, 0x00000000e6900000, 0x00000000e6900000|100%| E|CS|TAMS 0x00000000e6800000, 0x00000000e6800000| Complete 
| 105|0x00000000e6900000, 0x00000000e6a00000, 0x00000000e6a00000|100%| E|CS|TAMS 0x00000000e6900000, 0x00000000e6900000| Complete 
| 106|0x00000000e6a00000, 0x00000000e6b00000, 0x00000000e6b00000|100%| E|CS|TAMS 0x00000000e6a00000, 0x00000000e6a00000| Complete 
| 107|0x00000000e6b00000, 0x00000000e6c00000, 0x00000000e6c00000|100%| E|CS|TAMS 0x00000000e6b00000, 0x00000000e6b00000| Complete 
| 108|0x00000000e6c00000, 0x00000000e6d00000, 0x00000000e6d00000|100%| E|CS|TAMS 0x00000000e6c00000, 0x00000000e6c00000| Complete 
| 109|0x00000000e6d00000, 0x00000000e6e00000, 0x00000000e6e00000|100%| E|CS|TAMS 0x00000000e6d00000, 0x00000000e6d00000| Complete 
| 110|0x00000000e6e00000, 0x00000000e6f00000, 0x00000000e6f00000|100%| E|CS|TAMS 0x00000000e6e00000, 0x00000000e6e00000| Complete 
| 111|0x00000000e6f00000, 0x00000000e7000000, 0x00000000e7000000|100%| E|CS|TAMS 0x00000000e6f00000, 0x00000000e6f00000| Complete 
| 112|0x00000000e7000000, 0x00000000e7100000, 0x00000000e7100000|100%| E|CS|TAMS 0x00000000e7000000, 0x00000000e7000000| Complete 
| 113|0x00000000e7100000, 0x00000000e7200000, 0x00000000e7200000|100%| E|CS|TAMS 0x00000000e7100000, 0x00000000e7100000| Complete 
| 114|0x00000000e7200000, 0x00000000e7300000, 0x00000000e7300000|100%| E|CS|TAMS 0x00000000e7200000, 0x00000000e7200000| Complete 
| 115|0x00000000e7300000, 0x00000000e7400000, 0x00000000e7400000|100%| E|CS|TAMS 0x00000000e7300000, 0x00000000e7300000| Complete 
| 116|0x00000000e7400000, 0x00000000e7500000, 0x00000000e7500000|100%| E|CS|TAMS 0x00000000e7400000, 0x00000000e7400000| Complete 
| 117|0x00000000e7500000, 0x00000000e7600000, 0x00000000e7600000|100%| E|CS|TAMS 0x00000000e7500000, 0x00000000e7500000| Complete 
| 118|0x00000000e7600000, 0x00000000e7700000, 0x00000000e7700000|100%| E|CS|TAMS 0x00000000e7600000, 0x00000000e7600000| Complete 
| 119|0x00000000e7700000, 0x00000000e7800000, 0x00000000e7800000|100%| E|CS|TAMS 0x00000000e7700000, 0x00000000e7700000| Complete 

Card table byte_map: [0x00007f6e704fb000,0x00007f6e705fb000] _byte_map_base: 0x00007f6e6fdfb000

Marking Bits (Prev, Next): (CMBitMap*) 0x00007f6e88059090, (CMBitMap*) 0x00007f6e880590d0
 Prev Bits: [0x00007f6e6fbfb000, 0x00007f6e703fb000)
 Next Bits: [0x00007f6e6f3fb000, 0x00007f6e6fbfb000)

Polling page: 0x00007f6e8e070000

Metaspace:

Usage:
  Non-class:     16.32 MB used.
      Class:      2.08 MB used.
       Both:     18.40 MB used.

Virtual space:
  Non-class space:       24.00 MB reserved,      16.44 MB ( 68%) committed,  3 nodes.
      Class space:        1.00 GB reserved,       2.19 MB ( <1%) committed,  1 nodes.
             Both:        1.02 GB reserved,      18.62 MB (  2%) committed. 

Chunk freelists:
   Non-Class:  3.40 MB
       Class:  1.70 MB
        Both:  5.10 MB

MaxMetaspaceSize: unlimited
CompressedClassSpaceSize: 1.00 GB
Initial GC threshold: 21.00 MB
Current GC threshold: 21.00 MB
CDS: off
MetaspaceReclaimPolicy: balanced
 - commit_granule_bytes: 65536.
 - commit_granule_words: 8192.
 - virtual_space_node_default_size: 1048576.
 - enlarge_chunks_in_place: 1.
 - new_chunks_are_fully_committed: 0.
 - uncommit_free_chunks: 1.
 - use_allocation_guard: 0.
 - handle_deallocations: 1.


Internal statistics:

num_allocs_failed_limit: 0.
num_arena_births: 162.
num_arena_deaths: 0.
num_vsnodes_births: 4.
num_vsnodes_deaths: 0.
num_space_committed: 298.
num_space_uncommitted: 0.
num_chunks_returned_to_freelist: 0.
num_chunks_taken_from_freelist: 507.
num_chunk_merges: 0.
num_chunk_splits: 302.
num_chunks_enlarged: 195.
num_purges: 0.
num_inconsistent_stats: 0.

CodeHeap 'non-profiled nmethods': size=120028Kb used=536Kb max_used=536Kb free=119492Kb
 bounds [0x00007f6e786c9000, 0x00007f6e78939000, 0x00007f6e7fc00000]
CodeHeap 'profiled nmethods': size=120028Kb used=2947Kb max_used=2947Kb free=117081Kb
 bounds [0x00007f6e71192000, 0x00007f6e71482000, 0x00007f6e786c9000]
CodeHeap 'non-nmethods': size=5704Kb used=1263Kb max_used=1278Kb free=4440Kb
 bounds [0x00007f6e70c00000, 0x00007f6e70e70000, 0x00007f6e71192000]
 total_blobs=2231 nmethods=1661 adapters=484
 compilation: enabled
              stopped_count=0, restarted_count=0
 full_count=0

Compilation events (20 events):
Event: 0.726 Thread 0x00007f6e8818f370 1648       4       java.util.stream.AbstractPipeline::<init> (55 bytes)
Event: 0.726 Thread 0x00007f6e88190850 nmethod 1653 0x00007f6e71470210 code [0x00007f6e714703c0, 0x00007f6e71470590]
Event: 0.726 Thread 0x00007f6e88190850 1654       3       java.util.regex.Pattern$Slice::match (79 bytes)
Event: 0.727 Thread 0x00007f6e88190850 nmethod 1654 0x00007f6e71470690 code [0x00007f6e71470880, 0x00007f6e71470cf0]
Event: 0.727 Thread 0x00007f6e88190850 1655 %     3       java.util.regex.Matcher::match @ 46 (154 bytes)
Event: 0.727 Thread 0x00007f6e88190850 nmethod 1655% 0x00007f6e71470e90 code [0x00007f6e714710a0, 0x00007f6e714716e0]
Event: 0.727 Thread 0x00007f6e8818f370 nmethod 1648 0x00007f6e7874c990 code [0x00007f6e7874cb00, 0x00007f6e7874cd58]
Event: 0.727 Thread 0x00007f6e8818f370 1651       4       java.util.stream.StreamSupport::stream (19 bytes)
Event: 0.729 Thread 0x00007f6e88190850 1656       3       java.util.regex.Matcher::match (154 bytes)
Event: 0.729 Thread 0x00007f6e88190850 nmethod 1656 0x00007f6e71471990 code [0x00007f6e71471b80, 0x00007f6e71472140]
Event: 0.729 Thread 0x00007f6e8818f370 nmethod 1651 0x00007f6e7874ce10 code [0x00007f6e7874cfa0, 0x00007f6e7874d2f8]
Event: 0.729 Thread 0x00007f6e8818f370 1659       4       java.util.regex.Matcher::match (154 bytes)
Event: 0.732 Thread 0x00007f6e88190850 1662       1       jnr.x86asm.Operand::op (5 bytes)
Event: 0.732 Thread 0x00007f6e88190850 nmethod 1662 0x00007f6e7874d490 code [0x00007f6e7874d620, 0x00007f6e7874d6f0]
Event: 0.732 Thread 0x00007f6e88190850 1663       3       java.lang.reflect.AnnotatedElement::isAnnotationPresent (16 bytes)
Event: 0.732 Thread 0x00007f6e88190850 nmethod 1663 0x00007f6e71472390 code [0x00007f6e71472540, 0x00007f6e71472760]
Event: 0.733 Thread 0x00007f6e88190850 1665       1       jnr.ffi.provider.jffi.SkinnyMethodAdapter::getMethodVisitor (5 bytes)
Event: 0.733 Thread 0x00007f6e88190850 nmethod 1665 0x00007f6e7874d790 code [0x00007f6e7874d920, 0x00007f6e7874d9f0]
Event: 0.733 Thread 0x00007f6e88190850 1666       3       org.objectweb.asm.SymbolTable::get (13 bytes)
Event: 0.733 Thread 0x00007f6e88190850 nmethod 1666 0x00007f6e71472810 code [0x00007f6e714729a0, 0x00007f6e71472af0]

GC Heap History (2 events):
Event: 0.476 GC heap before
{Heap before GC invocations=0 (full 0):
 garbage-first heap   total 122880K, used 23552K [0x00000000e0000000, 0x0000000100000000)
  region size 1024K, 23 young (23552K), 0 survivors (0K)
 Metaspace       used 13611K, committed 13760K, reserved 1064960K
  class space    used 1434K, committed 1536K, reserved 1048576K
}
Event: 0.479 GC heap after
{Heap after GC invocations=1 (full 0):
 garbage-first heap   total 122880K, used 4641K [0x00000000e0000000, 0x0000000100000000)
  region size 1024K, 3 young (3072K), 3 survivors (3072K)
 Metaspace       used 13611K, committed 13760K, reserved 1064960K
  class space    used 1434K, committed 1536K, reserved 1048576K
}

Dll operation events (9 events):
Event: 0.001 Loaded shared library /home/kryo/.jdks/corretto-17.0.5/lib/libjava.so
Event: 0.016 Loaded shared library /home/kryo/.jdks/corretto-17.0.5/lib/libjsvml.so
Event: 0.109 Loaded shared library /home/kryo/.jdks/corretto-17.0.5/lib/libnio.so
Event: 0.133 Loaded shared library /home/kryo/.jdks/corretto-17.0.5/lib/libnet.so
Event: 0.152 Loaded shared library /home/kryo/.jdks/corretto-17.0.5/lib/libzip.so
Event: 0.270 Loaded shared library /home/kryo/.jdks/corretto-17.0.5/lib/libverify.so
Event: 0.273 Loaded shared library /home/kryo/.jdks/corretto-17.0.5/lib/libjimage.so
Event: 0.433 Loaded shared library /home/kryo/.jdks/corretto-17.0.5/lib/libextnet.so
Event: 0.649 Loaded shared library /tmp/jffi7682126348977804207.so

Deoptimization events (20 events):
Event: 0.726 Thread 0x00007f6e88029320 Uncommon trap: trap_request=0xffffffc6 fr.pc=0x00007f6e7874404c relative=0x000000000000028c
Event: 0.726 Thread 0x00007f6e88029320 Uncommon trap: reason=bimorphic_or_optimized_type_check action=maybe_recompile pc=0x00007f6e7874404c method=java.util.regex.Pattern$Slice.match(Ljava/util/regex/Matcher;ILjava/lang/CharSequence;)Z @ 75 c2
Event: 0.726 Thread 0x00007f6e88029320 DEOPT PACKING pc=0x00007f6e7874404c sp=0x00007f6e8dd11620
Event: 0.726 Thread 0x00007f6e88029320 DEOPT UNPACKING pc=0x00007f6e70c55519 sp=0x00007f6e8dd115a0 mode 2
Event: 0.726 Thread 0x00007f6e88029320 Uncommon trap: trap_request=0xffffffc6 fr.pc=0x00007f6e7874404c relative=0x000000000000028c
Event: 0.726 Thread 0x00007f6e88029320 Uncommon trap: reason=bimorphic_or_optimized_type_check action=maybe_recompile pc=0x00007f6e7874404c method=java.util.regex.Pattern$Slice.match(Ljava/util/regex/Matcher;ILjava/lang/CharSequence;)Z @ 75 c2
Event: 0.726 Thread 0x00007f6e88029320 DEOPT PACKING pc=0x00007f6e7874404c sp=0x00007f6e8dd11620
Event: 0.726 Thread 0x00007f6e88029320 DEOPT UNPACKING pc=0x00007f6e70c55519 sp=0x00007f6e8dd115a0 mode 2
Event: 0.726 Thread 0x00007f6e88029320 Uncommon trap: trap_request=0xffffffbe fr.pc=0x00007f6e7874402c relative=0x000000000000026c
Event: 0.726 Thread 0x00007f6e88029320 Uncommon trap: reason=profile_predicate action=maybe_recompile pc=0x00007f6e7874402c method=java.util.regex.Pattern$Slice.match(Ljava/util/regex/Matcher;ILjava/lang/CharSequence;)Z @ 18 c2
Event: 0.726 Thread 0x00007f6e88029320 DEOPT PACKING pc=0x00007f6e7874402c sp=0x00007f6e8dd114d0
Event: 0.726 Thread 0x00007f6e88029320 DEOPT UNPACKING pc=0x00007f6e70c55519 sp=0x00007f6e8dd11460 mode 2
Event: 0.726 Thread 0x00007f6e88029320 Uncommon trap: trap_request=0xffffffbe fr.pc=0x00007f6e7874402c relative=0x000000000000026c
Event: 0.726 Thread 0x00007f6e88029320 Uncommon trap: reason=profile_predicate action=maybe_recompile pc=0x00007f6e7874402c method=java.util.regex.Pattern$Slice.match(Ljava/util/regex/Matcher;ILjava/lang/CharSequence;)Z @ 18 c2
Event: 0.726 Thread 0x00007f6e88029320 DEOPT PACKING pc=0x00007f6e7874402c sp=0x00007f6e8dd114d0
Event: 0.726 Thread 0x00007f6e88029320 DEOPT UNPACKING pc=0x00007f6e70c55519 sp=0x00007f6e8dd11460 mode 2
Event: 0.726 Thread 0x00007f6e88029320 Uncommon trap: trap_request=0xffffffbe fr.pc=0x00007f6e787436b4 relative=0x0000000000000454
Event: 0.726 Thread 0x00007f6e88029320 Uncommon trap: reason=profile_predicate action=maybe_recompile pc=0x00007f6e787436b4 method=java.util.regex.Pattern$Slice.match(Ljava/util/regex/Matcher;ILjava/lang/CharSequence;)Z @ 18 c2
Event: 0.726 Thread 0x00007f6e88029320 DEOPT PACKING pc=0x00007f6e787436b4 sp=0x00007f6e8dd115f0
Event: 0.726 Thread 0x00007f6e88029320 DEOPT UNPACKING pc=0x00007f6e70c55519 sp=0x00007f6e8dd11518 mode 2

Classes unloaded (0 events):
No events

Classes redefined (0 events):
No events

Internal exceptions (20 events):
Event: 0.616 Thread 0x00007f6e88029320 Exception <a 'sun/nio/fs/UnixException'{0x00000000e6e85850}> (0x00000000e6e85850) 
thrown [src/hotspot/share/prims/jni.cpp, line 516]
Event: 0.629 Thread 0x00007f6e88029320 Exception <a 'java/lang/NoSuchMethodError'{0x00000000e6d7e0b0}: 'java.lang.Object java.lang.invoke.DirectMethodHandle$Holder.newInvokeSpecial(java.lang.Object, java.lang.Object, java.lang.Object, java.lang.Object, java.lang.Object, java.lang.Object, java.lang.Object)'> (0x00000000e6d7e0b0) 
thrown [src/hotspot/share/interpreter/linkResolver.cpp, line 759]
Event: 0.630 Thread 0x00007f6e88029320 Exception <a 'java/lang/NoSuchMethodError'{0x00000000e6dd01f8}: 'java.lang.Object java.lang.invoke.Invokers$Holder.linkToTargetMethod(java.lang.Object, java.lang.Object, java.lang.Object, java.lang.Object, java.lang.Object, java.lang.Object, java.lang.Object)'> (0x00000000e6dd01f8) 
thrown [src/hotspot/share/interpreter/linkResolver.cpp, line 759]
Event: 0.630 Thread 0x00007f6e88029320 Exception <a 'java/lang/NoSuchMethodError'{0x00000000e6dd6968}: 'java.lang.Object java.lang.invoke.DirectMethodHandle$Holder.invokeInterface(java.lang.Object, java.lang.Object, java.lang.Object, java.lang.Object, java.lang.Object)'> (0x00000000e6dd6968) 
thrown [src/hotspot/share/interpreter/linkResolver.cpp, line 759]
Event: 0.630 Thread 0x00007f6e88029320 Exception <a 'java/lang/IncompatibleClassChangeError'{0x00000000e6dda760}: Found class java.lang.Object, but interface was expected> (0x00000000e6dda760) 
thrown [src/hotspot/share/interpreter/linkResolver.cpp, line 826]
Event: 0.636 Thread 0x00007f6e88029320 Exception <a 'java/lang/IncompatibleClassChangeError'{0x00000000e6c33990}: Found class java.lang.Object, but interface was expected> (0x00000000e6c33990) 
thrown [src/hotspot/share/interpreter/linkResolver.cpp, line 826]
Event: 0.639 Thread 0x00007f6e88029320 Exception <a 'sun/nio/fs/UnixException'{0x00000000e6c7cd68}> (0x00000000e6c7cd68) 
thrown [src/hotspot/share/prims/jni.cpp, line 516]
Event: 0.639 Thread 0x00007f6e88029320 Exception <a 'sun/nio/fs/UnixException'{0x00000000e6c7da88}> (0x00000000e6c7da88) 
thrown [src/hotspot/share/prims/jni.cpp, line 516]
Event: 0.639 Thread 0x00007f6e88029320 Exception <a 'sun/nio/fs/UnixException'{0x00000000e6c7e7a8}> (0x00000000e6c7e7a8) 
thrown [src/hotspot/share/prims/jni.cpp, line 516]
Event: 0.646 Thread 0x00007f6e88029320 Exception <a 'sun/nio/fs/UnixException'{0x00000000e6b2be48}> (0x00000000e6b2be48) 
thrown [src/hotspot/share/prims/jni.cpp, line 516]
Event: 0.646 Thread 0x00007f6e88029320 Exception <a 'sun/nio/fs/UnixException'{0x00000000e6b2cdb8}> (0x00000000e6b2cdb8) 
thrown [src/hotspot/share/prims/jni.cpp, line 516]
Event: 0.646 Thread 0x00007f6e88029320 Exception <a 'sun/nio/fs/UnixException'{0x00000000e6b2dd20}> (0x00000000e6b2dd20) 
thrown [src/hotspot/share/prims/jni.cpp, line 516]
Event: 0.646 Thread 0x00007f6e88029320 Exception <a 'sun/nio/fs/UnixException'{0x00000000e6b2ec90}> (0x00000000e6b2ec90) 
thrown [src/hotspot/share/prims/jni.cpp, line 516]
Event: 0.646 Thread 0x00007f6e88029320 Exception <a 'sun/nio/fs/UnixException'{0x00000000e6b3d500}> (0x00000000e6b3d500) 
thrown [src/hotspot/share/prims/jni.cpp, line 516]
Event: 0.646 Thread 0x00007f6e88029320 Exception <a 'sun/nio/fs/UnixException'{0x00000000e6b3e490}> (0x00000000e6b3e490) 
thrown [src/hotspot/share/prims/jni.cpp, line 516]
Event: 0.646 Thread 0x00007f6e88029320 Exception <a 'sun/nio/fs/UnixException'{0x00000000e6b3f418}> (0x00000000e6b3f418) 
thrown [src/hotspot/share/prims/jni.cpp, line 516]
Event: 0.646 Thread 0x00007f6e88029320 Exception <a 'sun/nio/fs/UnixException'{0x00000000e6b403a8}> (0x00000000e6b403a8) 
thrown [src/hotspot/share/prims/jni.cpp, line 516]
Event: 0.652 Thread 0x00007f6e88029320 Implicit null exception at 0x00007f6e78712fd4 to 0x00007f6e787135fc
Event: 0.686 Thread 0x00007f6e88029320 Exception <a 'java/lang/UnsatisfiedLinkError'{0x00000000e6740370}: typemapping: cannot open shared object file: No such file or directory> (0x00000000e6740370) 
thrown [src/hotspot/share/prims/jni.cpp, line 535]
Event: 0.726 Thread 0x00007f6e88029320 Exception <a 'java/lang/UnsatisfiedLinkError'{0x00000000e62547f8}: typemapping: cannot open shared object file: No such file or directory> (0x00000000e62547f8) 
thrown [src/hotspot/share/prims/jni.cpp, line 535]

VM Operations (20 events):
Event: 0.350 Executing VM operation: HandshakeAllThreads
Event: 0.350 Executing VM operation: HandshakeAllThreads done
Event: 0.359 Executing VM operation: HandshakeAllThreads
Event: 0.359 Executing VM operation: HandshakeAllThreads done
Event: 0.363 Executing VM operation: ICBufferFull
Event: 0.363 Executing VM operation: ICBufferFull done
Event: 0.394 Executing VM operation: HandshakeAllThreads
Event: 0.394 Executing VM operation: HandshakeAllThreads done
Event: 0.471 Executing VM operation: HandshakeAllThreads
Event: 0.471 Executing VM operation: HandshakeAllThreads done
Event: 0.476 Executing VM operation: G1CollectForAllocation
Event: 0.479 Executing VM operation: G1CollectForAllocation done
Event: 0.482 Executing VM operation: HandshakeAllThreads
Event: 0.482 Executing VM operation: HandshakeAllThreads done
Event: 0.504 Executing VM operation: HandshakeAllThreads
Event: 0.504 Executing VM operation: HandshakeAllThreads done
Event: 0.631 Executing VM operation: HandshakeAllThreads
Event: 0.631 Executing VM operation: HandshakeAllThreads done
Event: 0.677 Executing VM operation: HandshakeAllThreads
Event: 0.677 Executing VM operation: HandshakeAllThreads done

Events (20 events):
Event: 0.702 loading class java/util/IdentityHashMap$EntryIterator$Entry
Event: 0.702 loading class java/util/IdentityHashMap$EntryIterator$Entry done
Event: 0.702 loading class java/lang/Deprecated
Event: 0.702 loading class java/lang/Deprecated done
Event: 0.703 loading class jdk/internal/vm/annotation/IntrinsicCandidate
Event: 0.703 loading class jdk/internal/vm/annotation/IntrinsicCandidate done
Event: 0.706 loading class java/util/Collections$UnmodifiableSortedSet
Event: 0.706 loading class java/util/Collections$UnmodifiableSortedSet done
Event: 0.714 loading class sun/misc/Unsafe
Event: 0.714 loading class sun/misc/Unsafe done
Event: 0.717 loading class java/nio/charset/CharacterCodingException
Event: 0.717 loading class java/nio/charset/CharacterCodingException done
Event: 0.720 loading class java/lang/invoke/MethodHandles$1
Event: 0.720 loading class java/lang/invoke/MethodHandles$1 done
Event: 0.720 loading class java/lang/invoke/BoundMethodHandle$Species_LJ
Event: 0.720 loading class java/lang/invoke/BoundMethodHandle$Species_LJ done
Event: 0.721 loading class java/lang/invoke/BoundMethodHandle$Species_LLLL
Event: 0.721 loading class java/lang/invoke/BoundMethodHandle$Species_LLLL done
Event: 0.723 loading class java/util/stream/SortedOps$RefSortingSink
Event: 0.723 loading class java/util/stream/SortedOps$RefSortingSink done


Dynamic libraries:
e0000000-e7800000 rw-p 00000000 00:00 0 
e7800000-100000000 ---p 00000000 00:00 0 
100000000-100020000 rw-p 00000000 00:00 0 
100020000-100040000 rw-p 00000000 00:00 0 
100040000-1000c0000 rw-p 00000000 00:00 0 
1000c0000-100100000 rw-p 00000000 00:00 0 
100100000-100140000 rw-p 00000000 00:00 0 
100140000-1001c0000 rw-p 00000000 00:00 0 
1001c0000-1001e0000 rw-p 00000000 00:00 0 
1001e0000-100200000 ---p 00000000 00:00 0 
100200000-100250000 rw-p 00000000 00:00 0 
100250000-140000000 ---p 00000000 00:00 0 
556633c00000-556633c01000 r-xp 00000000 103:02 13781622                  /home/kryo/.jdks/corretto-17.0.5/bin/java
556633e01000-556633e02000 r--p 00001000 103:02 13781622                  /home/kryo/.jdks/corretto-17.0.5/bin/java
556633e02000-556633e03000 rw-p 00002000 103:02 13781622                  /home/kryo/.jdks/corretto-17.0.5/bin/java
5566342ae000-5566342f8000 rw-p 00000000 00:00 0                          [heap]
7f6df7800000-7f6df78a0000 rw-p 00000000 00:00 0 
7f6df78a0000-7f6df8000000 ---p 00000000 00:00 0 
7f6df8000000-7f6df8021000 rw-p 00000000 00:00 0 
7f6df8021000-7f6dfc000000 ---p 00000000 00:00 0 
7f6dfc000000-7f6dfc021000 rw-p 00000000 00:00 0 
7f6dfc021000-7f6e00000000 ---p 00000000 00:00 0 
7f6e00000000-7f6e00021000 rw-p 00000000 00:00 0 
7f6e00021000-7f6e04000000 ---p 00000000 00:00 0 
7f6e04000000-7f6e04021000 rw-p 00000000 00:00 0 
7f6e04021000-7f6e08000000 ---p 00000000 00:00 0 
7f6e08000000-7f6e08021000 rw-p 00000000 00:00 0 
7f6e08021000-7f6e0c000000 ---p 00000000 00:00 0 
7f6e0c000000-7f6e0c021000 rw-p 00000000 00:00 0 
7f6e0c021000-7f6e10000000 ---p 00000000 00:00 0 
7f6e10000000-7f6e10021000 rw-p 00000000 00:00 0 
7f6e10021000-7f6e14000000 ---p 00000000 00:00 0 
7f6e14000000-7f6e14021000 rw-p 00000000 00:00 0 
7f6e14021000-7f6e18000000 ---p 00000000 00:00 0 
7f6e18000000-7f6e18021000 rw-p 00000000 00:00 0 
7f6e18021000-7f6e1c000000 ---p 00000000 00:00 0 
7f6e1c000000-7f6e1c069000 rw-p 00000000 00:00 0 
7f6e1c069000-7f6e20000000 ---p 00000000 00:00 0 
7f6e20000000-7f6e20021000 rw-p 00000000 00:00 0 
7f6e20021000-7f6e24000000 ---p 00000000 00:00 0 
7f6e24000000-7f6e24021000 rw-p 00000000 00:00 0 
7f6e24021000-7f6e28000000 ---p 00000000 00:00 0 
7f6e28000000-7f6e28021000 rw-p 00000000 00:00 0 
7f6e28021000-7f6e2c000000 ---p 00000000 00:00 0 
7f6e2c000000-7f6e2c021000 rw-p 00000000 00:00 0 
7f6e2c021000-7f6e30000000 ---p 00000000 00:00 0 
7f6e30000000-7f6e30244000 rw-p 00000000 00:00 0 
7f6e30244000-7f6e34000000 ---p 00000000 00:00 0 
7f6e34000000-7f6e34021000 rw-p 00000000 00:00 0 
7f6e34021000-7f6e38000000 ---p 00000000 00:00 0 
7f6e38000000-7f6e38021000 rw-p 00000000 00:00 0 
7f6e38021000-7f6e3c000000 ---p 00000000 00:00 0 
7f6e3c000000-7f6e3c366000 rw-p 00000000 00:00 0 
7f6e3c366000-7f6e40000000 ---p 00000000 00:00 0 
7f6e40000000-7f6e40021000 rw-p 00000000 00:00 0 
7f6e40021000-7f6e44000000 ---p 00000000 00:00 0 
7f6e44000000-7f6e44021000 rw-p 00000000 00:00 0 
7f6e44021000-7f6e48000000 ---p 00000000 00:00 0 
7f6e48000000-7f6e48021000 rw-p 00000000 00:00 0 
7f6e48021000-7f6e4c000000 ---p 00000000 00:00 0 
7f6e4c000000-7f6e4c021000 rw-p 00000000 00:00 0 
7f6e4c021000-7f6e50000000 ---p 00000000 00:00 0 
7f6e50000000-7f6e50021000 rw-p 00000000 00:00 0 
7f6e50021000-7f6e54000000 ---p 00000000 00:00 0 
7f6e542f0000-7f6e542f1000 ---p 00000000 00:00 0 
7f6e542f1000-7f6e543f2000 rw-p 00000000 00:00 0 
7f6e543f2000-7f6e543f3000 ---p 00000000 00:00 0 
7f6e543f3000-7f6e544f4000 rw-p 00000000 00:00 0 
7f6e544f4000-7f6e544f5000 ---p 00000000 00:00 0 
7f6e544f5000-7f6e545f6000 rw-p 00000000 00:00 0 
7f6e545f6000-7f6e545f7000 ---p 00000000 00:00 0 
7f6e545f7000-7f6e546f8000 rw-p 00000000 00:00 0 
7f6e546f8000-7f6e546f9000 ---p 00000000 00:00 0 
7f6e546f9000-7f6e547fa000 rw-p 00000000 00:00 0 
7f6e547fa000-7f6e547fb000 ---p 00000000 00:00 0 
7f6e547fb000-7f6e548fc000 rw-p 00000000 00:00 0 
7f6e548fc000-7f6e548fd000 ---p 00000000 00:00 0 
7f6e548fd000-7f6e549fe000 rw-p 00000000 00:00 0 
7f6e549fe000-7f6e549ff000 ---p 00000000 00:00 0 
7f6e549ff000-7f6e54b00000 rw-p 00000000 00:00 0 
7f6e54b00000-7f6e54b04000 ---p 00000000 00:00 0 
7f6e54b04000-7f6e54c00000 rw-p 00000000 00:00 0 
7f6e54c00000-7f6e54c02000 r-xp 00000000 103:02 13781567                  /home/kryo/.jdks/corretto-17.0.5/lib/libextnet.so
7f6e54c02000-7f6e54e01000 ---p 00002000 103:02 13781567                  /home/kryo/.jdks/corretto-17.0.5/lib/libextnet.so
7f6e54e01000-7f6e54e02000 r--p 00001000 103:02 13781567                  /home/kryo/.jdks/corretto-17.0.5/lib/libextnet.so
7f6e54e02000-7f6e54e03000 rw-p 00000000 00:00 0 
7f6e54f00000-7f6e54f04000 ---p 00000000 00:00 0 
7f6e54f04000-7f6e55100000 rw-p 00000000 00:00 0 
7f6e55100000-7f6e55180000 rw-p 00000000 00:00 0 
7f6e55180000-7f6e55300000 rw-p 00000000 00:00 0 
7f6e55300000-7f6e55380000 rw-p 00000000 00:00 0 
7f6e55380000-7f6e55400000 rw-p 00000000 00:00 0 
7f6e55400000-7f6e55500000 rw-p 00000000 00:00 0 
7f6e55500000-7f6e555d0000 rw-p 00000000 00:00 0 
7f6e555d0000-7f6e55600000 ---p 00000000 00:00 0 
7f6e55600000-7f6e55800000 rw-p 00000000 00:00 0 
7f6e55800000-7f6e5580d000 r-xp 00000000 103:02 13781525                  /home/kryo/.jdks/corretto-17.0.5/lib/libverify.so
7f6e5580d000-7f6e55a0c000 ---p 0000d000 103:02 13781525                  /home/kryo/.jdks/corretto-17.0.5/lib/libverify.so
7f6e55a0c000-7f6e55a0e000 r--p 0000c000 103:02 13781525                  /home/kryo/.jdks/corretto-17.0.5/lib/libverify.so
7f6e55a0e000-7f6e55a0f000 rw-p 00000000 00:00 0 
7f6e55b00000-7f6e55b04000 ---p 00000000 00:00 0 
7f6e55b04000-7f6e55c00000 rw-p 00000000 00:00 0 
7f6e55c00000-7f6e55c1a000 r-xp 00000000 103:02 13781526                  /home/kryo/.jdks/corretto-17.0.5/lib/libzip.so
7f6e55c1a000-7f6e55e1a000 ---p 0001a000 103:02 13781526                  /home/kryo/.jdks/corretto-17.0.5/lib/libzip.so
7f6e55e1a000-7f6e55e1b000 r--p 0001a000 103:02 13781526                  /home/kryo/.jdks/corretto-17.0.5/lib/libzip.so
7f6e55e1b000-7f6e55e1c000 rw-p 00000000 00:00 0 
7f6e55efe000-7f6e55eff000 ---p 00000000 00:00 0 
7f6e55eff000-7f6e56000000 rw-p 00000000 00:00 0 
7f6e56000000-7f6e56014000 r-xp 00000000 103:02 13781523                  /home/kryo/.jdks/corretto-17.0.5/lib/libnet.so
7f6e56014000-7f6e56214000 ---p 00014000 103:02 13781523                  /home/kryo/.jdks/corretto-17.0.5/lib/libnet.so
7f6e56214000-7f6e56215000 r--p 00014000 103:02 13781523                  /home/kryo/.jdks/corretto-17.0.5/lib/libnet.so
7f6e56215000-7f6e56216000 rw-p 00015000 103:02 13781523                  /home/kryo/.jdks/corretto-17.0.5/lib/libnet.so
7f6e56300000-7f6e56304000 ---p 00000000 00:00 0 
7f6e56304000-7f6e56400000 rw-p 00000000 00:00 0 
7f6e56400000-7f6e56412000 r-xp 00000000 103:02 13781524                  /home/kryo/.jdks/corretto-17.0.5/lib/libnio.so
7f6e56412000-7f6e56611000 ---p 00012000 103:02 13781524                  /home/kryo/.jdks/corretto-17.0.5/lib/libnio.so
7f6e56611000-7f6e56612000 r--p 00011000 103:02 13781524                  /home/kryo/.jdks/corretto-17.0.5/lib/libnio.so
7f6e56612000-7f6e56613000 rw-p 00012000 103:02 13781524                  /home/kryo/.jdks/corretto-17.0.5/lib/libnio.so
7f6e56700000-7f6e56704000 ---p 00000000 00:00 0 
7f6e56704000-7f6e56800000 rw-p 00000000 00:00 0 
7f6e56800000-7f6e56804000 ---p 00000000 00:00 0 
7f6e56804000-7f6e56900000 rw-p 00000000 00:00 0 
7f6e56900000-7f6e56904000 ---p 00000000 00:00 0 
7f6e56904000-7f6e56a00000 rw-p 00000000 00:00 0 
7f6e56a00000-7f6e56a04000 ---p 00000000 00:00 0 
7f6e56a04000-7f6e56b00000 rw-p 00000000 00:00 0 
7f6e56b00000-7f6e56b04000 ---p 00000000 00:00 0 
7f6e56b04000-7f6e56c00000 rw-p 00000000 00:00 0 
7f6e56c00000-7f6e56c04000 ---p 00000000 00:00 0 
7f6e56c04000-7f6e56d00000 rw-p 00000000 00:00 0 
7f6e56d00000-7f6e56d04000 ---p 00000000 00:00 0 
7f6e56d04000-7f6e56e00000 rw-p 00000000 00:00 0 
7f6e56e00000-7f6e57751000 r--p 00000000 103:02 10747977                  /usr/lib/locale/locale-archive
7f6e57800000-7f6e57c00000 rw-p 00000000 00:00 0 
7f6e57c00000-7f6e57c20000 rw-p 00000000 00:00 0 
7f6e57c20000-7f6e57c40000 rw-p 00000000 00:00 0 
7f6e57c40000-7f6e57c80000 rw-p 00000000 00:00 0 
7f6e57c80000-7f6e57d00000 rw-p 00000000 00:00 0 
7f6e57d00000-7f6e57f00000 rw-p 00000000 00:00 0 
7f6e57f00000-7f6e57f80000 rw-p 00000000 00:00 0 
7f6e57f80000-7f6e58000000 rw-p 00000000 00:00 0 
7f6e58000000-7f6e58021000 rw-p 00000000 00:00 0 
7f6e58021000-7f6e5c000000 ---p 00000000 00:00 0 
7f6e5c000000-7f6e5c021000 rw-p 00000000 00:00 0 
7f6e5c021000-7f6e60000000 ---p 00000000 00:00 0 
7f6e60000000-7f6e60021000 rw-p 00000000 00:00 0 
7f6e60021000-7f6e64000000 ---p 00000000 00:00 0 
7f6e64000000-7f6e64021000 rw-p 00000000 00:00 0 
7f6e64021000-7f6e68000000 ---p 00000000 00:00 0 
7f6e68000000-7f6e68021000 rw-p 00000000 00:00 0 
7f6e68021000-7f6e6c000000 ---p 00000000 00:00 0 
7f6e6c0fe000-7f6e6c102000 ---p 00000000 00:00 0 
7f6e6c102000-7f6e6c1fe000 rw-p 00000000 00:00 0 
7f6e6c1fe000-7f6e6c202000 ---p 00000000 00:00 0 
7f6e6c202000-7f6e6c2fe000 rw-p 00000000 00:00 0 
7f6e6c2fe000-7f6e6c2ff000 ---p 00000000 00:00 0 
7f6e6c2ff000-7f6e6c400000 rw-p 00000000 00:00 0 
7f6e6c400000-7f6e6c4ce000 r-xp 00000000 103:02 13781560                  /home/kryo/.jdks/corretto-17.0.5/lib/libjsvml.so
7f6e6c4ce000-7f6e6c6cd000 ---p 000ce000 103:02 13781560                  /home/kryo/.jdks/corretto-17.0.5/lib/libjsvml.so
7f6e6c6cd000-7f6e6c6ce000 r--p 000cd000 103:02 13781560                  /home/kryo/.jdks/corretto-17.0.5/lib/libjsvml.so
7f6e6c6ce000-7f6e6c6cf000 rw-p 000ce000 103:02 13781560                  /home/kryo/.jdks/corretto-17.0.5/lib/libjsvml.so
7f6e6c6e9000-7f6e6c6ea000 ---p 00000000 00:00 0 
7f6e6c6ea000-7f6e6c7eb000 rw-p 00000000 00:00 0 
7f6e6c7eb000-7f6e6c7ec000 ---p 00000000 00:00 0 
7f6e6c7ec000-7f6e6f0f5000 rw-p 00000000 00:00 0 
7f6e6f0f5000-7f6e6f0f6000 ---p 00000000 00:00 0 
7f6e6f0f6000-7f6e6f1f7000 rw-p 00000000 00:00 0 
7f6e6f1f7000-7f6e6f1f8000 ---p 00000000 00:00 0 
7f6e6f1f8000-7f6e6f2f9000 rw-p 00000000 00:00 0 
7f6e6f2f9000-7f6e6f2fa000 ---p 00000000 00:00 0 
7f6e6f2fa000-7f6e6f5db000 rw-p 00000000 00:00 0 
7f6e6f5db000-7f6e6fbfb000 ---p 00000000 00:00 0 
7f6e6fbfb000-7f6e6fddb000 rw-p 00000000 00:00 0 
7f6e6fddb000-7f6e703fb000 ---p 00000000 00:00 0 
7f6e703fb000-7f6e70437000 rw-p 00000000 00:00 0 
7f6e70437000-7f6e704fb000 ---p 00000000 00:00 0 
7f6e704fb000-7f6e70537000 rw-p 00000000 00:00 0 
7f6e70537000-7f6e705fb000 ---p 00000000 00:00 0 
7f6e705fb000-7f6e70637000 rw-p 00000000 00:00 0 
7f6e70637000-7f6e706fb000 ---p 00000000 00:00 0 
7f6e706fb000-7f6e70c00000 rw-p 00000000 00:00 0 
7f6e70c00000-7f6e70e70000 rwxp 00000000 00:00 0 
7f6e70e70000-7f6e71192000 ---p 00000000 00:00 0 
7f6e71192000-7f6e71482000 rwxp 00000000 00:00 0 
7f6e71482000-7f6e786c9000 ---p 00000000 00:00 0 
7f6e786c9000-7f6e78939000 rwxp 00000000 00:00 0 
7f6e78939000-7f6e7fc00000 ---p 00000000 00:00 0 
7f6e7fc00000-7f6e7fc24000 r-xp 00000000 103:02 13781519                  /home/kryo/.jdks/corretto-17.0.5/lib/libjava.so
7f6e7fc24000-7f6e7fe23000 ---p 00024000 103:02 13781519                  /home/kryo/.jdks/corretto-17.0.5/lib/libjava.so
7f6e7fe23000-7f6e7fe24000 r--p 00023000 103:02 13781519                  /home/kryo/.jdks/corretto-17.0.5/lib/libjava.so
7f6e7fe24000-7f6e7fe25000 rw-p 00024000 103:02 13781519                  /home/kryo/.jdks/corretto-17.0.5/lib/libjava.so
7f6e7fe25000-7f6e7fe26000 rw-p 00000000 00:00 0 
7f6e7feff000-7f6e80000000 rw-p 00000000 00:00 0 
7f6e80000000-7f6e87b75000 r--s 00000000 103:02 13781513                  /home/kryo/.jdks/corretto-17.0.5/lib/modules
7f6e87c00000-7f6e87c1b000 r-xp 00000000 103:02 13781520                  /home/kryo/.jdks/corretto-17.0.5/lib/libjimage.so
7f6e87c1b000-7f6e87e1a000 ---p 0001b000 103:02 13781520                  /home/kryo/.jdks/corretto-17.0.5/lib/libjimage.so
7f6e87e1a000-7f6e87e1c000 r--p 0001a000 103:02 13781520                  /home/kryo/.jdks/corretto-17.0.5/lib/libjimage.so
7f6e87e1c000-7f6e87e1d000 rw-p 0001c000 103:02 13781520                  /home/kryo/.jdks/corretto-17.0.5/lib/libjimage.so
7f6e87e61000-7f6e87e68000 r--p 00000000 103:02 11541832                  /tmp/jffi7682126348977804207.so (deleted)
7f6e87e68000-7f6e87e78000 r-xp 00007000 103:02 11541832                  /tmp/jffi7682126348977804207.so (deleted)
7f6e87e78000-7f6e87e7c000 r--p 00017000 103:02 11541832                  /tmp/jffi7682126348977804207.so (deleted)
7f6e87e7c000-7f6e87e7d000 r--p 0001a000 103:02 11541832                  /tmp/jffi7682126348977804207.so (deleted)
7f6e87e7d000-7f6e87e7e000 rw-p 0001b000 103:02 11541832                  /tmp/jffi7682126348977804207.so (deleted)
7f6e87e7e000-7f6e88000000 rw-p 00000000 00:00 0 
7f6e88000000-7f6e88887000 rw-p 00000000 00:00 0 
7f6e88887000-7f6e8c000000 ---p 00000000 00:00 0 
7f6e8c014000-7f6e8c11a000 rw-p 00000000 00:00 0 
7f6e8c11a000-7f6e8c200000 ---p 00000000 00:00 0 
7f6e8c200000-7f6e8d4ea000 r-xp 00000000 103:02 13781532                  /home/kryo/.jdks/corretto-17.0.5/lib/server/libjvm.so
7f6e8d4ea000-7f6e8d6e9000 ---p 012ea000 103:02 13781532                  /home/kryo/.jdks/corretto-17.0.5/lib/server/libjvm.so
7f6e8d6e9000-7f6e8d7a2000 r--p 012e9000 103:02 13781532                  /home/kryo/.jdks/corretto-17.0.5/lib/server/libjvm.so
7f6e8d7a2000-7f6e8d7d7000 rw-p 013a2000 103:02 13781532                  /home/kryo/.jdks/corretto-17.0.5/lib/server/libjvm.so
7f6e8d7d7000-7f6e8d831000 rw-p 00000000 00:00 0 
7f6e8d848000-7f6e8d91b000 rw-p 00000000 00:00 0 
7f6e8d91b000-7f6e8da00000 ---p 00000000 00:00 0 
7f6e8da00000-7f6e8da22000 r--p 00000000 103:02 10753348                  /usr/lib/x86_64-linux-gnu/libc.so.6
7f6e8da22000-7f6e8db9b000 r-xp 00022000 103:02 10753348                  /usr/lib/x86_64-linux-gnu/libc.so.6
7f6e8db9b000-7f6e8dbf2000 r--p 0019b000 103:02 10753348                  /usr/lib/x86_64-linux-gnu/libc.so.6
7f6e8dbf2000-7f6e8dbf6000 r--p 001f1000 103:02 10753348                  /usr/lib/x86_64-linux-gnu/libc.so.6
7f6e8dbf6000-7f6e8dbf8000 rw-p 001f5000 103:02 10753348                  /usr/lib/x86_64-linux-gnu/libc.so.6
7f6e8dbf8000-7f6e8dc05000 rw-p 00000000 00:00 0 
7f6e8dc17000-7f6e8dc1b000 ---p 00000000 00:00 0 
7f6e8dc1b000-7f6e8dd17000 rw-p 00000000 00:00 0 
7f6e8dd17000-7f6e8dd25000 r--p 00000000 103:02 10753684                  /usr/lib/x86_64-linux-gnu/libm.so.6
7f6e8dd25000-7f6e8dda3000 r-xp 0000e000 103:02 10753684                  /usr/lib/x86_64-linux-gnu/libm.so.6
7f6e8dda3000-7f6e8ddfe000 r--p 0008c000 103:02 10753684                  /usr/lib/x86_64-linux-gnu/libm.so.6
7f6e8ddfe000-7f6e8ddff000 r--p 000e6000 103:02 10753684                  /usr/lib/x86_64-linux-gnu/libm.so.6
7f6e8ddff000-7f6e8de00000 rw-p 000e7000 103:02 10753684                  /usr/lib/x86_64-linux-gnu/libm.so.6
7f6e8de00000-7f6e8de19000 r-xp 00000000 103:02 13781521                  /home/kryo/.jdks/corretto-17.0.5/lib/libjli.so
7f6e8de19000-7f6e8e018000 ---p 00019000 103:02 13781521                  /home/kryo/.jdks/corretto-17.0.5/lib/libjli.so
7f6e8e018000-7f6e8e019000 r--p 00018000 103:02 13781521                  /home/kryo/.jdks/corretto-17.0.5/lib/libjli.so
7f6e8e019000-7f6e8e01a000 rw-p 00019000 103:02 13781521                  /home/kryo/.jdks/corretto-17.0.5/lib/libjli.so
7f6e8e01a000-7f6e8e01c000 r-xp 00000000 00:00 0 
7f6e8e01c000-7f6e8e01d000 r--p 00000000 103:02 6417                      /home/kryo/Desktop/meshchat/client/src/main/resources/libtypemapping.so
7f6e8e01d000-7f6e8e01f000 r-xp 00001000 103:02 6417                      /home/kryo/Desktop/meshchat/client/src/main/resources/libtypemapping.so
7f6e8e01f000-7f6e8e020000 r--p 00003000 103:02 6417                      /home/kryo/Desktop/meshchat/client/src/main/resources/libtypemapping.so
7f6e8e020000-7f6e8e021000 r--p 00003000 103:02 6417                      /home/kryo/Desktop/meshchat/client/src/main/resources/libtypemapping.so
7f6e8e021000-7f6e8e022000 rw-p 00004000 103:02 6417                      /home/kryo/Desktop/meshchat/client/src/main/resources/libtypemapping.so
7f6e8e022000-7f6e8e029000 r--s 00000000 103:02 11411331                  /usr/lib/x86_64-linux-gnu/gconv/gconv-modules.cache
7f6e8e029000-7f6e8e04b000 rw-p 00000000 00:00 0 
7f6e8e04b000-7f6e8e04c000 r--p 00000000 103:02 10754228                  /usr/lib/x86_64-linux-gnu/librt.so.1
7f6e8e04c000-7f6e8e04d000 r-xp 00001000 103:02 10754228                  /usr/lib/x86_64-linux-gnu/librt.so.1
7f6e8e04d000-7f6e8e04e000 r--p 00002000 103:02 10754228                  /usr/lib/x86_64-linux-gnu/librt.so.1
7f6e8e04e000-7f6e8e04f000 r--p 00002000 103:02 10754228                  /usr/lib/x86_64-linux-gnu/librt.so.1
7f6e8e04f000-7f6e8e050000 rw-p 00003000 103:02 10754228                  /usr/lib/x86_64-linux-gnu/librt.so.1
7f6e8e050000-7f6e8e052000 rw-p 00000000 00:00 0 
7f6e8e052000-7f6e8e053000 r--p 00000000 103:02 10753530                  /usr/lib/x86_64-linux-gnu/libdl.so.2
7f6e8e053000-7f6e8e054000 r-xp 00001000 103:02 10753530                  /usr/lib/x86_64-linux-gnu/libdl.so.2
7f6e8e054000-7f6e8e055000 r--p 00002000 103:02 10753530                  /usr/lib/x86_64-linux-gnu/libdl.so.2
7f6e8e055000-7f6e8e056000 r--p 00002000 103:02 10753530                  /usr/lib/x86_64-linux-gnu/libdl.so.2
7f6e8e056000-7f6e8e057000 rw-p 00003000 103:02 10753530                  /usr/lib/x86_64-linux-gnu/libdl.so.2
7f6e8e057000-7f6e8e058000 r--p 00000000 103:02 10754169                  /usr/lib/x86_64-linux-gnu/libpthread.so.0
7f6e8e058000-7f6e8e059000 r-xp 00001000 103:02 10754169                  /usr/lib/x86_64-linux-gnu/libpthread.so.0
7f6e8e059000-7f6e8e05a000 r--p 00002000 103:02 10754169                  /usr/lib/x86_64-linux-gnu/libpthread.so.0
7f6e8e05a000-7f6e8e05b000 r--p 00002000 103:02 10754169                  /usr/lib/x86_64-linux-gnu/libpthread.so.0
7f6e8e05b000-7f6e8e05c000 rw-p 00003000 103:02 10754169                  /usr/lib/x86_64-linux-gnu/libpthread.so.0
7f6e8e05c000-7f6e8e061000 rw-p 00000000 00:00 0 
7f6e8e061000-7f6e8e068000 ---p 00000000 00:00 0 
7f6e8e068000-7f6e8e070000 rw-s 00000000 103:02 11541820                  /tmp/hsperfdata_kryo/177545
7f6e8e070000-7f6e8e071000 ---p 00000000 00:00 0 
7f6e8e071000-7f6e8e072000 r--p 00000000 00:00 0 
7f6e8e072000-7f6e8e073000 ---p 00000000 00:00 0 
7f6e8e073000-7f6e8e075000 rw-p 00000000 00:00 0 
7f6e8e075000-7f6e8e076000 r--p 00000000 103:02 10748695                  /usr/lib/x86_64-linux-gnu/ld-linux-x86-64.so.2
7f6e8e076000-7f6e8e09f000 r-xp 00001000 103:02 10748695                  /usr/lib/x86_64-linux-gnu/ld-linux-x86-64.so.2
7f6e8e09f000-7f6e8e0a9000 r--p 0002a000 103:02 10748695                  /usr/lib/x86_64-linux-gnu/ld-linux-x86-64.so.2
7f6e8e0a9000-7f6e8e0ab000 r--p 00034000 103:02 10748695                  /usr/lib/x86_64-linux-gnu/ld-linux-x86-64.so.2
7f6e8e0ab000-7f6e8e0ad000 rw-p 00036000 103:02 10748695                  /usr/lib/x86_64-linux-gnu/ld-linux-x86-64.so.2
7ffff3010000-7ffff3032000 rw-p 00000000 00:00 0                          [stack]
7ffff303d000-7ffff3041000 r--p 00000000 00:00 0                          [vvar]
7ffff3041000-7ffff3043000 r-xp 00000000 00:00 0                          [vdso]
ffffffffff600000-ffffffffff601000 --xp 00000000 00:00 0                  [vsyscall]


VM Arguments:
jvm_args: -Dorg.gradle.internal.worker.tmpdir=/home/kryo/Desktop/meshchat/client/build/tmp/test/work -Dorg.gradle.native=false --module-path=/home/kryo/Desktop/meshchat/client/build/classes/java/test:/home/kryo/Desktop/meshchat/client/build/resources/test:/home/kryo/Desktop/meshchat/client/build/classes/java/main:/home/kryo/Desktop/meshchat/client/build/resources/main:/home/kryo/.gradle/caches/modules-2/files-2.1/org.openjfx/javafx-fxml/17.0.2/1c65c10f9656d7d6c1424d4711cc56a9ee99220d/javafx-fxml-17.0.2-linux.jar:/home/kryo/.gradle/caches/modules-2/files-2.1/org.openjfx/javafx-controls/17.0.2/c39c919f987496f86f04babacf2dd27d2bdb263e/javafx-controls-17.0.2-linux.jar:/home/kryo/.gradle/caches/modules-2/files-2.1/org.openjfx/javafx-controls/17.0.2/f52640ea07a0d7fe2ac8b9f945ec58fa22ac1afd/javafx-controls-17.0.2.jar:/home/kryo/.gradle/caches/modules-2/files-2.1/org.openjfx/javafx-graphics/17.0.2/ac7e322130657d7ac694d1aa32799d32c02a12c9/javafx-graphics-17.0.2-linux.jar:/home/kryo/.gradle/caches/modules-2/files-2.1/org.openjfx/javafx-graphics/17.0.2/1eb7ce07e07ccc2fcb26103f07535e72069519d6/javafx-graphics-17.0.2.jar:/home/kryo/.gradle/caches/modules-2/files-2.1/org.openjfx/javafx-base/17.0.2/710e894e37e7027340e9697d29a11e024d3bd7ae/javafx-base-17.0.2-linux.jar:/home/kryo/.gradle/caches/modules-2/files-2.1/org.openjfx/javafx-base/17.0.2/ca46f15a306175ac1513211e1d190a5baacd77cc/javafx-base-17.0.2.jar:/home/kryo/.gradle/caches/modules-2/files-2.1/org.controlsfx/controlsfx/11.1.1/d303c563c23d5176346e8d05932afbec421060ae/controlsfx-11.1.1.jar:/home/kryo/.gradle/caches/modules-2/files-2.1/org.kordamp.bootstrapfx/bootstrapfx-core/0.4.0/8d019b30266c00770cf29921d1008ad7feed0ed6/bootstrapfx-core-0.4.0.jar:/home/kryo/.gradle/caches/modules-2/files-2.1/com.github.jnr/jnr-ffi/2.2.13/3d2c01e80845af089c77c742922344388d9bdc75/jnr-ffi-2.2.13.jar:/home/kryo/.gradle/caches/modules-2/files-2.1/org.junit.jupiter/junit-jupiter-engine/5.8.2/c598b4328d2f397194d11df3b1648d68d7d990e3/junit-jupiter-engine-5.8.2.jar:/home/kryo/.gradle/caches/modules-2/files-2.1/org.junit.platform/junit-platform-engine/1.8.2/b737de09f19864bd1--patch-module=com.meshchat.client=/home/kryo/Desktop/meshchat/client/build/classes/java/test:/home/kryo/Desktop/meshchat/client/build/resources/main:/home/kryo/Desktop/meshchat/client/build/resources/test --add-modules=ALL-MODULE-PATH --add-reads=com.meshchat.client=org.junit.platform.commons --add-opens=com.meshchat.client/com.meshchat.client.experiments=ALL-UNNAMED --add-exports=org.junit.platform.commons/org.junit.platform.commons.util=ALL-UNNAMED --add-exports=org.junit.platform.commons/org.junit.platform.commons.logging=ALL-UNNAMED --add-reads=com.meshchat.client=org.junit.jupiter.params --add-opens=com.meshchat.client/com.meshchat.client.experiments=org.junit.platform.commons --add-reads=com.meshchat.client=org.junit.platform.engine --add-opens=com.meshchat.client/com.meshchat.client.experiments=ALL-UNNAMED --add-exports=org.junit.platform.engine/org.junit.platform.engine.support.filter=org.junit.jupiter.engine,ALL-UNNAMED --add-reads=com.meshchat.client=org.junit.jupiter.api --add-opens=com.meshchat.client/com.meshchat.client.experiments=org.junit.platform.commons --add-reads=com.meshchat.client=org.junit.jupiter.engine --add-opens=com.meshchat.client/com.meshchat.client.experiments=ALL-UNNAMED -Xmx512m -Dfile.encoding=UTF-8 -Duser.country=US -Duser.language=en -Duser.variant -ea 
java_command: worker.org.gradle.process.internal.worker.GradleWorkerMain 'Gradle Test Executor 16'
java_class_path (initial): /home/kryo/.gradle/caches/7.5.1/workerMain/gradle-worker.jar
Launcher Type: SUN_STANDARD

[Global flags]
     intx CICompilerCount                          = 4                                         {product} {ergonomic}
     uint ConcGCThreads                            = 2                                         {product} {ergonomic}
     uint G1ConcRefinementThreads                  = 8                                         {product} {ergonomic}
   size_t G1HeapRegionSize                         = 1048576                                   {product} {ergonomic}
    uintx GCDrainStackTargetSize                   = 64                                        {product} {ergonomic}
   size_t InitialHeapSize                          = 125829120                                 {product} {ergonomic}
   size_t MarkStackSize                            = 4194304                                   {product} {ergonomic}
   size_t MaxHeapSize                              = 536870912                                 {product} {command line}
   size_t MaxNewSize                               = 321912832                                 {product} {ergonomic}
   size_t MinHeapDeltaBytes                        = 1048576                                   {product} {ergonomic}
   size_t MinHeapSize                              = 8388608                                   {product} {ergonomic}
    uintx NonNMethodCodeHeapSize                   = 5839372                                {pd product} {ergonomic}
    uintx NonProfiledCodeHeapSize                  = 122909434                              {pd product} {ergonomic}
    uintx ProfiledCodeHeapSize                     = 122909434                              {pd product} {ergonomic}
    uintx ReservedCodeCacheSize                    = 251658240                              {pd product} {ergonomic}
     bool SegmentedCodeCache                       = true                                      {product} {ergonomic}
   size_t SoftMaxHeapSize                          = 536870912                              {manageable} {ergonomic}
     bool UseCompressedClassPointers               = true                           {product lp64_product} {ergonomic}
     bool UseCompressedOops                        = true                           {product lp64_product} {ergonomic}
     bool UseG1GC                                  = true                                      {product} {ergonomic}

Logging:
Log output configuration:
 #0: stdout all=warning uptime,level,tags
 #1: stderr all=off uptime,level,tags

Environment Variables:
PATH=/home/kryo/emsdk:/home/kryo/emsdk/upstream/emscripten:/home/kryo/emsdk/node/14.18.2_64bit/bin:/home/kryo/.cargo/bin:/usr/local/sbin:/usr/local/bin:/usr/sbin:/usr/bin:/sbin:/bin:/usr/games:/usr/local/games:/snap/bin
USERNAME=kryo
SHELL=/usr/bin/zsh
DISPLAY=:0
LANG=en_US.UTF-8
LC_NUMERIC=en_US.UTF-8
LC_TIME=en_US.UTF-8

Signal Handlers:
   SIGSEGV: crash_handler in libjvm.so, mask=11100100010111111101111111111110, flags=SA_RESTART|SA_SIGINFO
    SIGBUS: crash_handler in libjvm.so, mask=11100100010111111101111111111110, flags=SA_RESTART|SA_SIGINFO
    SIGFPE: crash_handler in libjvm.so, mask=11100100010111111101111111111110, flags=SA_RESTART|SA_SIGINFO
   SIGPIPE: javaSignalHandler in libjvm.so, mask=11100100010111111101111111111110, flags=SA_RESTART|SA_SIGINFO
   SIGXFSZ: javaSignalHandler in libjvm.so, mask=11100100010111111101111111111110, flags=SA_RESTART|SA_SIGINFO
    SIGILL: crash_handler in libjvm.so, mask=11100100010111111101111111111110, flags=SA_RESTART|SA_SIGINFO
   SIGUSR2: SR_handler in libjvm.so, mask=00100000000000000000000000000000, flags=SA_RESTART|SA_SIGINFO
    SIGHUP: UserHandler in libjvm.so, mask=11100100010111111101111111111110, flags=SA_RESTART|SA_SIGINFO
    SIGINT: UserHandler in libjvm.so, mask=11100100010111111101111111111110, flags=SA_RESTART|SA_SIGINFO
   SIGTERM: UserHandler in libjvm.so, mask=11100100010111111101111111111110, flags=SA_RESTART|SA_SIGINFO
   SIGQUIT: UserHandler in libjvm.so, mask=11100100010111111101111111111110, flags=SA_RESTART|SA_SIGINFO
  *** Handler was modified!
  *** Expected: javaSignalHandler in libjvm.so, mask=11100100110111111111111111111110, flags=SA_RESTART|SA_SIGINFO
   SIGTRAP: crash_handler in libjvm.so, mask=11100100010111111101111111111110, flags=SA_RESTART|SA_SIGINFO


---------------  S Y S T E M  ---------------

OS:
DISTRIB_ID=Ubuntu
DISTRIB_RELEASE=22.10
DISTRIB_CODENAME=kinetic
DISTRIB_DESCRIPTION="Ubuntu 22.10"
uname: Linux 5.19.0-26-generic #27-Ubuntu SMP PREEMPT_DYNAMIC Wed Nov 23 20:44:15 UTC 2022 x86_64
OS uptime: 1 days 9:16 hours
libc: glibc 2.36 NPTL 2.36 
rlimit (soft/hard): STACK 8192k/infinity , CORE 0k/infinity , NPROC 30376/30376 , NOFILE 1048576/1048576 , AS infinity/infinity , CPU infinity/infinity , DATA infinity/infinity , FSIZE infinity/infinity , MEMLOCK 982040k/982040k
load average: 4.31 2.72 2.21

/proc/meminfo:
MemTotal:        7856320 kB
MemFree:          123552 kB
MemAvailable:     575436 kB
Buffers:           13216 kB
Cached:          1389128 kB
SwapCached:       196524 kB
Active:          2973880 kB
Inactive:        3841964 kB
Active(anon):    2575944 kB
Inactive(anon):  3656004 kB
Active(file):     397936 kB
Inactive(file):   185960 kB
Unevictable:       81684 kB
Mlocked:             212 kB
SwapTotal:       8004604 kB
SwapFree:        2114708 kB
Zswap:                 0 kB
Zswapped:              0 kB
Dirty:              1636 kB
Writeback:             0 kB
AnonPages:       5303556 kB
Mapped:           477868 kB
Shmem:            818220 kB
KReclaimable:     177264 kB
Slab:             517808 kB
SReclaimable:     177264 kB
SUnreclaim:       340544 kB
KernelStack:       39536 kB
PageTables:       110304 kB
NFS_Unstable:          0 kB
Bounce:                0 kB
WritebackTmp:          0 kB
CommitLimit:    11932764 kB
Committed_AS:   30050772 kB
VmallocTotal:   34359738367 kB
VmallocUsed:      137636 kB
VmallocChunk:          0 kB
Percpu:            11072 kB
HardwareCorrupted:     0 kB
AnonHugePages:      4096 kB
ShmemHugePages:        0 kB
ShmemPmdMapped:        0 kB
FileHugePages:         0 kB
FilePmdMapped:         0 kB
HugePages_Total:       0
HugePages_Free:        0
HugePages_Rsvd:        0
HugePages_Surp:        0
Hugepagesize:       2048 kB
Hugetlb:               0 kB
DirectMap4k:      913672 kB
DirectMap2M:     7190528 kB
DirectMap1G:           0 kB

/sys/kernel/mm/transparent_hugepage/enabled: always [madvise] never
/sys/kernel/mm/transparent_hugepage/defrag (defrag/compaction efforts parameter): always defer defer+madvise [madvise] never

Process Memory:
Virtual Size: 4032300K (peak: 4032300K)
Resident Set Size: 90732K (peak: 90732K) (anon: 71652K, file: 19080K, shmem: 0K)
Swapped out: 0K
C-Heap outstanding allocations: 35346K, retained: 5002K
glibc malloc tunables: (default)

/proc/sys/kernel/threads-max (system-wide limit on the number of threads): 60753
/proc/sys/vm/max_map_count (maximum number of memory map areas a process may have): 65530
/proc/sys/kernel/pid_max (system-wide limit on number of process identifiers): 4194304

container (cgroup) information:
container_type: cgroupv2
cpu_cpuset_cpus: not supported
cpu_memory_nodes: not supported
active_processor_count: 8
cpu_quota: not supported
cpu_period: not supported
cpu_shares: not supported
memory_limit_in_bytes: unlimited
memory_and_swap_limit_in_bytes: unlimited
memory_soft_limit_in_bytes: unlimited
memory_usage_in_bytes: 3010468 k
memory_max_usage_in_bytes: not supported
maximum number of tasks: 9112
current number of tasks: 538

Steal ticks since vm start: 0
Steal ticks percentage since vm start:  0.000

CPU: total 8 (initial active 8) (4 cores per cpu, 2 threads per core) family 6 model 140 stepping 1 microcode 0xa4, cx8, cmov, fxsr, ht, mmx, 3dnowpref, sse, sse2, sse3, ssse3, sse4.1, sse4.2, popcnt, lzcnt, tsc, tscinvbit, avx, avx2, aes, erms, clmul, bmi1, bmi2, adx, avx512f, avx512dq, avx512cd, avx512bw, avx512vl, sha, fma, vzeroupper, avx512_vpopcntdq, avx512_vpclmulqdq, avx512_vaes, avx512_vnni, clflush, clflushopt, clwb, avx512_vbmi2, avx512_vbmi
CPU Model and flags from /proc/cpuinfo:
model name	: 11th Gen Intel(R) Core(TM) i5-1135G7 @ 2.40GHz
flags		: fpu vme de pse tsc msr pae mce cx8 apic sep mtrr pge mca cmov pat pse36 clflush dts acpi mmx fxsr sse sse2 ss ht tm pbe syscall nx pdpe1gb rdtscp lm constant_tsc art arch_perfmon pebs bts rep_good nopl xtopology nonstop_tsc cpuid aperfmperf tsc_known_freq pni pclmulqdq dtes64 monitor ds_cpl est tm2 ssse3 sdbg fma cx16 xtpr pdcm pcid sse4_1 sse4_2 x2apic movbe popcnt tsc_deadline_timer aes xsave avx f16c rdrand lahf_lm abm 3dnowprefetch cpuid_fault epb cat_l2 invpcid_single cdp_l2 ssbd ibrs ibpb stibp ibrs_enhanced fsgsbase tsc_adjust bmi1 avx2 smep bmi2 erms invpcid rdt_a avx512f avx512dq rdseed adx smap avx512ifma clflushopt clwb intel_pt avx512cd sha_ni avx512bw avx512vl xsaveopt xsavec xgetbv1 xsaves split_lock_detect dtherm ida arat pln pts hwp hwp_notify hwp_act_window hwp_epp hwp_pkg_req avx512vbmi umip pku ospke avx512_vbmi2 gfni vaes vpclmulqdq avx512_vnni avx512_bitalg avx512_vpopcntdq rdpid movdiri movdir64b fsrm avx512_vp2intersect md_clear ibt flush_l1d arch_capabilities

Online cpus: 0-7
Offline cpus: 
BIOS frequency limitation: <Not Available>
Frequency switch latency (ns): 0
Available cpu frequencies: <Not Available>
Current governor: powersave
Core performance/turbo boost: <Not Available>

Memory: 4k page, physical 7856320k(125092k free), swap 8004604k(2114708k free)
Page Sizes: 4k

vm_info: OpenJDK 64-Bit Server VM (17.0.5+8-LTS) for linux-amd64 JRE (17.0.5+8-LTS), built on Oct 13 2022 05:01:28 by "jenkins" with gcc 7.3.1 20180303 (Red Hat 7.3.1-5)

END.
